running egg_info
creating ../../build/niluo_topic/niluo_topic.egg-info
writing ../../build/niluo_topic/niluo_topic.egg-info/PKG-INFO
writing dependency_links to ../../build/niluo_topic/niluo_topic.egg-info/dependency_links.txt
writing entry points to ../../build/niluo_topic/niluo_topic.egg-info/entry_points.txt
writing requirements to ../../build/niluo_topic/niluo_topic.egg-info/requires.txt
writing top-level names to ../../build/niluo_topic/niluo_topic.egg-info/top_level.txt
writing manifest file '../../build/niluo_topic/niluo_topic.egg-info/SOURCES.txt'
reading manifest file '../../build/niluo_topic/niluo_topic.egg-info/SOURCES.txt'
adding license file 'LICENSE'
writing manifest file '../../build/niluo_topic/niluo_topic.egg-info/SOURCES.txt'
running build
running build_py
creating /home/interstellar/face_detect/detect_ws/build/niluo_topic/build
creating /home/interstellar/face_detect/detect_ws/build/niluo_topic/build/lib
creating /home/interstellar/face_detect/detect_ws/build/niluo_topic/build/lib/niluo_topic
copying niluo_topic/__init__.py -> /home/interstellar/face_detect/detect_ws/build/niluo_topic/build/lib/niluo_topic
copying niluo_topic/student.py -> /home/interstellar/face_detect/detect_ws/build/niluo_topic/build/lib/niluo_topic
copying niluo_topic/niluo.py -> /home/interstellar/face_detect/detect_ws/build/niluo_topic/build/lib/niluo_topic
running install
running install_lib
creating /home/interstellar/face_detect/detect_ws/install/niluo_topic/lib/python3.10/site-packages/niluo_topic
copying /home/interstellar/face_detect/detect_ws/build/niluo_topic/build/lib/niluo_topic/__init__.py -> /home/interstellar/face_detect/detect_ws/install/niluo_topic/lib/python3.10/site-packages/niluo_topic
copying /home/interstellar/face_detect/detect_ws/build/niluo_topic/build/lib/niluo_topic/student.py -> /home/interstellar/face_detect/detect_ws/install/niluo_topic/lib/python3.10/site-packages/niluo_topic
copying /home/interstellar/face_detect/detect_ws/build/niluo_topic/build/lib/niluo_topic/niluo.py -> /home/interstellar/face_detect/detect_ws/install/niluo_topic/lib/python3.10/site-packages/niluo_topic
byte-compiling /home/interstellar/face_detect/detect_ws/install/niluo_topic/lib/python3.10/site-packages/niluo_topic/__init__.py to __init__.cpython-310.pyc
byte-compiling /home/interstellar/face_detect/detect_ws/install/niluo_topic/lib/python3.10/site-packages/niluo_topic/student.py to student.cpython-310.pyc
byte-compiling /home/interstellar/face_detect/detect_ws/install/niluo_topic/lib/python3.10/site-packages/niluo_topic/niluo.py to niluo.cpython-310.pyc
running install_data
creating /home/interstellar/face_detect/detect_ws/install/niluo_topic/share/ament_index
creating /home/interstellar/face_detect/detect_ws/install/niluo_topic/share/ament_index/resource_index
creating /home/interstellar/face_detect/detect_ws/install/niluo_topic/share/ament_index/resource_index/packages
copying resource/niluo_topic -> /home/interstellar/face_detect/detect_ws/install/niluo_topic/share/ament_index/resource_index/packages
copying package.xml -> /home/interstellar/face_detect/detect_ws/install/niluo_topic/share/niluo_topic
running install_egg_info
Copying ../../build/niluo_topic/niluo_topic.egg-info to /home/interstellar/face_detect/detect_ws/install/niluo_topic/lib/python3.10/site-packages/niluo_topic-0.0.0-py3.10.egg-info
running install_scripts
Installing niluo script to /home/interstellar/face_detect/detect_ws/install/niluo_topic/lib/niluo_topic
Installing student script to /home/interstellar/face_detect/detect_ws/install/niluo_topic/lib/niluo_topic
writing list of installed files to '/home/interstellar/face_detect/detect_ws/build/niluo_topic/install.log'
