[1.741s] Invoking command in '/home/interstellar/face_detect/detect_ws/src/py_server': CMAKE_PREFIX_PATH=/home/interstellar/face_detect/detect_ws/install/server_demo:/home/interstellar/face_detect/detect_ws/install/cpp_service PYTHONPATH=/home/interstellar/face_detect/detect_ws/build/py_server/prefix_override:/usr/lib/python3/dist-packages/colcon_core/task/python/colcon_distutils_commands:/home/interstellar/face_detect/detect_ws/install/py_server/lib/python3.10/site-packages:${PYTHONPATH} /usr/bin/python3 -W ignore:setup.py install is deprecated setup.py egg_info --egg-base ../../build/py_server build --build-base /home/interstellar/face_detect/detect_ws/build/py_server/build install --record /home/interstellar/face_detect/detect_ws/build/py_server/install.log --single-version-externally-managed install_data
[2.416s] running egg_info
[2.417s] writing ../../build/py_server/py_server.egg-info/PKG-INFO
[2.418s] writing dependency_links to ../../build/py_server/py_server.egg-info/dependency_links.txt
[2.419s] writing entry points to ../../build/py_server/py_server.egg-info/entry_points.txt
[2.420s] writing requirements to ../../build/py_server/py_server.egg-info/requires.txt
[2.420s] writing top-level names to ../../build/py_server/py_server.egg-info/top_level.txt
[2.425s] reading manifest file '../../build/py_server/py_server.egg-info/SOURCES.txt'
[2.427s] writing manifest file '../../build/py_server/py_server.egg-info/SOURCES.txt'
[2.429s] running build
[2.429s] running build_py
[2.429s] copying py_server/server_py.py -> /home/interstellar/face_detect/detect_ws/build/py_server/build/lib/py_server
[2.430s] copying py_server/client_py.py -> /home/interstellar/face_detect/detect_ws/build/py_server/build/lib/py_server
[2.430s] running install
[2.432s] running install_lib
[2.433s] copying /home/interstellar/face_detect/detect_ws/build/py_server/build/lib/py_server/server_py.py -> /home/interstellar/face_detect/detect_ws/install/py_server/lib/python3.10/site-packages/py_server
[2.433s] copying /home/interstellar/face_detect/detect_ws/build/py_server/build/lib/py_server/client_py.py -> /home/interstellar/face_detect/detect_ws/install/py_server/lib/python3.10/site-packages/py_server
[2.436s] byte-compiling /home/interstellar/face_detect/detect_ws/install/py_server/lib/python3.10/site-packages/py_server/server_py.py to server_py.cpython-310.pyc
[2.438s] byte-compiling /home/interstellar/face_detect/detect_ws/install/py_server/lib/python3.10/site-packages/py_server/client_py.py to client_py.cpython-310.pyc
[2.439s] running install_data
[2.440s] running install_egg_info
[2.445s] removing '/home/interstellar/face_detect/detect_ws/install/py_server/lib/python3.10/site-packages/py_server-0.0.0-py3.10.egg-info' (and everything under it)
[2.445s] Copying ../../build/py_server/py_server.egg-info to /home/interstellar/face_detect/detect_ws/install/py_server/lib/python3.10/site-packages/py_server-0.0.0-py3.10.egg-info
[2.447s] running install_scripts
[2.503s] Installing client_py script to /home/interstellar/face_detect/detect_ws/install/py_server/lib/py_server
[2.504s] Installing server_py script to /home/interstellar/face_detect/detect_ws/install/py_server/lib/py_server
[2.505s] writing list of installed files to '/home/interstellar/face_detect/detect_ws/build/py_server/install.log'
[2.552s] Invoked command in '/home/interstellar/face_detect/detect_ws/src/py_server' returned '0': CMAKE_PREFIX_PATH=/home/interstellar/face_detect/detect_ws/install/server_demo:/home/interstellar/face_detect/detect_ws/install/cpp_service PYTHONPATH=/home/interstellar/face_detect/detect_ws/build/py_server/prefix_override:/usr/lib/python3/dist-packages/colcon_core/task/python/colcon_distutils_commands:/home/interstellar/face_detect/detect_ws/install/py_server/lib/python3.10/site-packages:${PYTHONPATH} /usr/bin/python3 -W ignore:setup.py install is deprecated setup.py egg_info --egg-base ../../build/py_server build --build-base /home/interstellar/face_detect/detect_ws/build/py_server/build install --record /home/interstellar/face_detect/detect_ws/build/py_server/install.log --single-version-externally-managed install_data
