[0.298s] DEBUG:colcon:Command line arguments: ['/usr/bin/colcon', 'build', '--packages-select', 'py_server']
[0.298s] DEBUG:colcon:Parsed command line arguments: Namespace(log_base=None, log_level=None, verb_name='build', build_base='build', install_base='install', merge_install=False, symlink_install=False, test_result_base=None, continue_on_error=False, executor='parallel', parallel_workers=4, event_handlers=None, ignore_user_meta=False, metas=['./colcon.meta'], base_paths=['.'], packages_ignore=None, packages_ignore_regex=None, paths=None, packages_up_to=None, packages_up_to_regex=None, packages_above=None, packages_above_and_dependencies=None, packages_above_depth=None, packages_select_by_dep=None, packages_skip_by_dep=None, packages_skip_up_to=None, packages_select_build_failed=False, packages_skip_build_finished=False, packages_select_test_failures=False, packages_skip_test_passed=False, packages_select=['py_server'], packages_skip=None, packages_select_regex=None, packages_skip_regex=None, packages_start=None, packages_end=None, allow_overriding=[], cmake_args=None, cmake_target=None, cmake_target_skip_unavailable=False, cmake_clean_cache=False, cmake_clean_first=False, cmake_force_configure=False, ament_cmake_args=None, catkin_cmake_args=None, catkin_skip_building_tests=False, verb_parser=<colcon_defaults.argument_parser.defaults.DefaultArgumentsDecorator object at 0x766ad7b34a00>, verb_extension=<colcon_core.verb.build.BuildVerb object at 0x766ad7b34490>, main=<bound method BuildVerb.main of <colcon_core.verb.build.BuildVerb object at 0x766ad7b34490>>)
[0.811s] Level 1:colcon.colcon_core.package_discovery:discover_packages(colcon_meta) check parameters
[0.811s] Level 1:colcon.colcon_core.package_discovery:discover_packages(recursive) check parameters
[0.811s] Level 1:colcon.colcon_core.package_discovery:discover_packages(ignore) check parameters
[0.811s] Level 1:colcon.colcon_core.package_discovery:discover_packages(path) check parameters
[0.811s] Level 1:colcon.colcon_core.package_discovery:discover_packages(colcon_meta) discover
[0.812s] Level 1:colcon.colcon_core.package_discovery:discover_packages(recursive) discover
[0.812s] INFO:colcon.colcon_core.package_discovery:Crawling recursively for packages in '/home/interstellar/face_detect/detect_ws'
[0.812s] Level 1:colcon.colcon_core.package_identification:_identify(.) by extensions ['ignore', 'ignore_ament_install']
[0.813s] Level 1:colcon.colcon_core.package_identification:_identify(.) by extension 'ignore'
[0.813s] Level 1:colcon.colcon_core.package_identification:_identify(.) by extension 'ignore_ament_install'
[0.813s] Level 1:colcon.colcon_core.package_identification:_identify(.) by extensions ['colcon_pkg']
[0.813s] Level 1:colcon.colcon_core.package_identification:_identify(.) by extension 'colcon_pkg'
[0.813s] Level 1:colcon.colcon_core.package_identification:_identify(.) by extensions ['colcon_meta']
[0.813s] Level 1:colcon.colcon_core.package_identification:_identify(.) by extension 'colcon_meta'
[0.813s] Level 1:colcon.colcon_core.package_identification:_identify(.) by extensions ['ros']
[0.814s] Level 1:colcon.colcon_core.package_identification:_identify(.) by extension 'ros'
[0.848s] Level 1:colcon.colcon_core.package_identification:_identify(.) by extensions ['cmake', 'python']
[0.848s] Level 1:colcon.colcon_core.package_identification:_identify(.) by extension 'cmake'
[0.849s] Level 1:colcon.colcon_core.package_identification:_identify(.) by extension 'python'
[0.849s] Level 1:colcon.colcon_core.package_identification:_identify(.) by extensions ['python_setup_py']
[0.849s] Level 1:colcon.colcon_core.package_identification:_identify(.) by extension 'python_setup_py'
[0.849s] Level 1:colcon.colcon_core.package_identification:_identify(build) by extensions ['ignore', 'ignore_ament_install']
[0.849s] Level 1:colcon.colcon_core.package_identification:_identify(build) by extension 'ignore'
[0.850s] Level 1:colcon.colcon_core.package_identification:_identify(build) ignored
[0.850s] Level 1:colcon.colcon_core.package_identification:_identify(images) by extensions ['ignore', 'ignore_ament_install']
[0.851s] Level 1:colcon.colcon_core.package_identification:_identify(images) by extension 'ignore'
[0.851s] Level 1:colcon.colcon_core.package_identification:_identify(images) by extension 'ignore_ament_install'
[0.851s] Level 1:colcon.colcon_core.package_identification:_identify(images) by extensions ['colcon_pkg']
[0.851s] Level 1:colcon.colcon_core.package_identification:_identify(images) by extension 'colcon_pkg'
[0.851s] Level 1:colcon.colcon_core.package_identification:_identify(images) by extensions ['colcon_meta']
[0.851s] Level 1:colcon.colcon_core.package_identification:_identify(images) by extension 'colcon_meta'
[0.851s] Level 1:colcon.colcon_core.package_identification:_identify(images) by extensions ['ros']
[0.851s] Level 1:colcon.colcon_core.package_identification:_identify(images) by extension 'ros'
[0.852s] Level 1:colcon.colcon_core.package_identification:_identify(images) by extensions ['cmake', 'python']
[0.852s] Level 1:colcon.colcon_core.package_identification:_identify(images) by extension 'cmake'
[0.852s] Level 1:colcon.colcon_core.package_identification:_identify(images) by extension 'python'
[0.852s] Level 1:colcon.colcon_core.package_identification:_identify(images) by extensions ['python_setup_py']
[0.852s] Level 1:colcon.colcon_core.package_identification:_identify(images) by extension 'python_setup_py'
[0.852s] Level 1:colcon.colcon_core.package_identification:_identify(install) by extensions ['ignore', 'ignore_ament_install']
[0.852s] Level 1:colcon.colcon_core.package_identification:_identify(install) by extension 'ignore'
[0.853s] Level 1:colcon.colcon_core.package_identification:_identify(install) ignored
[0.853s] Level 1:colcon.colcon_core.package_identification:_identify(log) by extensions ['ignore', 'ignore_ament_install']
[0.854s] Level 1:colcon.colcon_core.package_identification:_identify(log) by extension 'ignore'
[0.854s] Level 1:colcon.colcon_core.package_identification:_identify(log) ignored
[0.855s] Level 1:colcon.colcon_core.package_identification:_identify(src) by extensions ['ignore', 'ignore_ament_install']
[0.855s] Level 1:colcon.colcon_core.package_identification:_identify(src) by extension 'ignore'
[0.855s] Level 1:colcon.colcon_core.package_identification:_identify(src) by extension 'ignore_ament_install'
[0.855s] Level 1:colcon.colcon_core.package_identification:_identify(src) by extensions ['colcon_pkg']
[0.856s] Level 1:colcon.colcon_core.package_identification:_identify(src) by extension 'colcon_pkg'
[0.856s] Level 1:colcon.colcon_core.package_identification:_identify(src) by extensions ['colcon_meta']
[0.856s] Level 1:colcon.colcon_core.package_identification:_identify(src) by extension 'colcon_meta'
[0.856s] Level 1:colcon.colcon_core.package_identification:_identify(src) by extensions ['ros']
[0.856s] Level 1:colcon.colcon_core.package_identification:_identify(src) by extension 'ros'
[0.856s] Level 1:colcon.colcon_core.package_identification:_identify(src) by extensions ['cmake', 'python']
[0.856s] Level 1:colcon.colcon_core.package_identification:_identify(src) by extension 'cmake'
[0.856s] Level 1:colcon.colcon_core.package_identification:_identify(src) by extension 'python'
[0.857s] Level 1:colcon.colcon_core.package_identification:_identify(src) by extensions ['python_setup_py']
[0.857s] Level 1:colcon.colcon_core.package_identification:_identify(src) by extension 'python_setup_py'
[0.857s] Level 1:colcon.colcon_core.package_identification:_identify(src/cpp_service) by extensions ['ignore', 'ignore_ament_install']
[0.857s] Level 1:colcon.colcon_core.package_identification:_identify(src/cpp_service) by extension 'ignore'
[0.858s] Level 1:colcon.colcon_core.package_identification:_identify(src/cpp_service) by extension 'ignore_ament_install'
[0.858s] Level 1:colcon.colcon_core.package_identification:_identify(src/cpp_service) by extensions ['colcon_pkg']
[0.858s] Level 1:colcon.colcon_core.package_identification:_identify(src/cpp_service) by extension 'colcon_pkg'
[0.858s] Level 1:colcon.colcon_core.package_identification:_identify(src/cpp_service) by extensions ['colcon_meta']
[0.858s] Level 1:colcon.colcon_core.package_identification:_identify(src/cpp_service) by extension 'colcon_meta'
[0.858s] Level 1:colcon.colcon_core.package_identification:_identify(src/cpp_service) by extensions ['ros']
[0.858s] Level 1:colcon.colcon_core.package_identification:_identify(src/cpp_service) by extension 'ros'
[0.864s] DEBUG:colcon.colcon_core.package_identification:Package 'src/cpp_service' with type 'ros.ament_cmake' and name 'cpp_service'
[0.865s] Level 1:colcon.colcon_core.package_identification:_identify(src/py_server) by extensions ['ignore', 'ignore_ament_install']
[0.865s] Level 1:colcon.colcon_core.package_identification:_identify(src/py_server) by extension 'ignore'
[0.865s] Level 1:colcon.colcon_core.package_identification:_identify(src/py_server) by extension 'ignore_ament_install'
[0.865s] Level 1:colcon.colcon_core.package_identification:_identify(src/py_server) by extensions ['colcon_pkg']
[0.865s] Level 1:colcon.colcon_core.package_identification:_identify(src/py_server) by extension 'colcon_pkg'
[0.865s] Level 1:colcon.colcon_core.package_identification:_identify(src/py_server) by extensions ['colcon_meta']
[0.866s] Level 1:colcon.colcon_core.package_identification:_identify(src/py_server) by extension 'colcon_meta'
[0.866s] Level 1:colcon.colcon_core.package_identification:_identify(src/py_server) by extensions ['ros']
[0.866s] Level 1:colcon.colcon_core.package_identification:_identify(src/py_server) by extension 'ros'
[0.868s] DEBUG:colcon.colcon_core.package_identification:Package 'src/py_server' with type 'ros.ament_python' and name 'py_server'
[0.869s] Level 1:colcon.colcon_core.package_identification:_identify(src/server_demo) by extensions ['ignore', 'ignore_ament_install']
[0.869s] Level 1:colcon.colcon_core.package_identification:_identify(src/server_demo) by extension 'ignore'
[0.869s] Level 1:colcon.colcon_core.package_identification:_identify(src/server_demo) by extension 'ignore_ament_install'
[0.869s] Level 1:colcon.colcon_core.package_identification:_identify(src/server_demo) by extensions ['colcon_pkg']
[0.869s] Level 1:colcon.colcon_core.package_identification:_identify(src/server_demo) by extension 'colcon_pkg'
[0.870s] Level 1:colcon.colcon_core.package_identification:_identify(src/server_demo) by extensions ['colcon_meta']
[0.870s] Level 1:colcon.colcon_core.package_identification:_identify(src/server_demo) by extension 'colcon_meta'
[0.870s] Level 1:colcon.colcon_core.package_identification:_identify(src/server_demo) by extensions ['ros']
[0.870s] Level 1:colcon.colcon_core.package_identification:_identify(src/server_demo) by extension 'ros'
[0.872s] DEBUG:colcon.colcon_core.package_identification:Package 'src/server_demo' with type 'ros.ament_cmake' and name 'server_demo'
[0.872s] Level 1:colcon.colcon_core.package_identification:_identify(yolo_model) by extensions ['ignore', 'ignore_ament_install']
[0.872s] Level 1:colcon.colcon_core.package_identification:_identify(yolo_model) by extension 'ignore'
[0.872s] Level 1:colcon.colcon_core.package_identification:_identify(yolo_model) by extension 'ignore_ament_install'
[0.873s] Level 1:colcon.colcon_core.package_identification:_identify(yolo_model) by extensions ['colcon_pkg']
[0.873s] Level 1:colcon.colcon_core.package_identification:_identify(yolo_model) by extension 'colcon_pkg'
[0.873s] Level 1:colcon.colcon_core.package_identification:_identify(yolo_model) by extensions ['colcon_meta']
[0.873s] Level 1:colcon.colcon_core.package_identification:_identify(yolo_model) by extension 'colcon_meta'
[0.873s] Level 1:colcon.colcon_core.package_identification:_identify(yolo_model) by extensions ['ros']
[0.873s] Level 1:colcon.colcon_core.package_identification:_identify(yolo_model) by extension 'ros'
[0.873s] Level 1:colcon.colcon_core.package_identification:_identify(yolo_model) by extensions ['cmake', 'python']
[0.873s] Level 1:colcon.colcon_core.package_identification:_identify(yolo_model) by extension 'cmake'
[0.873s] Level 1:colcon.colcon_core.package_identification:_identify(yolo_model) by extension 'python'
[0.873s] Level 1:colcon.colcon_core.package_identification:_identify(yolo_model) by extensions ['python_setup_py']
[0.874s] Level 1:colcon.colcon_core.package_identification:_identify(yolo_model) by extension 'python_setup_py'
[0.874s] Level 1:colcon.colcon_core.package_discovery:discover_packages(recursive) using defaults
[0.874s] Level 1:colcon.colcon_core.package_discovery:discover_packages(ignore) discover
[0.874s] Level 1:colcon.colcon_core.package_discovery:discover_packages(ignore) using defaults
[0.874s] Level 1:colcon.colcon_core.package_discovery:discover_packages(path) discover
[0.874s] Level 1:colcon.colcon_core.package_discovery:discover_packages(path) using defaults
[0.930s] INFO:colcon.colcon_core.package_selection:Skipping not selected package 'server_demo' in 'src/server_demo'
[0.930s] INFO:colcon.colcon_core.package_selection:Skipping not selected package 'cpp_service' in 'src/cpp_service'
[0.931s] Level 1:colcon.colcon_core.package_discovery:discover_packages(prefix_path) check parameters
[0.931s] Level 1:colcon.colcon_core.package_discovery:discover_packages(prefix_path) discover
[0.936s] DEBUG:colcon.colcon_installed_package_information.package_discovery:Found 3 installed packages in /home/interstellar/face_detect/detect_ws/install
[0.939s] DEBUG:colcon.colcon_installed_package_information.package_discovery:Found 270 installed packages in /opt/ros/humble
[0.945s] Level 1:colcon.colcon_core.package_discovery:discover_packages(prefix_path) using defaults
[1.084s] Level 5:colcon.colcon_core.verb:set package 'py_server' build argument 'cmake_args' from command line to 'None'
[1.084s] Level 5:colcon.colcon_core.verb:set package 'py_server' build argument 'cmake_target' from command line to 'None'
[1.084s] Level 5:colcon.colcon_core.verb:set package 'py_server' build argument 'cmake_target_skip_unavailable' from command line to 'False'
[1.084s] Level 5:colcon.colcon_core.verb:set package 'py_server' build argument 'cmake_clean_cache' from command line to 'False'
[1.084s] Level 5:colcon.colcon_core.verb:set package 'py_server' build argument 'cmake_clean_first' from command line to 'False'
[1.084s] Level 5:colcon.colcon_core.verb:set package 'py_server' build argument 'cmake_force_configure' from command line to 'False'
[1.084s] Level 5:colcon.colcon_core.verb:set package 'py_server' build argument 'ament_cmake_args' from command line to 'None'
[1.084s] Level 5:colcon.colcon_core.verb:set package 'py_server' build argument 'catkin_cmake_args' from command line to 'None'
[1.085s] Level 5:colcon.colcon_core.verb:set package 'py_server' build argument 'catkin_skip_building_tests' from command line to 'False'
[1.085s] DEBUG:colcon.colcon_core.verb:Building package 'py_server' with the following arguments: {'ament_cmake_args': None, 'build_base': '/home/interstellar/face_detect/detect_ws/build/py_server', 'catkin_cmake_args': None, 'catkin_skip_building_tests': False, 'cmake_args': None, 'cmake_clean_cache': False, 'cmake_clean_first': False, 'cmake_force_configure': False, 'cmake_target': None, 'cmake_target_skip_unavailable': False, 'install_base': '/home/interstellar/face_detect/detect_ws/install/py_server', 'merge_install': False, 'path': '/home/interstellar/face_detect/detect_ws/src/py_server', 'symlink_install': False, 'test_result_base': None}
[1.085s] INFO:colcon.colcon_core.executor:Executing jobs using 'parallel' executor
[1.089s] DEBUG:colcon.colcon_parallel_executor.executor.parallel:run_until_complete
[1.090s] INFO:colcon.colcon_ros.task.ament_python.build:Building ROS package in '/home/interstellar/face_detect/detect_ws/src/py_server' with build type 'ament_python'
[1.090s] Level 1:colcon.colcon_core.shell:create_environment_hook('py_server', 'ament_prefix_path')
[1.097s] INFO:colcon.colcon_core.plugin_system:Skipping extension 'colcon_core.shell.bat': Not used on non-Windows systems
[1.097s] INFO:colcon.colcon_core.shell:Creating environment hook '/home/interstellar/face_detect/detect_ws/install/py_server/share/py_server/hook/ament_prefix_path.ps1'
[1.099s] INFO:colcon.colcon_core.shell:Creating environment descriptor '/home/interstellar/face_detect/detect_ws/install/py_server/share/py_server/hook/ament_prefix_path.dsv'
[1.101s] INFO:colcon.colcon_core.shell:Creating environment hook '/home/interstellar/face_detect/detect_ws/install/py_server/share/py_server/hook/ament_prefix_path.sh'
[1.103s] INFO:colcon.colcon_core.shell:Skip shell extension 'powershell' for command environment: Not usable outside of PowerShell
[1.103s] DEBUG:colcon.colcon_core.shell:Skip shell extension 'dsv' for command environment
[1.822s] INFO:colcon.colcon_core.task.python.build:Building Python package in '/home/interstellar/face_detect/detect_ws/src/py_server'
[1.823s] INFO:colcon.colcon_core.shell:Skip shell extension 'powershell' for command environment: Not usable outside of PowerShell
[1.823s] DEBUG:colcon.colcon_core.shell:Skip shell extension 'dsv' for command environment
[2.799s] DEBUG:colcon.colcon_core.event_handler.log_command:Invoking command in '/home/interstellar/face_detect/detect_ws/src/py_server': CMAKE_PREFIX_PATH=/home/interstellar/face_detect/detect_ws/install/server_demo:/home/interstellar/face_detect/detect_ws/install/cpp_service PYTHONPATH=/home/interstellar/face_detect/detect_ws/build/py_server/prefix_override:/usr/lib/python3/dist-packages/colcon_core/task/python/colcon_distutils_commands:/home/interstellar/face_detect/detect_ws/install/py_server/lib/python3.10/site-packages:${PYTHONPATH} /usr/bin/python3 -W ignore:setup.py install is deprecated setup.py egg_info --egg-base ../../build/py_server build --build-base /home/interstellar/face_detect/detect_ws/build/py_server/build install --record /home/interstellar/face_detect/detect_ws/build/py_server/install.log --single-version-externally-managed install_data
[3.583s] DEBUG:colcon.colcon_core.event_handler.log_command:Invoked command in '/home/interstellar/face_detect/detect_ws/src/py_server' returned '0': CMAKE_PREFIX_PATH=/home/interstellar/face_detect/detect_ws/install/server_demo:/home/interstellar/face_detect/detect_ws/install/cpp_service PYTHONPATH=/home/interstellar/face_detect/detect_ws/build/py_server/prefix_override:/usr/lib/python3/dist-packages/colcon_core/task/python/colcon_distutils_commands:/home/interstellar/face_detect/detect_ws/install/py_server/lib/python3.10/site-packages:${PYTHONPATH} /usr/bin/python3 -W ignore:setup.py install is deprecated setup.py egg_info --egg-base ../../build/py_server build --build-base /home/interstellar/face_detect/detect_ws/build/py_server/build install --record /home/interstellar/face_detect/detect_ws/build/py_server/install.log --single-version-externally-managed install_data
[3.590s] Level 1:colcon.colcon_core.environment:checking '/home/interstellar/face_detect/detect_ws/install/py_server' for CMake module files
[3.591s] Level 1:colcon.colcon_core.environment:checking '/home/interstellar/face_detect/detect_ws/install/py_server' for CMake config files
[3.593s] Level 1:colcon.colcon_core.environment:checking '/home/interstellar/face_detect/detect_ws/install/py_server/lib'
[3.593s] Level 1:colcon.colcon_core.environment:checking '/home/interstellar/face_detect/detect_ws/install/py_server/bin'
[3.594s] Level 1:colcon.colcon_core.environment:checking '/home/interstellar/face_detect/detect_ws/install/py_server/lib/pkgconfig/py_server.pc'
[3.594s] Level 1:colcon.colcon_core.environment:checking '/home/interstellar/face_detect/detect_ws/install/py_server/lib/python3.10/site-packages'
[3.594s] Level 1:colcon.colcon_core.shell:create_environment_hook('py_server', 'pythonpath')
[3.595s] INFO:colcon.colcon_core.shell:Creating environment hook '/home/interstellar/face_detect/detect_ws/install/py_server/share/py_server/hook/pythonpath.ps1'
[3.596s] INFO:colcon.colcon_core.shell:Creating environment descriptor '/home/interstellar/face_detect/detect_ws/install/py_server/share/py_server/hook/pythonpath.dsv'
[3.597s] INFO:colcon.colcon_core.shell:Creating environment hook '/home/interstellar/face_detect/detect_ws/install/py_server/share/py_server/hook/pythonpath.sh'
[3.600s] Level 1:colcon.colcon_core.environment:checking '/home/interstellar/face_detect/detect_ws/install/py_server/bin'
[3.600s] Level 1:colcon.colcon_core.environment:create_environment_scripts_only(py_server)
[3.601s] INFO:colcon.colcon_core.shell:Creating package script '/home/interstellar/face_detect/detect_ws/install/py_server/share/py_server/package.ps1'
[3.603s] INFO:colcon.colcon_core.shell:Creating package descriptor '/home/interstellar/face_detect/detect_ws/install/py_server/share/py_server/package.dsv'
[3.604s] INFO:colcon.colcon_core.shell:Creating package script '/home/interstellar/face_detect/detect_ws/install/py_server/share/py_server/package.sh'
[3.606s] INFO:colcon.colcon_core.shell:Creating package script '/home/interstellar/face_detect/detect_ws/install/py_server/share/py_server/package.bash'
[3.608s] INFO:colcon.colcon_core.shell:Creating package script '/home/interstellar/face_detect/detect_ws/install/py_server/share/py_server/package.zsh'
[3.611s] Level 1:colcon.colcon_core.environment:create_file_with_runtime_dependencies(/home/interstellar/face_detect/detect_ws/install/py_server/share/colcon-core/packages/py_server)
[3.612s] DEBUG:colcon.colcon_parallel_executor.executor.parallel:closing loop
[3.612s] DEBUG:colcon.colcon_parallel_executor.executor.parallel:loop closed
[3.613s] DEBUG:colcon.colcon_parallel_executor.executor.parallel:run_until_complete finished with '0'
[3.613s] DEBUG:colcon.colcon_core.event_reactor:joining thread
[3.626s] INFO:colcon.colcon_core.plugin_system:Skipping extension 'colcon_notification.desktop_notification.terminal_notifier': Not used on non-Darwin systems
[3.627s] INFO:colcon.colcon_core.plugin_system:Skipping extension 'colcon_notification.desktop_notification.win32': Not used on non-Windows systems
[3.627s] INFO:colcon.colcon_notification.desktop_notification:Sending desktop notification using 'notify2'
[3.668s] DEBUG:colcon.colcon_core.event_reactor:joined thread
[3.669s] INFO:colcon.colcon_core.shell:Creating prefix script '/home/interstellar/face_detect/detect_ws/install/local_setup.ps1'
[3.671s] INFO:colcon.colcon_core.shell:Creating prefix util module '/home/interstellar/face_detect/detect_ws/install/_local_setup_util_ps1.py'
[3.675s] INFO:colcon.colcon_core.shell:Creating prefix chain script '/home/interstellar/face_detect/detect_ws/install/setup.ps1'
[3.680s] INFO:colcon.colcon_core.shell:Creating prefix script '/home/interstellar/face_detect/detect_ws/install/local_setup.sh'
[3.682s] INFO:colcon.colcon_core.shell:Creating prefix util module '/home/interstellar/face_detect/detect_ws/install/_local_setup_util_sh.py'
[3.684s] INFO:colcon.colcon_core.shell:Creating prefix chain script '/home/interstellar/face_detect/detect_ws/install/setup.sh'
[3.690s] INFO:colcon.colcon_core.shell:Creating prefix script '/home/interstellar/face_detect/detect_ws/install/local_setup.bash'
[3.692s] INFO:colcon.colcon_core.shell:Creating prefix chain script '/home/interstellar/face_detect/detect_ws/install/setup.bash'
[3.695s] INFO:colcon.colcon_core.shell:Creating prefix script '/home/interstellar/face_detect/detect_ws/install/local_setup.zsh'
[3.697s] INFO:colcon.colcon_core.shell:Creating prefix chain script '/home/interstellar/face_detect/detect_ws/install/setup.zsh'
