[1.528s] DEBUG:colcon:Command line arguments: ['/usr/bin/colcon', 'build']
[1.528s] DEBUG:colcon:Parsed command line arguments: Namespace(log_base=None, log_level=None, verb_name='build', build_base='build', install_base='install', merge_install=False, symlink_install=False, test_result_base=None, continue_on_error=False, executor='parallel', parallel_workers=4, event_handlers=None, ignore_user_meta=False, metas=['./colcon.meta'], base_paths=['.'], packages_ignore=None, packages_ignore_regex=None, paths=None, packages_up_to=None, packages_up_to_regex=None, packages_above=None, packages_above_and_dependencies=None, packages_above_depth=None, packages_select_by_dep=None, packages_skip_by_dep=None, packages_skip_up_to=None, packages_select_build_failed=False, packages_skip_build_finished=False, packages_select_test_failures=False, packages_skip_test_passed=False, packages_select=None, packages_skip=None, packages_select_regex=None, packages_skip_regex=None, packages_start=None, packages_end=None, allow_overriding=[], cmake_args=None, cmake_target=None, cmake_target_skip_unavailable=False, cmake_clean_cache=False, cmake_clean_first=False, cmake_force_configure=False, ament_cmake_args=None, catkin_cmake_args=None, catkin_skip_building_tests=False, verb_parser=<colcon_defaults.argument_parser.defaults.DefaultArgumentsDecorator object at 0x788fe35449d0>, verb_extension=<colcon_core.verb.build.BuildVerb object at 0x788fe3544460>, main=<bound method BuildVerb.main of <colcon_core.verb.build.BuildVerb object at 0x788fe3544460>>)
[3.317s] Level 1:colcon.colcon_core.package_discovery:discover_packages(colcon_meta) check parameters
[3.317s] Level 1:colcon.colcon_core.package_discovery:discover_packages(recursive) check parameters
[3.317s] Level 1:colcon.colcon_core.package_discovery:discover_packages(ignore) check parameters
[3.318s] Level 1:colcon.colcon_core.package_discovery:discover_packages(path) check parameters
[3.318s] Level 1:colcon.colcon_core.package_discovery:discover_packages(colcon_meta) discover
[3.318s] Level 1:colcon.colcon_core.package_discovery:discover_packages(recursive) discover
[3.318s] INFO:colcon.colcon_core.package_discovery:Crawling recursively for packages in '/home/interstellar/face_detect/detect_ws'
[3.318s] Level 1:colcon.colcon_core.package_identification:_identify(.) by extensions ['ignore', 'ignore_ament_install']
[3.321s] Level 1:colcon.colcon_core.package_identification:_identify(.) by extension 'ignore'
[3.322s] Level 1:colcon.colcon_core.package_identification:_identify(.) by extension 'ignore_ament_install'
[3.322s] Level 1:colcon.colcon_core.package_identification:_identify(.) by extensions ['colcon_pkg']
[3.323s] Level 1:colcon.colcon_core.package_identification:_identify(.) by extension 'colcon_pkg'
[3.323s] Level 1:colcon.colcon_core.package_identification:_identify(.) by extensions ['colcon_meta']
[3.323s] Level 1:colcon.colcon_core.package_identification:_identify(.) by extension 'colcon_meta'
[3.323s] Level 1:colcon.colcon_core.package_identification:_identify(.) by extensions ['ros']
[3.323s] Level 1:colcon.colcon_core.package_identification:_identify(.) by extension 'ros'
[3.488s] Level 1:colcon.colcon_core.package_identification:_identify(.) by extensions ['cmake', 'python']
[3.488s] Level 1:colcon.colcon_core.package_identification:_identify(.) by extension 'cmake'
[3.490s] Level 1:colcon.colcon_core.package_identification:_identify(.) by extension 'python'
[3.490s] Level 1:colcon.colcon_core.package_identification:_identify(.) by extensions ['python_setup_py']
[3.490s] Level 1:colcon.colcon_core.package_identification:_identify(.) by extension 'python_setup_py'
[3.491s] Level 1:colcon.colcon_core.package_identification:_identify(build) by extensions ['ignore', 'ignore_ament_install']
[3.492s] Level 1:colcon.colcon_core.package_identification:_identify(build) by extension 'ignore'
[3.492s] Level 1:colcon.colcon_core.package_identification:_identify(build) ignored
[3.494s] Level 1:colcon.colcon_core.package_identification:_identify(install) by extensions ['ignore', 'ignore_ament_install']
[3.495s] Level 1:colcon.colcon_core.package_identification:_identify(install) by extension 'ignore'
[3.495s] Level 1:colcon.colcon_core.package_identification:_identify(install) ignored
[3.496s] Level 1:colcon.colcon_core.package_identification:_identify(log) by extensions ['ignore', 'ignore_ament_install']
[3.496s] Level 1:colcon.colcon_core.package_identification:_identify(log) by extension 'ignore'
[3.496s] Level 1:colcon.colcon_core.package_identification:_identify(log) ignored
[3.497s] Level 1:colcon.colcon_core.package_identification:_identify(src) by extensions ['ignore', 'ignore_ament_install']
[3.497s] Level 1:colcon.colcon_core.package_identification:_identify(src) by extension 'ignore'
[3.497s] Level 1:colcon.colcon_core.package_identification:_identify(src) by extension 'ignore_ament_install'
[3.498s] Level 1:colcon.colcon_core.package_identification:_identify(src) by extensions ['colcon_pkg']
[3.498s] Level 1:colcon.colcon_core.package_identification:_identify(src) by extension 'colcon_pkg'
[3.498s] Level 1:colcon.colcon_core.package_identification:_identify(src) by extensions ['colcon_meta']
[3.498s] Level 1:colcon.colcon_core.package_identification:_identify(src) by extension 'colcon_meta'
[3.499s] Level 1:colcon.colcon_core.package_identification:_identify(src) by extensions ['ros']
[3.499s] Level 1:colcon.colcon_core.package_identification:_identify(src) by extension 'ros'
[3.501s] Level 1:colcon.colcon_core.package_identification:_identify(src) by extensions ['cmake', 'python']
[3.501s] Level 1:colcon.colcon_core.package_identification:_identify(src) by extension 'cmake'
[3.503s] Level 1:colcon.colcon_core.package_identification:_identify(src) by extension 'python'
[3.504s] Level 1:colcon.colcon_core.package_identification:_identify(src) by extensions ['python_setup_py']
[3.504s] Level 1:colcon.colcon_core.package_identification:_identify(src) by extension 'python_setup_py'
[3.505s] Level 1:colcon.colcon_core.package_identification:_identify(src/cpp_service) by extensions ['ignore', 'ignore_ament_install']
[3.505s] Level 1:colcon.colcon_core.package_identification:_identify(src/cpp_service) by extension 'ignore'
[3.506s] Level 1:colcon.colcon_core.package_identification:_identify(src/cpp_service) by extension 'ignore_ament_install'
[3.508s] Level 1:colcon.colcon_core.package_identification:_identify(src/cpp_service) by extensions ['colcon_pkg']
[3.508s] Level 1:colcon.colcon_core.package_identification:_identify(src/cpp_service) by extension 'colcon_pkg'
[3.508s] Level 1:colcon.colcon_core.package_identification:_identify(src/cpp_service) by extensions ['colcon_meta']
[3.508s] Level 1:colcon.colcon_core.package_identification:_identify(src/cpp_service) by extension 'colcon_meta'
[3.509s] Level 1:colcon.colcon_core.package_identification:_identify(src/cpp_service) by extensions ['ros']
[3.509s] Level 1:colcon.colcon_core.package_identification:_identify(src/cpp_service) by extension 'ros'
[3.544s] DEBUG:colcon.colcon_core.package_identification:Package 'src/cpp_service' with type 'ros.ament_cmake' and name 'cpp_service'
[3.544s] Level 1:colcon.colcon_core.package_identification:_identify(src/py_server) by extensions ['ignore', 'ignore_ament_install']
[3.545s] Level 1:colcon.colcon_core.package_identification:_identify(src/py_server) by extension 'ignore'
[3.545s] Level 1:colcon.colcon_core.package_identification:_identify(src/py_server) by extension 'ignore_ament_install'
[3.546s] Level 1:colcon.colcon_core.package_identification:_identify(src/py_server) by extensions ['colcon_pkg']
[3.546s] Level 1:colcon.colcon_core.package_identification:_identify(src/py_server) by extension 'colcon_pkg'
[3.546s] Level 1:colcon.colcon_core.package_identification:_identify(src/py_server) by extensions ['colcon_meta']
[3.546s] Level 1:colcon.colcon_core.package_identification:_identify(src/py_server) by extension 'colcon_meta'
[3.546s] Level 1:colcon.colcon_core.package_identification:_identify(src/py_server) by extensions ['ros']
[3.547s] Level 1:colcon.colcon_core.package_identification:_identify(src/py_server) by extension 'ros'
[3.551s] DEBUG:colcon.colcon_core.package_identification:Package 'src/py_server' with type 'ros.ament_python' and name 'py_server'
[3.551s] Level 1:colcon.colcon_core.package_identification:_identify(src/server_demo) by extensions ['ignore', 'ignore_ament_install']
[3.552s] Level 1:colcon.colcon_core.package_identification:_identify(src/server_demo) by extension 'ignore'
[3.553s] Level 1:colcon.colcon_core.package_identification:_identify(src/server_demo) by extension 'ignore_ament_install'
[3.553s] Level 1:colcon.colcon_core.package_identification:_identify(src/server_demo) by extensions ['colcon_pkg']
[3.554s] Level 1:colcon.colcon_core.package_identification:_identify(src/server_demo) by extension 'colcon_pkg'
[3.555s] Level 1:colcon.colcon_core.package_identification:_identify(src/server_demo) by extensions ['colcon_meta']
[3.556s] Level 1:colcon.colcon_core.package_identification:_identify(src/server_demo) by extension 'colcon_meta'
[3.556s] Level 1:colcon.colcon_core.package_identification:_identify(src/server_demo) by extensions ['ros']
[3.556s] Level 1:colcon.colcon_core.package_identification:_identify(src/server_demo) by extension 'ros'
[3.562s] DEBUG:colcon.colcon_core.package_identification:Package 'src/server_demo' with type 'ros.ament_cmake' and name 'server_demo'
[3.564s] Level 1:colcon.colcon_core.package_identification:_identify(yolo_model) by extensions ['ignore', 'ignore_ament_install']
[3.564s] Level 1:colcon.colcon_core.package_identification:_identify(yolo_model) by extension 'ignore'
[3.565s] Level 1:colcon.colcon_core.package_identification:_identify(yolo_model) by extension 'ignore_ament_install'
[3.565s] Level 1:colcon.colcon_core.package_identification:_identify(yolo_model) by extensions ['colcon_pkg']
[3.565s] Level 1:colcon.colcon_core.package_identification:_identify(yolo_model) by extension 'colcon_pkg'
[3.565s] Level 1:colcon.colcon_core.package_identification:_identify(yolo_model) by extensions ['colcon_meta']
[3.565s] Level 1:colcon.colcon_core.package_identification:_identify(yolo_model) by extension 'colcon_meta'
[3.565s] Level 1:colcon.colcon_core.package_identification:_identify(yolo_model) by extensions ['ros']
[3.566s] Level 1:colcon.colcon_core.package_identification:_identify(yolo_model) by extension 'ros'
[3.567s] Level 1:colcon.colcon_core.package_identification:_identify(yolo_model) by extensions ['cmake', 'python']
[3.567s] Level 1:colcon.colcon_core.package_identification:_identify(yolo_model) by extension 'cmake'
[3.567s] Level 1:colcon.colcon_core.package_identification:_identify(yolo_model) by extension 'python'
[3.567s] Level 1:colcon.colcon_core.package_identification:_identify(yolo_model) by extensions ['python_setup_py']
[3.568s] Level 1:colcon.colcon_core.package_identification:_identify(yolo_model) by extension 'python_setup_py'
[3.568s] Level 1:colcon.colcon_core.package_discovery:discover_packages(recursive) using defaults
[3.568s] Level 1:colcon.colcon_core.package_discovery:discover_packages(ignore) discover
[3.568s] Level 1:colcon.colcon_core.package_discovery:discover_packages(ignore) using defaults
[3.568s] Level 1:colcon.colcon_core.package_discovery:discover_packages(path) discover
[3.568s] Level 1:colcon.colcon_core.package_discovery:discover_packages(path) using defaults
[3.794s] Level 1:colcon.colcon_core.package_discovery:discover_packages(prefix_path) check parameters
[3.794s] Level 1:colcon.colcon_core.package_discovery:discover_packages(prefix_path) discover
[3.824s] DEBUG:colcon.colcon_installed_package_information.package_discovery:Found 2 installed packages in /home/interstellar/face_detect/detect_ws/install
[3.834s] DEBUG:colcon.colcon_installed_package_information.package_discovery:Found 270 installed packages in /opt/ros/humble
[3.843s] Level 1:colcon.colcon_core.package_discovery:discover_packages(prefix_path) using defaults
[4.285s] Level 5:colcon.colcon_core.verb:set package 'server_demo' build argument 'cmake_args' from command line to 'None'
[4.285s] Level 5:colcon.colcon_core.verb:set package 'server_demo' build argument 'cmake_target' from command line to 'None'
[4.285s] Level 5:colcon.colcon_core.verb:set package 'server_demo' build argument 'cmake_target_skip_unavailable' from command line to 'False'
[4.285s] Level 5:colcon.colcon_core.verb:set package 'server_demo' build argument 'cmake_clean_cache' from command line to 'False'
[4.285s] Level 5:colcon.colcon_core.verb:set package 'server_demo' build argument 'cmake_clean_first' from command line to 'False'
[4.286s] Level 5:colcon.colcon_core.verb:set package 'server_demo' build argument 'cmake_force_configure' from command line to 'False'
[4.286s] Level 5:colcon.colcon_core.verb:set package 'server_demo' build argument 'ament_cmake_args' from command line to 'None'
[4.286s] Level 5:colcon.colcon_core.verb:set package 'server_demo' build argument 'catkin_cmake_args' from command line to 'None'
[4.286s] Level 5:colcon.colcon_core.verb:set package 'server_demo' build argument 'catkin_skip_building_tests' from command line to 'False'
[4.286s] DEBUG:colcon.colcon_core.verb:Building package 'server_demo' with the following arguments: {'ament_cmake_args': None, 'build_base': '/home/interstellar/face_detect/detect_ws/build/server_demo', 'catkin_cmake_args': None, 'catkin_skip_building_tests': False, 'cmake_args': None, 'cmake_clean_cache': False, 'cmake_clean_first': False, 'cmake_force_configure': False, 'cmake_target': None, 'cmake_target_skip_unavailable': False, 'install_base': '/home/interstellar/face_detect/detect_ws/install/server_demo', 'merge_install': False, 'path': '/home/interstellar/face_detect/detect_ws/src/server_demo', 'symlink_install': False, 'test_result_base': None}
[4.288s] Level 5:colcon.colcon_core.verb:set package 'cpp_service' build argument 'cmake_args' from command line to 'None'
[4.288s] Level 5:colcon.colcon_core.verb:set package 'cpp_service' build argument 'cmake_target' from command line to 'None'
[4.288s] Level 5:colcon.colcon_core.verb:set package 'cpp_service' build argument 'cmake_target_skip_unavailable' from command line to 'False'
[4.288s] Level 5:colcon.colcon_core.verb:set package 'cpp_service' build argument 'cmake_clean_cache' from command line to 'False'
[4.288s] Level 5:colcon.colcon_core.verb:set package 'cpp_service' build argument 'cmake_clean_first' from command line to 'False'
[4.289s] Level 5:colcon.colcon_core.verb:set package 'cpp_service' build argument 'cmake_force_configure' from command line to 'False'
[4.289s] Level 5:colcon.colcon_core.verb:set package 'cpp_service' build argument 'ament_cmake_args' from command line to 'None'
[4.289s] Level 5:colcon.colcon_core.verb:set package 'cpp_service' build argument 'catkin_cmake_args' from command line to 'None'
[4.289s] Level 5:colcon.colcon_core.verb:set package 'cpp_service' build argument 'catkin_skip_building_tests' from command line to 'False'
[4.289s] DEBUG:colcon.colcon_core.verb:Building package 'cpp_service' with the following arguments: {'ament_cmake_args': None, 'build_base': '/home/interstellar/face_detect/detect_ws/build/cpp_service', 'catkin_cmake_args': None, 'catkin_skip_building_tests': False, 'cmake_args': None, 'cmake_clean_cache': False, 'cmake_clean_first': False, 'cmake_force_configure': False, 'cmake_target': None, 'cmake_target_skip_unavailable': False, 'install_base': '/home/interstellar/face_detect/detect_ws/install/cpp_service', 'merge_install': False, 'path': '/home/interstellar/face_detect/detect_ws/src/cpp_service', 'symlink_install': False, 'test_result_base': None}
[4.290s] Level 5:colcon.colcon_core.verb:set package 'py_server' build argument 'cmake_args' from command line to 'None'
[4.291s] Level 5:colcon.colcon_core.verb:set package 'py_server' build argument 'cmake_target' from command line to 'None'
[4.291s] Level 5:colcon.colcon_core.verb:set package 'py_server' build argument 'cmake_target_skip_unavailable' from command line to 'False'
[4.292s] Level 5:colcon.colcon_core.verb:set package 'py_server' build argument 'cmake_clean_cache' from command line to 'False'
[4.292s] Level 5:colcon.colcon_core.verb:set package 'py_server' build argument 'cmake_clean_first' from command line to 'False'
[4.292s] Level 5:colcon.colcon_core.verb:set package 'py_server' build argument 'cmake_force_configure' from command line to 'False'
[4.292s] Level 5:colcon.colcon_core.verb:set package 'py_server' build argument 'ament_cmake_args' from command line to 'None'
[4.292s] Level 5:colcon.colcon_core.verb:set package 'py_server' build argument 'catkin_cmake_args' from command line to 'None'
[4.292s] Level 5:colcon.colcon_core.verb:set package 'py_server' build argument 'catkin_skip_building_tests' from command line to 'False'
[4.292s] DEBUG:colcon.colcon_core.verb:Building package 'py_server' with the following arguments: {'ament_cmake_args': None, 'build_base': '/home/interstellar/face_detect/detect_ws/build/py_server', 'catkin_cmake_args': None, 'catkin_skip_building_tests': False, 'cmake_args': None, 'cmake_clean_cache': False, 'cmake_clean_first': False, 'cmake_force_configure': False, 'cmake_target': None, 'cmake_target_skip_unavailable': False, 'install_base': '/home/interstellar/face_detect/detect_ws/install/py_server', 'merge_install': False, 'path': '/home/interstellar/face_detect/detect_ws/src/py_server', 'symlink_install': False, 'test_result_base': None}
[4.293s] INFO:colcon.colcon_core.executor:Executing jobs using 'parallel' executor
[4.302s] DEBUG:colcon.colcon_parallel_executor.executor.parallel:run_until_complete
[4.304s] INFO:colcon.colcon_ros.task.ament_cmake.build:Building ROS package in '/home/interstellar/face_detect/detect_ws/src/server_demo' with build type 'ament_cmake'
[4.304s] INFO:colcon.colcon_cmake.task.cmake.build:Building CMake package in '/home/interstellar/face_detect/detect_ws/src/server_demo'
[4.342s] INFO:colcon.colcon_core.plugin_system:Skipping extension 'colcon_core.shell.bat': Not used on non-Windows systems
[4.343s] INFO:colcon.colcon_core.shell:Skip shell extension 'powershell' for command environment: Not usable outside of PowerShell
[4.343s] DEBUG:colcon.colcon_core.shell:Skip shell extension 'dsv' for command environment
[4.419s] DEBUG:colcon.colcon_core.event_handler.log_command:Invoking command in '/home/interstellar/face_detect/detect_ws/build/server_demo': CMAKE_PREFIX_PATH=${CMAKE_PREFIX_PATH}:/opt/ros/humble /usr/bin/cmake --build /home/interstellar/face_detect/detect_ws/build/server_demo -- -j4 -l4
[7.901s] DEBUG:colcon.colcon_core.event_handler.log_command:Invoked command in '/home/interstellar/face_detect/detect_ws/build/server_demo' returned '0': CMAKE_PREFIX_PATH=${CMAKE_PREFIX_PATH}:/opt/ros/humble /usr/bin/cmake --build /home/interstellar/face_detect/detect_ws/build/server_demo -- -j4 -l4
[8.588s] DEBUG:colcon.colcon_core.event_handler.log_command:Invoking command in '/home/interstellar/face_detect/detect_ws/build/server_demo': CMAKE_PREFIX_PATH=${CMAKE_PREFIX_PATH}:/opt/ros/humble /usr/bin/cmake --install /home/interstellar/face_detect/detect_ws/build/server_demo
[9.060s] Level 1:colcon.colcon_core.environment:create_environment_scripts_only(server_demo)
[9.064s] DEBUG:colcon.colcon_core.event_handler.log_command:Invoked command in '/home/interstellar/face_detect/detect_ws/build/server_demo' returned '0': CMAKE_PREFIX_PATH=${CMAKE_PREFIX_PATH}:/opt/ros/humble /usr/bin/cmake --install /home/interstellar/face_detect/detect_ws/build/server_demo
[9.096s] Level 1:colcon.colcon_core.environment:checking '/home/interstellar/face_detect/detect_ws/install/server_demo' for CMake module files
[9.100s] Level 1:colcon.colcon_core.environment:checking '/home/interstellar/face_detect/detect_ws/install/server_demo' for CMake config files
[9.101s] Level 1:colcon.colcon_core.shell:create_environment_hook('server_demo', 'cmake_prefix_path')
[9.102s] INFO:colcon.colcon_core.shell:Creating environment hook '/home/interstellar/face_detect/detect_ws/install/server_demo/share/server_demo/hook/cmake_prefix_path.ps1'
[9.107s] INFO:colcon.colcon_core.shell:Creating environment descriptor '/home/interstellar/face_detect/detect_ws/install/server_demo/share/server_demo/hook/cmake_prefix_path.dsv'
[9.115s] INFO:colcon.colcon_core.shell:Creating environment hook '/home/interstellar/face_detect/detect_ws/install/server_demo/share/server_demo/hook/cmake_prefix_path.sh'
[9.121s] Level 1:colcon.colcon_core.environment:checking '/home/interstellar/face_detect/detect_ws/install/server_demo/lib'
[9.122s] Level 1:colcon.colcon_core.shell:create_environment_hook('server_demo', 'ld_library_path_lib')
[9.123s] INFO:colcon.colcon_core.shell:Creating environment hook '/home/interstellar/face_detect/detect_ws/install/server_demo/share/server_demo/hook/ld_library_path_lib.ps1'
[9.125s] INFO:colcon.colcon_core.shell:Creating environment descriptor '/home/interstellar/face_detect/detect_ws/install/server_demo/share/server_demo/hook/ld_library_path_lib.dsv'
[9.127s] INFO:colcon.colcon_core.shell:Creating environment hook '/home/interstellar/face_detect/detect_ws/install/server_demo/share/server_demo/hook/ld_library_path_lib.sh'
[9.129s] Level 1:colcon.colcon_core.environment:checking '/home/interstellar/face_detect/detect_ws/install/server_demo/bin'
[9.131s] Level 1:colcon.colcon_core.environment:checking '/home/interstellar/face_detect/detect_ws/install/server_demo/lib/pkgconfig/server_demo.pc'
[9.132s] Level 1:colcon.colcon_core.environment:checking '/home/interstellar/face_detect/detect_ws/install/server_demo/lib/python3.10/site-packages'
[9.133s] Level 1:colcon.colcon_core.environment:checking '/home/interstellar/face_detect/detect_ws/install/server_demo/bin'
[9.134s] INFO:colcon.colcon_core.shell:Creating package script '/home/interstellar/face_detect/detect_ws/install/server_demo/share/server_demo/package.ps1'
[9.139s] INFO:colcon.colcon_core.shell:Creating package descriptor '/home/interstellar/face_detect/detect_ws/install/server_demo/share/server_demo/package.dsv'
[9.144s] INFO:colcon.colcon_core.shell:Creating package script '/home/interstellar/face_detect/detect_ws/install/server_demo/share/server_demo/package.sh'
[9.149s] INFO:colcon.colcon_core.shell:Creating package script '/home/interstellar/face_detect/detect_ws/install/server_demo/share/server_demo/package.bash'
[9.157s] INFO:colcon.colcon_core.shell:Creating package script '/home/interstellar/face_detect/detect_ws/install/server_demo/share/server_demo/package.zsh'
[9.161s] Level 1:colcon.colcon_core.environment:create_file_with_runtime_dependencies(/home/interstellar/face_detect/detect_ws/install/server_demo/share/colcon-core/packages/server_demo)
[9.795s] Level 1:colcon.colcon_core.environment:create_environment_scripts_only(server_demo)
[9.796s] Level 1:colcon.colcon_core.environment:checking '/home/interstellar/face_detect/detect_ws/install/server_demo' for CMake module files
[9.799s] Level 1:colcon.colcon_core.environment:checking '/home/interstellar/face_detect/detect_ws/install/server_demo' for CMake config files
[9.801s] Level 1:colcon.colcon_core.shell:create_environment_hook('server_demo', 'cmake_prefix_path')
[9.802s] INFO:colcon.colcon_core.shell:Creating environment hook '/home/interstellar/face_detect/detect_ws/install/server_demo/share/server_demo/hook/cmake_prefix_path.ps1'
[9.807s] INFO:colcon.colcon_core.shell:Creating environment descriptor '/home/interstellar/face_detect/detect_ws/install/server_demo/share/server_demo/hook/cmake_prefix_path.dsv'
[9.809s] INFO:colcon.colcon_core.shell:Creating environment hook '/home/interstellar/face_detect/detect_ws/install/server_demo/share/server_demo/hook/cmake_prefix_path.sh'
[9.813s] Level 1:colcon.colcon_core.environment:checking '/home/interstellar/face_detect/detect_ws/install/server_demo/lib'
[9.813s] Level 1:colcon.colcon_core.shell:create_environment_hook('server_demo', 'ld_library_path_lib')
[9.814s] INFO:colcon.colcon_core.shell:Creating environment hook '/home/interstellar/face_detect/detect_ws/install/server_demo/share/server_demo/hook/ld_library_path_lib.ps1'
[9.819s] INFO:colcon.colcon_core.shell:Creating environment descriptor '/home/interstellar/face_detect/detect_ws/install/server_demo/share/server_demo/hook/ld_library_path_lib.dsv'
[9.822s] INFO:colcon.colcon_core.shell:Creating environment hook '/home/interstellar/face_detect/detect_ws/install/server_demo/share/server_demo/hook/ld_library_path_lib.sh'
[9.824s] Level 1:colcon.colcon_core.environment:checking '/home/interstellar/face_detect/detect_ws/install/server_demo/bin'
[9.827s] Level 1:colcon.colcon_core.environment:checking '/home/interstellar/face_detect/detect_ws/install/server_demo/lib/pkgconfig/server_demo.pc'
[9.828s] Level 1:colcon.colcon_core.environment:checking '/home/interstellar/face_detect/detect_ws/install/server_demo/lib/python3.10/site-packages'
[9.829s] Level 1:colcon.colcon_core.environment:checking '/home/interstellar/face_detect/detect_ws/install/server_demo/bin'
[9.830s] INFO:colcon.colcon_core.shell:Creating package script '/home/interstellar/face_detect/detect_ws/install/server_demo/share/server_demo/package.ps1'
[9.835s] INFO:colcon.colcon_core.shell:Creating package descriptor '/home/interstellar/face_detect/detect_ws/install/server_demo/share/server_demo/package.dsv'
[9.840s] INFO:colcon.colcon_core.shell:Creating package script '/home/interstellar/face_detect/detect_ws/install/server_demo/share/server_demo/package.sh'
[9.844s] INFO:colcon.colcon_core.shell:Creating package script '/home/interstellar/face_detect/detect_ws/install/server_demo/share/server_demo/package.bash'
[9.847s] INFO:colcon.colcon_core.shell:Creating package script '/home/interstellar/face_detect/detect_ws/install/server_demo/share/server_demo/package.zsh'
[9.851s] Level 1:colcon.colcon_core.environment:create_file_with_runtime_dependencies(/home/interstellar/face_detect/detect_ws/install/server_demo/share/colcon-core/packages/server_demo)
[9.859s] INFO:colcon.colcon_ros.task.ament_cmake.build:Building ROS package in '/home/interstellar/face_detect/detect_ws/src/cpp_service' with build type 'ament_cmake'
[9.859s] INFO:colcon.colcon_cmake.task.cmake.build:Building CMake package in '/home/interstellar/face_detect/detect_ws/src/cpp_service'
[9.860s] INFO:colcon.colcon_core.shell:Skip shell extension 'powershell' for command environment: Not usable outside of PowerShell
[9.861s] DEBUG:colcon.colcon_core.shell:Skip shell extension 'dsv' for command environment
[9.883s] INFO:colcon.colcon_ros.task.ament_python.build:Building ROS package in '/home/interstellar/face_detect/detect_ws/src/py_server' with build type 'ament_python'
[9.884s] Level 1:colcon.colcon_core.shell:create_environment_hook('py_server', 'ament_prefix_path')
[9.884s] INFO:colcon.colcon_core.shell:Creating environment hook '/home/interstellar/face_detect/detect_ws/install/py_server/share/py_server/hook/ament_prefix_path.ps1'
[9.899s] INFO:colcon.colcon_core.shell:Creating environment descriptor '/home/interstellar/face_detect/detect_ws/install/py_server/share/py_server/hook/ament_prefix_path.dsv'
[9.901s] INFO:colcon.colcon_core.shell:Creating environment hook '/home/interstellar/face_detect/detect_ws/install/py_server/share/py_server/hook/ament_prefix_path.sh'
[9.903s] INFO:colcon.colcon_core.shell:Skip shell extension 'powershell' for command environment: Not usable outside of PowerShell
[9.903s] DEBUG:colcon.colcon_core.shell:Skip shell extension 'dsv' for command environment
[11.312s] INFO:colcon.colcon_core.task.python.build:Building Python package in '/home/interstellar/face_detect/detect_ws/src/py_server'
[11.313s] INFO:colcon.colcon_core.shell:Skip shell extension 'powershell' for command environment: Not usable outside of PowerShell
[11.314s] DEBUG:colcon.colcon_core.shell:Skip shell extension 'dsv' for command environment
[11.375s] DEBUG:colcon.colcon_core.event_handler.log_command:Invoking command in '/home/interstellar/face_detect/detect_ws/build/cpp_service': CMAKE_PREFIX_PATH=/home/interstellar/face_detect/detect_ws/install/server_demo:/home/interstellar/face_detect/detect_ws/install/cpp_service:/opt/ros/humble /usr/bin/cmake --build /home/interstellar/face_detect/detect_ws/build/cpp_service -- -j4 -l4
[13.910s] DEBUG:colcon.colcon_core.event_handler.log_command:Invoking command in '/home/interstellar/face_detect/detect_ws/src/py_server': CMAKE_PREFIX_PATH=/home/interstellar/face_detect/detect_ws/install/server_demo:/home/interstellar/face_detect/detect_ws/install/cpp_service PYTHONPATH=/home/interstellar/face_detect/detect_ws/build/py_server/prefix_override:/usr/lib/python3/dist-packages/colcon_core/task/python/colcon_distutils_commands:/home/interstellar/face_detect/detect_ws/install/py_server/lib/python3.10/site-packages:${PYTHONPATH} /usr/bin/python3 -W ignore:setup.py install is deprecated setup.py egg_info --egg-base ../../build/py_server build --build-base /home/interstellar/face_detect/detect_ws/build/py_server/build install --record /home/interstellar/face_detect/detect_ws/build/py_server/install.log --single-version-externally-managed install_data
[15.545s] Level 1:colcon.colcon_core.environment:checking '/home/interstellar/face_detect/detect_ws/install/py_server' for CMake module files
[15.548s] Level 1:colcon.colcon_core.environment:checking '/home/interstellar/face_detect/detect_ws/install/py_server' for CMake config files
[15.546s] DEBUG:colcon.colcon_core.event_handler.log_command:Invoked command in '/home/interstellar/face_detect/detect_ws/src/py_server' returned '0': CMAKE_PREFIX_PATH=/home/interstellar/face_detect/detect_ws/install/server_demo:/home/interstellar/face_detect/detect_ws/install/cpp_service PYTHONPATH=/home/interstellar/face_detect/detect_ws/build/py_server/prefix_override:/usr/lib/python3/dist-packages/colcon_core/task/python/colcon_distutils_commands:/home/interstellar/face_detect/detect_ws/install/py_server/lib/python3.10/site-packages:${PYTHONPATH} /usr/bin/python3 -W ignore:setup.py install is deprecated setup.py egg_info --egg-base ../../build/py_server build --build-base /home/interstellar/face_detect/detect_ws/build/py_server/build install --record /home/interstellar/face_detect/detect_ws/build/py_server/install.log --single-version-externally-managed install_data
[15.553s] Level 1:colcon.colcon_core.environment:checking '/home/interstellar/face_detect/detect_ws/install/py_server/lib'
[15.554s] Level 1:colcon.colcon_core.environment:checking '/home/interstellar/face_detect/detect_ws/install/py_server/bin'
[15.554s] Level 1:colcon.colcon_core.environment:checking '/home/interstellar/face_detect/detect_ws/install/py_server/lib/pkgconfig/py_server.pc'
[15.558s] Level 1:colcon.colcon_core.environment:checking '/home/interstellar/face_detect/detect_ws/install/py_server/lib/python3.10/site-packages'
[15.558s] Level 1:colcon.colcon_core.shell:create_environment_hook('py_server', 'pythonpath')
[15.559s] INFO:colcon.colcon_core.shell:Creating environment hook '/home/interstellar/face_detect/detect_ws/install/py_server/share/py_server/hook/pythonpath.ps1'
[15.564s] INFO:colcon.colcon_core.shell:Creating environment descriptor '/home/interstellar/face_detect/detect_ws/install/py_server/share/py_server/hook/pythonpath.dsv'
[15.568s] INFO:colcon.colcon_core.shell:Creating environment hook '/home/interstellar/face_detect/detect_ws/install/py_server/share/py_server/hook/pythonpath.sh'
[15.571s] Level 1:colcon.colcon_core.environment:checking '/home/interstellar/face_detect/detect_ws/install/py_server/bin'
[15.573s] Level 1:colcon.colcon_core.environment:create_environment_scripts_only(py_server)
[15.579s] INFO:colcon.colcon_core.shell:Creating package script '/home/interstellar/face_detect/detect_ws/install/py_server/share/py_server/package.ps1'
[15.582s] INFO:colcon.colcon_core.shell:Creating package descriptor '/home/interstellar/face_detect/detect_ws/install/py_server/share/py_server/package.dsv'
[15.584s] INFO:colcon.colcon_core.shell:Creating package script '/home/interstellar/face_detect/detect_ws/install/py_server/share/py_server/package.sh'
[15.589s] INFO:colcon.colcon_core.shell:Creating package script '/home/interstellar/face_detect/detect_ws/install/py_server/share/py_server/package.bash'
[15.595s] INFO:colcon.colcon_core.shell:Creating package script '/home/interstellar/face_detect/detect_ws/install/py_server/share/py_server/package.zsh'
[15.596s] Level 1:colcon.colcon_core.environment:create_file_with_runtime_dependencies(/home/interstellar/face_detect/detect_ws/install/py_server/share/colcon-core/packages/py_server)
[72.741s] DEBUG:colcon.colcon_core.event_handler.log_command:Invoked command in '/home/interstellar/face_detect/detect_ws/build/cpp_service' returned '0': CMAKE_PREFIX_PATH=/home/interstellar/face_detect/detect_ws/install/server_demo:/home/interstellar/face_detect/detect_ws/install/cpp_service:/opt/ros/humble /usr/bin/cmake --build /home/interstellar/face_detect/detect_ws/build/cpp_service -- -j4 -l4
[72.992s] DEBUG:colcon.colcon_core.event_handler.log_command:Invoking command in '/home/interstellar/face_detect/detect_ws/build/cpp_service': CMAKE_PREFIX_PATH=/home/interstellar/face_detect/detect_ws/install/server_demo:/home/interstellar/face_detect/detect_ws/install/cpp_service:/opt/ros/humble /usr/bin/cmake --install /home/interstellar/face_detect/detect_ws/build/cpp_service
[73.218s] Level 1:colcon.colcon_core.environment:create_environment_scripts_only(cpp_service)
[73.219s] Level 1:colcon.colcon_core.environment:checking '/home/interstellar/face_detect/detect_ws/install/cpp_service' for CMake module files
[73.222s] DEBUG:colcon.colcon_core.event_handler.log_command:Invoked command in '/home/interstellar/face_detect/detect_ws/build/cpp_service' returned '0': CMAKE_PREFIX_PATH=/home/interstellar/face_detect/detect_ws/install/server_demo:/home/interstellar/face_detect/detect_ws/install/cpp_service:/opt/ros/humble /usr/bin/cmake --install /home/interstellar/face_detect/detect_ws/build/cpp_service
[73.226s] Level 1:colcon.colcon_core.environment:checking '/home/interstellar/face_detect/detect_ws/install/cpp_service' for CMake config files
[73.228s] Level 1:colcon.colcon_core.shell:create_environment_hook('cpp_service', 'cmake_prefix_path')
[73.229s] INFO:colcon.colcon_core.shell:Creating environment hook '/home/interstellar/face_detect/detect_ws/install/cpp_service/share/cpp_service/hook/cmake_prefix_path.ps1'
[73.232s] INFO:colcon.colcon_core.shell:Creating environment descriptor '/home/interstellar/face_detect/detect_ws/install/cpp_service/share/cpp_service/hook/cmake_prefix_path.dsv'
[73.235s] INFO:colcon.colcon_core.shell:Creating environment hook '/home/interstellar/face_detect/detect_ws/install/cpp_service/share/cpp_service/hook/cmake_prefix_path.sh'
[73.239s] Level 1:colcon.colcon_core.environment:checking '/home/interstellar/face_detect/detect_ws/install/cpp_service/lib'
[73.239s] Level 1:colcon.colcon_core.environment:checking '/home/interstellar/face_detect/detect_ws/install/cpp_service/bin'
[73.240s] Level 1:colcon.colcon_core.environment:checking '/home/interstellar/face_detect/detect_ws/install/cpp_service/lib/pkgconfig/cpp_service.pc'
[73.241s] Level 1:colcon.colcon_core.environment:checking '/home/interstellar/face_detect/detect_ws/install/cpp_service/lib/python3.10/site-packages'
[73.243s] Level 1:colcon.colcon_core.environment:checking '/home/interstellar/face_detect/detect_ws/install/cpp_service/bin'
[73.244s] INFO:colcon.colcon_core.shell:Creating package script '/home/interstellar/face_detect/detect_ws/install/cpp_service/share/cpp_service/package.ps1'
[73.246s] INFO:colcon.colcon_core.shell:Creating package descriptor '/home/interstellar/face_detect/detect_ws/install/cpp_service/share/cpp_service/package.dsv'
[73.248s] INFO:colcon.colcon_core.shell:Creating package script '/home/interstellar/face_detect/detect_ws/install/cpp_service/share/cpp_service/package.sh'
[73.250s] INFO:colcon.colcon_core.shell:Creating package script '/home/interstellar/face_detect/detect_ws/install/cpp_service/share/cpp_service/package.bash'
[73.252s] INFO:colcon.colcon_core.shell:Creating package script '/home/interstellar/face_detect/detect_ws/install/cpp_service/share/cpp_service/package.zsh'
[73.254s] Level 1:colcon.colcon_core.environment:create_file_with_runtime_dependencies(/home/interstellar/face_detect/detect_ws/install/cpp_service/share/colcon-core/packages/cpp_service)
[73.499s] Level 1:colcon.colcon_core.environment:create_environment_scripts_only(cpp_service)
[73.500s] Level 1:colcon.colcon_core.environment:checking '/home/interstellar/face_detect/detect_ws/install/cpp_service' for CMake module files
[73.503s] Level 1:colcon.colcon_core.environment:checking '/home/interstellar/face_detect/detect_ws/install/cpp_service' for CMake config files
[73.504s] Level 1:colcon.colcon_core.shell:create_environment_hook('cpp_service', 'cmake_prefix_path')
[73.506s] INFO:colcon.colcon_core.shell:Creating environment hook '/home/interstellar/face_detect/detect_ws/install/cpp_service/share/cpp_service/hook/cmake_prefix_path.ps1'
[73.509s] INFO:colcon.colcon_core.shell:Creating environment descriptor '/home/interstellar/face_detect/detect_ws/install/cpp_service/share/cpp_service/hook/cmake_prefix_path.dsv'
[73.511s] INFO:colcon.colcon_core.shell:Creating environment hook '/home/interstellar/face_detect/detect_ws/install/cpp_service/share/cpp_service/hook/cmake_prefix_path.sh'
[73.513s] Level 1:colcon.colcon_core.environment:checking '/home/interstellar/face_detect/detect_ws/install/cpp_service/lib'
[73.514s] Level 1:colcon.colcon_core.environment:checking '/home/interstellar/face_detect/detect_ws/install/cpp_service/bin'
[73.514s] Level 1:colcon.colcon_core.environment:checking '/home/interstellar/face_detect/detect_ws/install/cpp_service/lib/pkgconfig/cpp_service.pc'
[73.515s] Level 1:colcon.colcon_core.environment:checking '/home/interstellar/face_detect/detect_ws/install/cpp_service/lib/python3.10/site-packages'
[73.516s] Level 1:colcon.colcon_core.environment:checking '/home/interstellar/face_detect/detect_ws/install/cpp_service/bin'
[73.517s] INFO:colcon.colcon_core.shell:Creating package script '/home/interstellar/face_detect/detect_ws/install/cpp_service/share/cpp_service/package.ps1'
[73.519s] INFO:colcon.colcon_core.shell:Creating package descriptor '/home/interstellar/face_detect/detect_ws/install/cpp_service/share/cpp_service/package.dsv'
[73.522s] INFO:colcon.colcon_core.shell:Creating package script '/home/interstellar/face_detect/detect_ws/install/cpp_service/share/cpp_service/package.sh'
[73.525s] INFO:colcon.colcon_core.shell:Creating package script '/home/interstellar/face_detect/detect_ws/install/cpp_service/share/cpp_service/package.bash'
[73.528s] INFO:colcon.colcon_core.shell:Creating package script '/home/interstellar/face_detect/detect_ws/install/cpp_service/share/cpp_service/package.zsh'
[73.530s] Level 1:colcon.colcon_core.environment:create_file_with_runtime_dependencies(/home/interstellar/face_detect/detect_ws/install/cpp_service/share/colcon-core/packages/cpp_service)
[73.531s] DEBUG:colcon.colcon_parallel_executor.executor.parallel:closing loop
[73.532s] DEBUG:colcon.colcon_parallel_executor.executor.parallel:loop closed
[73.532s] DEBUG:colcon.colcon_parallel_executor.executor.parallel:run_until_complete finished with '0'
[73.532s] DEBUG:colcon.colcon_core.event_reactor:joining thread
[73.637s] INFO:colcon.colcon_core.plugin_system:Skipping extension 'colcon_notification.desktop_notification.terminal_notifier': Not used on non-Darwin systems
[73.637s] INFO:colcon.colcon_core.plugin_system:Skipping extension 'colcon_notification.desktop_notification.win32': Not used on non-Windows systems
[73.638s] INFO:colcon.colcon_notification.desktop_notification:Sending desktop notification using 'notify2'
[74.416s] DEBUG:colcon.colcon_core.event_reactor:joined thread
[74.417s] INFO:colcon.colcon_core.shell:Creating prefix script '/home/interstellar/face_detect/detect_ws/install/local_setup.ps1'
[74.423s] INFO:colcon.colcon_core.shell:Creating prefix util module '/home/interstellar/face_detect/detect_ws/install/_local_setup_util_ps1.py'
[74.436s] INFO:colcon.colcon_core.shell:Creating prefix chain script '/home/interstellar/face_detect/detect_ws/install/setup.ps1'
[74.443s] INFO:colcon.colcon_core.shell:Creating prefix script '/home/interstellar/face_detect/detect_ws/install/local_setup.sh'
[74.449s] INFO:colcon.colcon_core.shell:Creating prefix util module '/home/interstellar/face_detect/detect_ws/install/_local_setup_util_sh.py'
[74.453s] INFO:colcon.colcon_core.shell:Creating prefix chain script '/home/interstellar/face_detect/detect_ws/install/setup.sh'
[74.462s] INFO:colcon.colcon_core.shell:Creating prefix script '/home/interstellar/face_detect/detect_ws/install/local_setup.bash'
[74.468s] INFO:colcon.colcon_core.shell:Creating prefix chain script '/home/interstellar/face_detect/detect_ws/install/setup.bash'
[74.479s] INFO:colcon.colcon_core.shell:Creating prefix script '/home/interstellar/face_detect/detect_ws/install/local_setup.zsh'
[74.484s] INFO:colcon.colcon_core.shell:Creating prefix chain script '/home/interstellar/face_detect/detect_ws/install/setup.zsh'
