running egg_info
writing ../../build/py_server/py_server.egg-info/PKG-INFO
writing dependency_links to ../../build/py_server/py_server.egg-info/dependency_links.txt
writing entry points to ../../build/py_server/py_server.egg-info/entry_points.txt
writing requirements to ../../build/py_server/py_server.egg-info/requires.txt
writing top-level names to ../../build/py_server/py_server.egg-info/top_level.txt
reading manifest file '../../build/py_server/py_server.egg-info/SOURCES.txt'
writing manifest file '../../build/py_server/py_server.egg-info/SOURCES.txt'
running build
running build_py
running install
running install_lib
copying /home/interstellar/face_detect/detect_ws/build/py_server/build/lib/py_server/server_py.py -> /home/interstellar/face_detect/detect_ws/install/py_server/lib/python3.10/site-packages/py_server
byte-compiling /home/interstellar/face_detect/detect_ws/install/py_server/lib/python3.10/site-packages/py_server/server_py.py to server_py.cpython-310.pyc
running install_data
running install_egg_info
removing '/home/interstellar/face_detect/detect_ws/install/py_server/lib/python3.10/site-packages/py_server-0.0.0-py3.10.egg-info' (and everything under it)
Copying ../../build/py_server/py_server.egg-info to /home/interstellar/face_detect/detect_ws/install/py_server/lib/python3.10/site-packages/py_server-0.0.0-py3.10.egg-info
running install_scripts
Installing client_py script to /home/interstellar/face_detect/detect_ws/install/py_server/lib/py_server
Installing server_py script to /home/interstellar/face_detect/detect_ws/install/py_server/lib/py_server
writing list of installed files to '/home/interstellar/face_detect/detect_ws/build/py_server/install.log'
