[1.721s] Invoking command in '/home/interstellar/face_detect/detect_ws/src/niluo_topic': PYTHONPATH=/home/interstellar/face_detect/detect_ws/build/niluo_topic/prefix_override:/usr/lib/python3/dist-packages/colcon_core/task/python/colcon_distutils_commands:/home/interstellar/face_detect/detect_ws/install/niluo_topic/lib/python3.10/site-packages:${PYTHONPATH} /usr/bin/python3 -W ignore:setup.py install is deprecated setup.py egg_info --egg-base ../../build/niluo_topic build --build-base /home/interstellar/face_detect/detect_ws/build/niluo_topic/build install --record /home/interstellar/face_detect/detect_ws/build/niluo_topic/install.log --single-version-externally-managed install_data
[2.344s] running egg_info
[2.348s] writing ../../build/niluo_topic/niluo_topic.egg-info/PKG-INFO
[2.349s] writing dependency_links to ../../build/niluo_topic/niluo_topic.egg-info/dependency_links.txt
[2.349s] writing entry points to ../../build/niluo_topic/niluo_topic.egg-info/entry_points.txt
[2.349s] writing requirements to ../../build/niluo_topic/niluo_topic.egg-info/requires.txt
[2.349s] writing top-level names to ../../build/niluo_topic/niluo_topic.egg-info/top_level.txt
[2.353s] reading manifest file '../../build/niluo_topic/niluo_topic.egg-info/SOURCES.txt'
[2.355s] adding license file 'LICENSE'
[2.357s] writing manifest file '../../build/niluo_topic/niluo_topic.egg-info/SOURCES.txt'
[2.357s] running build
[2.357s] running build_py
[2.357s] copying niluo_topic/student.py -> /home/interstellar/face_detect/detect_ws/build/niluo_topic/build/lib/niluo_topic
[2.359s] copying niluo_topic/niluo.py -> /home/interstellar/face_detect/detect_ws/build/niluo_topic/build/lib/niluo_topic
[2.359s] running install
[2.359s] running install_lib
[2.361s] copying /home/interstellar/face_detect/detect_ws/build/niluo_topic/build/lib/niluo_topic/student.py -> /home/interstellar/face_detect/detect_ws/install/niluo_topic/lib/python3.10/site-packages/niluo_topic
[2.361s] copying /home/interstellar/face_detect/detect_ws/build/niluo_topic/build/lib/niluo_topic/niluo.py -> /home/interstellar/face_detect/detect_ws/install/niluo_topic/lib/python3.10/site-packages/niluo_topic
[2.363s] byte-compiling /home/interstellar/face_detect/detect_ws/install/niluo_topic/lib/python3.10/site-packages/niluo_topic/student.py to student.cpython-310.pyc
[2.364s] byte-compiling /home/interstellar/face_detect/detect_ws/install/niluo_topic/lib/python3.10/site-packages/niluo_topic/niluo.py to niluo.cpython-310.pyc
[2.367s] running install_data
[2.367s] running install_egg_info
[2.372s] removing '/home/interstellar/face_detect/detect_ws/install/niluo_topic/lib/python3.10/site-packages/niluo_topic-0.0.0-py3.10.egg-info' (and everything under it)
[2.372s] Copying ../../build/niluo_topic/niluo_topic.egg-info to /home/interstellar/face_detect/detect_ws/install/niluo_topic/lib/python3.10/site-packages/niluo_topic-0.0.0-py3.10.egg-info
[2.375s] running install_scripts
[2.434s] Installing niluo script to /home/interstellar/face_detect/detect_ws/install/niluo_topic/lib/niluo_topic
[2.434s] Installing student script to /home/interstellar/face_detect/detect_ws/install/niluo_topic/lib/niluo_topic
[2.434s] writing list of installed files to '/home/interstellar/face_detect/detect_ws/build/niluo_topic/install.log'
[2.486s] Invoked command in '/home/interstellar/face_detect/detect_ws/src/niluo_topic' returned '0': PYTHONPATH=/home/interstellar/face_detect/detect_ws/build/niluo_topic/prefix_override:/usr/lib/python3/dist-packages/colcon_core/task/python/colcon_distutils_commands:/home/interstellar/face_detect/detect_ws/install/niluo_topic/lib/python3.10/site-packages:${PYTHONPATH} /usr/bin/python3 -W ignore:setup.py install is deprecated setup.py egg_info --egg-base ../../build/niluo_topic build --build-base /home/interstellar/face_detect/detect_ws/build/niluo_topic/build install --record /home/interstellar/face_detect/detect_ws/build/niluo_topic/install.log --single-version-externally-managed install_data
