[0.107s] Invoking command in '/home/interstellar/face_detect/detect_ws/build/server_demo': CMAKE_PREFIX_PATH=/opt/ros/humble /usr/bin/cmake /home/interstellar/face_detect/detect_ws/src/server_demo -DCMAKE_INSTALL_PREFIX=/home/interstellar/face_detect/detect_ws/install/server_demo
[0.836s] -- The C compiler identification is GNU 11.4.0
[1.555s] -- The CXX compiler identification is GNU 11.4.0
[1.634s] -- Detecting C compiler ABI info
[2.586s] -- Detecting C compiler ABI info - done
[2.614s] -- Check for working C compiler: /usr/bin/cc - skipped
[2.616s] -- Detecting C compile features
[2.619s] -- Detecting C compile features - done
[2.644s] -- Detecting CXX compiler ABI info
[3.770s] -- Detecting CXX compiler ABI info - done
[3.799s] -- Check for working CXX compiler: /usr/bin/c++ - skipped
[3.802s] -- Detecting CXX compile features
[3.804s] -- Detecting CXX compile features - done
[3.828s] -- Found ament_cmake: 1.3.10 (/opt/ros/humble/share/ament_cmake/cmake)
[5.072s] -- Found Python3: /usr/bin/python3 (found version "3.10.12") found components: Interpreter 
[5.750s] -- Found ament_lint_auto: 0.12.11 (/opt/ros/humble/share/ament_lint_auto/cmake)
[6.332s] -- Added test 'lint_cmake' to check CMake code style
[6.351s] -- Added test 'xmllint' to check XML markup files
[6.366s] -- Configuring done
[6.407s] -- Generating done
[6.414s] -- Build files have been written to: /home/interstellar/face_detect/detect_ws/build/server_demo
[6.471s] Invoked command in '/home/interstellar/face_detect/detect_ws/build/server_demo' returned '0': CMAKE_PREFIX_PATH=/opt/ros/humble /usr/bin/cmake /home/interstellar/face_detect/detect_ws/src/server_demo -DCMAKE_INSTALL_PREFIX=/home/interstellar/face_detect/detect_ws/install/server_demo
[6.477s] Invoking command in '/home/interstellar/face_detect/detect_ws/build/server_demo': CMAKE_PREFIX_PATH=/opt/ros/humble /usr/bin/cmake --build /home/interstellar/face_detect/detect_ws/build/server_demo -- -j4 -l4
[7.042s] Invoked command in '/home/interstellar/face_detect/detect_ws/build/server_demo' returned '0': CMAKE_PREFIX_PATH=/opt/ros/humble /usr/bin/cmake --build /home/interstellar/face_detect/detect_ws/build/server_demo -- -j4 -l4
[7.598s] Invoking command in '/home/interstellar/face_detect/detect_ws/build/server_demo': CMAKE_PREFIX_PATH=/opt/ros/humble /usr/bin/cmake --install /home/interstellar/face_detect/detect_ws/build/server_demo
[7.702s] -- Install configuration: ""
[7.705s] -- Installing: /home/interstellar/face_detect/detect_ws/install/server_demo/share/ament_index/resource_index/package_run_dependencies/server_demo
[7.709s] -- Installing: /home/interstellar/face_detect/detect_ws/install/server_demo/share/ament_index/resource_index/parent_prefix_path/server_demo
[7.713s] -- Installing: /home/interstellar/face_detect/detect_ws/install/server_demo/share/server_demo/environment/ament_prefix_path.sh
[7.717s] -- Installing: /home/interstellar/face_detect/detect_ws/install/server_demo/share/server_demo/environment/ament_prefix_path.dsv
[7.719s] -- Installing: /home/interstellar/face_detect/detect_ws/install/server_demo/share/server_demo/environment/path.sh
[7.721s] -- Installing: /home/interstellar/face_detect/detect_ws/install/server_demo/share/server_demo/environment/path.dsv
[7.724s] -- Installing: /home/interstellar/face_detect/detect_ws/install/server_demo/share/server_demo/local_setup.bash
[7.726s] -- Installing: /home/interstellar/face_detect/detect_ws/install/server_demo/share/server_demo/local_setup.sh
[7.726s] -- Installing: /home/interstellar/face_detect/detect_ws/install/server_demo/share/server_demo/local_setup.zsh
[7.728s] -- Installing: /home/interstellar/face_detect/detect_ws/install/server_demo/share/server_demo/local_setup.dsv
[7.731s] -- Installing: /home/interstellar/face_detect/detect_ws/install/server_demo/share/server_demo/package.dsv
[7.734s] -- Installing: /home/interstellar/face_detect/detect_ws/install/server_demo/share/ament_index/resource_index/packages/server_demo
[7.736s] -- Installing: /home/interstellar/face_detect/detect_ws/install/server_demo/share/server_demo/cmake/server_demoConfig.cmake
[7.737s] -- Installing: /home/interstellar/face_detect/detect_ws/install/server_demo/share/server_demo/cmake/server_demoConfig-version.cmake
[7.745s] -- Installing: /home/interstellar/face_detect/detect_ws/install/server_demo/share/server_demo/package.xml
[7.768s] Invoked command in '/home/interstellar/face_detect/detect_ws/build/server_demo' returned '0': CMAKE_PREFIX_PATH=/opt/ros/humble /usr/bin/cmake --install /home/interstellar/face_detect/detect_ws/build/server_demo
