[0.041s] Invoking command in '/home/interstellar/face_detect/detect_ws/build/server_demo': CMAKE_PREFIX_PATH=${CMAKE_PREFIX_PATH}:/home/interstellar/face_detect/detect_ws/install/py_server:/opt/ros/humble /usr/bin/cmake --build /home/interstellar/face_detect/detect_ws/build/server_demo -- -j4 -l4
[0.289s] [  9%] Built target server_demo__rosidl_generator_c
[0.295s] [  9%] Built target ament_cmake_python_copy_server_demo
[0.302s] [ 12%] Built target server_demo__cpp
[0.397s] [ 22%] Built target server_demo__rosidl_typesupport_fastrtps_c
[0.399s] [ 32%] Built target server_demo__rosidl_typesupport_c
[0.417s] [ 41%] Built target server_demo__rosidl_typesupport_introspection_c
[0.486s] [ 54%] Built target server_demo__rosidl_typesupport_cpp
[0.489s] [ 61%] Built target server_demo__rosidl_typesupport_fastrtps_cpp
[0.520s] [ 70%] Built target server_demo__rosidl_typesupport_introspection_cpp
[0.598s] [ 70%] Built target server_demo
[0.682s] [ 74%] Built target server_demo__py
[0.766s] [ 80%] Built target server_demo__rosidl_generator_py
[0.861s] [ 87%] Built target server_demo__rosidl_typesupport_introspection_c__pyext
[0.862s] [ 93%] Built target server_demo__rosidl_typesupport_c__pyext
[0.870s] [100%] Built target server_demo__rosidl_typesupport_fastrtps_c__pyext
[0.947s] running egg_info
[0.950s] writing server_demo.egg-info/PKG-INFO
[0.951s] writing dependency_links to server_demo.egg-info/dependency_links.txt
[0.951s] writing top-level names to server_demo.egg-info/top_level.txt
[0.956s] reading manifest file 'server_demo.egg-info/SOURCES.txt'
[0.958s] writing manifest file 'server_demo.egg-info/SOURCES.txt'
[1.032s] [100%] Built target ament_cmake_python_build_server_demo_egg
[1.070s] Invoked command in '/home/interstellar/face_detect/detect_ws/build/server_demo' returned '0': CMAKE_PREFIX_PATH=${CMAKE_PREFIX_PATH}:/home/interstellar/face_detect/detect_ws/install/py_server:/opt/ros/humble /usr/bin/cmake --build /home/interstellar/face_detect/detect_ws/build/server_demo -- -j4 -l4
[1.498s] Invoking command in '/home/interstellar/face_detect/detect_ws/build/server_demo': CMAKE_PREFIX_PATH=${CMAKE_PREFIX_PATH}:/home/interstellar/face_detect/detect_ws/install/py_server:/opt/ros/humble /usr/bin/cmake --install /home/interstellar/face_detect/detect_ws/build/server_demo
[1.524s] -- Install configuration: ""
[1.525s] -- Up-to-date: /home/interstellar/face_detect/detect_ws/install/server_demo/share/ament_index/resource_index/rosidl_interfaces/server_demo
[1.525s] -- Up-to-date: /home/interstellar/face_detect/detect_ws/install/server_demo/include/server_demo/server_demo
[1.525s] -- Up-to-date: /home/interstellar/face_detect/detect_ws/install/server_demo/include/server_demo/server_demo/srv
[1.525s] -- Up-to-date: /home/interstellar/face_detect/detect_ws/install/server_demo/include/server_demo/server_demo/srv/myimage.h
[1.525s] -- Up-to-date: /home/interstellar/face_detect/detect_ws/install/server_demo/include/server_demo/server_demo/srv/detail
[1.525s] -- Up-to-date: /home/interstellar/face_detect/detect_ws/install/server_demo/include/server_demo/server_demo/srv/detail/myimage__type_support.h
[1.526s] -- Up-to-date: /home/interstellar/face_detect/detect_ws/install/server_demo/include/server_demo/server_demo/srv/detail/myimage__struct.h
[1.526s] -- Up-to-date: /home/interstellar/face_detect/detect_ws/install/server_demo/include/server_demo/server_demo/srv/detail/myimage__functions.h
[1.527s] -- Up-to-date: /home/interstellar/face_detect/detect_ws/install/server_demo/include/server_demo/server_demo/srv/detail/myimage__functions.c
[1.528s] -- Up-to-date: /home/interstellar/face_detect/detect_ws/install/server_demo/include/server_demo/server_demo/msg
[1.529s] -- Up-to-date: /home/interstellar/face_detect/detect_ws/install/server_demo/include/server_demo/server_demo/msg/rosidl_generator_c__visibility_control.h
[1.529s] -- Up-to-date: /home/interstellar/face_detect/detect_ws/install/server_demo/share/server_demo/environment/library_path.sh
[1.529s] -- Up-to-date: /home/interstellar/face_detect/detect_ws/install/server_demo/share/server_demo/environment/library_path.dsv
[1.530s] -- Up-to-date: /home/interstellar/face_detect/detect_ws/install/server_demo/lib/libserver_demo__rosidl_generator_c.so
[1.530s] -- Up-to-date: /home/interstellar/face_detect/detect_ws/install/server_demo/include/server_demo/server_demo
[1.531s] -- Up-to-date: /home/interstellar/face_detect/detect_ws/install/server_demo/include/server_demo/server_demo/srv
[1.531s] -- Up-to-date: /home/interstellar/face_detect/detect_ws/install/server_demo/include/server_demo/server_demo/srv/detail
[1.531s] -- Up-to-date: /home/interstellar/face_detect/detect_ws/install/server_demo/include/server_demo/server_demo/srv/detail/myimage__rosidl_typesupport_fastrtps_c.h
[1.531s] -- Up-to-date: /home/interstellar/face_detect/detect_ws/install/server_demo/include/server_demo/server_demo/msg
[1.531s] -- Up-to-date: /home/interstellar/face_detect/detect_ws/install/server_demo/include/server_demo/server_demo/msg/rosidl_typesupport_fastrtps_c__visibility_control.h
[1.532s] -- Up-to-date: /home/interstellar/face_detect/detect_ws/install/server_demo/lib/libserver_demo__rosidl_typesupport_fastrtps_c.so
[1.532s] -- Up-to-date: /home/interstellar/face_detect/detect_ws/install/server_demo/include/server_demo/server_demo
[1.532s] -- Up-to-date: /home/interstellar/face_detect/detect_ws/install/server_demo/include/server_demo/server_demo/srv
[1.532s] -- Up-to-date: /home/interstellar/face_detect/detect_ws/install/server_demo/include/server_demo/server_demo/srv/detail
[1.532s] -- Up-to-date: /home/interstellar/face_detect/detect_ws/install/server_demo/include/server_demo/server_demo/srv/detail/myimage__traits.hpp
[1.532s] -- Up-to-date: /home/interstellar/face_detect/detect_ws/install/server_demo/include/server_demo/server_demo/srv/detail/myimage__struct.hpp
[1.533s] -- Up-to-date: /home/interstellar/face_detect/detect_ws/install/server_demo/include/server_demo/server_demo/srv/detail/myimage__builder.hpp
[1.534s] -- Up-to-date: /home/interstellar/face_detect/detect_ws/install/server_demo/include/server_demo/server_demo/srv/myimage.hpp
[1.534s] -- Up-to-date: /home/interstellar/face_detect/detect_ws/install/server_demo/include/server_demo/server_demo
[1.534s] -- Up-to-date: /home/interstellar/face_detect/detect_ws/install/server_demo/include/server_demo/server_demo/srv
[1.534s] -- Up-to-date: /home/interstellar/face_detect/detect_ws/install/server_demo/include/server_demo/server_demo/srv/detail
[1.535s] -- Up-to-date: /home/interstellar/face_detect/detect_ws/install/server_demo/include/server_demo/server_demo/srv/detail/myimage__rosidl_typesupport_fastrtps_cpp.hpp
[1.535s] -- Up-to-date: /home/interstellar/face_detect/detect_ws/install/server_demo/include/server_demo/server_demo/srv/detail/dds_fastrtps
[1.535s] -- Up-to-date: /home/interstellar/face_detect/detect_ws/install/server_demo/include/server_demo/server_demo/msg
[1.535s] -- Up-to-date: /home/interstellar/face_detect/detect_ws/install/server_demo/include/server_demo/server_demo/msg/rosidl_typesupport_fastrtps_cpp__visibility_control.h
[1.535s] -- Up-to-date: /home/interstellar/face_detect/detect_ws/install/server_demo/lib/libserver_demo__rosidl_typesupport_fastrtps_cpp.so
[1.536s] -- Up-to-date: /home/interstellar/face_detect/detect_ws/install/server_demo/include/server_demo/server_demo
[1.536s] -- Up-to-date: /home/interstellar/face_detect/detect_ws/install/server_demo/include/server_demo/server_demo/srv
[1.536s] -- Up-to-date: /home/interstellar/face_detect/detect_ws/install/server_demo/include/server_demo/server_demo/srv/detail
[1.536s] -- Up-to-date: /home/interstellar/face_detect/detect_ws/install/server_demo/include/server_demo/server_demo/srv/detail/myimage__type_support.c
[1.537s] -- Up-to-date: /home/interstellar/face_detect/detect_ws/install/server_demo/include/server_demo/server_demo/srv/detail/myimage__rosidl_typesupport_introspection_c.h
[1.537s] -- Up-to-date: /home/interstellar/face_detect/detect_ws/install/server_demo/include/server_demo/server_demo/msg
[1.537s] -- Up-to-date: /home/interstellar/face_detect/detect_ws/install/server_demo/include/server_demo/server_demo/msg/rosidl_typesupport_introspection_c__visibility_control.h
[1.537s] -- Up-to-date: /home/interstellar/face_detect/detect_ws/install/server_demo/lib/libserver_demo__rosidl_typesupport_introspection_c.so
[1.537s] -- Up-to-date: /home/interstellar/face_detect/detect_ws/install/server_demo/lib/libserver_demo__rosidl_typesupport_c.so
[1.538s] -- Up-to-date: /home/interstellar/face_detect/detect_ws/install/server_demo/include/server_demo/server_demo
[1.538s] -- Up-to-date: /home/interstellar/face_detect/detect_ws/install/server_demo/include/server_demo/server_demo/srv
[1.538s] -- Up-to-date: /home/interstellar/face_detect/detect_ws/install/server_demo/include/server_demo/server_demo/srv/detail
[1.538s] -- Up-to-date: /home/interstellar/face_detect/detect_ws/install/server_demo/include/server_demo/server_demo/srv/detail/myimage__type_support.cpp
[1.538s] -- Up-to-date: /home/interstellar/face_detect/detect_ws/install/server_demo/include/server_demo/server_demo/srv/detail/myimage__rosidl_typesupport_introspection_cpp.hpp
[1.539s] -- Up-to-date: /home/interstellar/face_detect/detect_ws/install/server_demo/lib/libserver_demo__rosidl_typesupport_introspection_cpp.so
[1.539s] -- Up-to-date: /home/interstellar/face_detect/detect_ws/install/server_demo/lib/libserver_demo__rosidl_typesupport_cpp.so
[1.539s] -- Up-to-date: /home/interstellar/face_detect/detect_ws/install/server_demo/share/server_demo/environment/pythonpath.sh
[1.539s] -- Up-to-date: /home/interstellar/face_detect/detect_ws/install/server_demo/share/server_demo/environment/pythonpath.dsv
[1.539s] -- Up-to-date: /home/interstellar/face_detect/detect_ws/install/server_demo/local/lib/python3.10/dist-packages/server_demo-0.0.0-py3.10.egg-info
[1.540s] -- Installing: /home/interstellar/face_detect/detect_ws/install/server_demo/local/lib/python3.10/dist-packages/server_demo-0.0.0-py3.10.egg-info/dependency_links.txt
[1.541s] -- Installing: /home/interstellar/face_detect/detect_ws/install/server_demo/local/lib/python3.10/dist-packages/server_demo-0.0.0-py3.10.egg-info/top_level.txt
[1.541s] -- Installing: /home/interstellar/face_detect/detect_ws/install/server_demo/local/lib/python3.10/dist-packages/server_demo-0.0.0-py3.10.egg-info/SOURCES.txt
[1.541s] -- Installing: /home/interstellar/face_detect/detect_ws/install/server_demo/local/lib/python3.10/dist-packages/server_demo-0.0.0-py3.10.egg-info/PKG-INFO
[1.541s] -- Up-to-date: /home/interstellar/face_detect/detect_ws/install/server_demo/local/lib/python3.10/dist-packages/server_demo
[1.542s] -- Up-to-date: /home/interstellar/face_detect/detect_ws/install/server_demo/local/lib/python3.10/dist-packages/server_demo/__init__.py
[1.542s] -- Up-to-date: /home/interstellar/face_detect/detect_ws/install/server_demo/local/lib/python3.10/dist-packages/server_demo/_server_demo_s.ep.rosidl_typesupport_introspection_c.c
[1.542s] -- Up-to-date: /home/interstellar/face_detect/detect_ws/install/server_demo/local/lib/python3.10/dist-packages/server_demo/server_demo_s__rosidl_typesupport_fastrtps_c.cpython-310-x86_64-linux-gnu.so
[1.543s] -- Up-to-date: /home/interstellar/face_detect/detect_ws/install/server_demo/local/lib/python3.10/dist-packages/server_demo/server_demo_s__rosidl_typesupport_c.cpython-310-x86_64-linux-gnu.so
[1.543s] -- Up-to-date: /home/interstellar/face_detect/detect_ws/install/server_demo/local/lib/python3.10/dist-packages/server_demo/srv
[1.543s] -- Up-to-date: /home/interstellar/face_detect/detect_ws/install/server_demo/local/lib/python3.10/dist-packages/server_demo/srv/__init__.py
[1.543s] -- Up-to-date: /home/interstellar/face_detect/detect_ws/install/server_demo/local/lib/python3.10/dist-packages/server_demo/srv/_myimage.py
[1.544s] -- Up-to-date: /home/interstellar/face_detect/detect_ws/install/server_demo/local/lib/python3.10/dist-packages/server_demo/srv/_myimage_s.c
[1.544s] -- Up-to-date: /home/interstellar/face_detect/detect_ws/install/server_demo/local/lib/python3.10/dist-packages/server_demo/libserver_demo__rosidl_generator_py.so
[1.544s] -- Up-to-date: /home/interstellar/face_detect/detect_ws/install/server_demo/local/lib/python3.10/dist-packages/server_demo/_server_demo_s.ep.rosidl_typesupport_fastrtps_c.c
[1.544s] -- Up-to-date: /home/interstellar/face_detect/detect_ws/install/server_demo/local/lib/python3.10/dist-packages/server_demo/_server_demo_s.ep.rosidl_typesupport_c.c
[1.545s] -- Up-to-date: /home/interstellar/face_detect/detect_ws/install/server_demo/local/lib/python3.10/dist-packages/server_demo/server_demo_s__rosidl_typesupport_introspection_c.cpython-310-x86_64-linux-gnu.so
[1.628s] Listing '/home/interstellar/face_detect/detect_ws/install/server_demo/local/lib/python3.10/dist-packages/server_demo'...
[1.628s] Listing '/home/interstellar/face_detect/detect_ws/install/server_demo/local/lib/python3.10/dist-packages/server_demo/srv'...
[1.642s] -- Up-to-date: /home/interstellar/face_detect/detect_ws/install/server_demo/local/lib/python3.10/dist-packages/server_demo/server_demo_s__rosidl_typesupport_fastrtps_c.cpython-310-x86_64-linux-gnu.so
[1.643s] -- Up-to-date: /home/interstellar/face_detect/detect_ws/install/server_demo/local/lib/python3.10/dist-packages/server_demo/server_demo_s__rosidl_typesupport_introspection_c.cpython-310-x86_64-linux-gnu.so
[1.644s] -- Up-to-date: /home/interstellar/face_detect/detect_ws/install/server_demo/local/lib/python3.10/dist-packages/server_demo/server_demo_s__rosidl_typesupport_c.cpython-310-x86_64-linux-gnu.so
[1.644s] -- Up-to-date: /home/interstellar/face_detect/detect_ws/install/server_demo/lib/libserver_demo__rosidl_generator_py.so
[1.644s] -- Up-to-date: /home/interstellar/face_detect/detect_ws/install/server_demo/share/server_demo/srv/Myimage.idl
[1.644s] -- Up-to-date: /home/interstellar/face_detect/detect_ws/install/server_demo/share/server_demo/srv/Myimage.srv
[1.644s] -- Up-to-date: /home/interstellar/face_detect/detect_ws/install/server_demo/share/server_demo/srv/Myimage_Request.msg
[1.645s] -- Up-to-date: /home/interstellar/face_detect/detect_ws/install/server_demo/share/server_demo/srv/Myimage_Response.msg
[1.645s] -- Up-to-date: /home/interstellar/face_detect/detect_ws/install/server_demo/share/ament_index/resource_index/package_run_dependencies/server_demo
[1.645s] -- Up-to-date: /home/interstellar/face_detect/detect_ws/install/server_demo/share/ament_index/resource_index/parent_prefix_path/server_demo
[1.645s] -- Up-to-date: /home/interstellar/face_detect/detect_ws/install/server_demo/share/server_demo/environment/ament_prefix_path.sh
[1.645s] -- Up-to-date: /home/interstellar/face_detect/detect_ws/install/server_demo/share/server_demo/environment/ament_prefix_path.dsv
[1.645s] -- Up-to-date: /home/interstellar/face_detect/detect_ws/install/server_demo/share/server_demo/environment/path.sh
[1.645s] -- Up-to-date: /home/interstellar/face_detect/detect_ws/install/server_demo/share/server_demo/environment/path.dsv
[1.646s] -- Up-to-date: /home/interstellar/face_detect/detect_ws/install/server_demo/share/server_demo/local_setup.bash
[1.646s] -- Up-to-date: /home/interstellar/face_detect/detect_ws/install/server_demo/share/server_demo/local_setup.sh
[1.646s] -- Up-to-date: /home/interstellar/face_detect/detect_ws/install/server_demo/share/server_demo/local_setup.zsh
[1.646s] -- Up-to-date: /home/interstellar/face_detect/detect_ws/install/server_demo/share/server_demo/local_setup.dsv
[1.647s] -- Installing: /home/interstellar/face_detect/detect_ws/install/server_demo/share/server_demo/package.dsv
[1.647s] -- Up-to-date: /home/interstellar/face_detect/detect_ws/install/server_demo/share/ament_index/resource_index/packages/server_demo
[1.647s] -- Up-to-date: /home/interstellar/face_detect/detect_ws/install/server_demo/share/server_demo/cmake/export_server_demo__rosidl_generator_cExport.cmake
[1.647s] -- Up-to-date: /home/interstellar/face_detect/detect_ws/install/server_demo/share/server_demo/cmake/export_server_demo__rosidl_generator_cExport-noconfig.cmake
[1.647s] -- Up-to-date: /home/interstellar/face_detect/detect_ws/install/server_demo/share/server_demo/cmake/export_server_demo__rosidl_typesupport_fastrtps_cExport.cmake
[1.648s] -- Up-to-date: /home/interstellar/face_detect/detect_ws/install/server_demo/share/server_demo/cmake/export_server_demo__rosidl_typesupport_fastrtps_cExport-noconfig.cmake
[1.648s] -- Up-to-date: /home/interstellar/face_detect/detect_ws/install/server_demo/share/server_demo/cmake/export_server_demo__rosidl_generator_cppExport.cmake
[1.649s] -- Up-to-date: /home/interstellar/face_detect/detect_ws/install/server_demo/share/server_demo/cmake/export_server_demo__rosidl_typesupport_fastrtps_cppExport.cmake
[1.650s] -- Up-to-date: /home/interstellar/face_detect/detect_ws/install/server_demo/share/server_demo/cmake/export_server_demo__rosidl_typesupport_fastrtps_cppExport-noconfig.cmake
[1.651s] -- Up-to-date: /home/interstellar/face_detect/detect_ws/install/server_demo/share/server_demo/cmake/server_demo__rosidl_typesupport_introspection_cExport.cmake
[1.652s] -- Up-to-date: /home/interstellar/face_detect/detect_ws/install/server_demo/share/server_demo/cmake/server_demo__rosidl_typesupport_introspection_cExport-noconfig.cmake
[1.652s] -- Up-to-date: /home/interstellar/face_detect/detect_ws/install/server_demo/share/server_demo/cmake/server_demo__rosidl_typesupport_cExport.cmake
[1.652s] -- Up-to-date: /home/interstellar/face_detect/detect_ws/install/server_demo/share/server_demo/cmake/server_demo__rosidl_typesupport_cExport-noconfig.cmake
[1.652s] -- Up-to-date: /home/interstellar/face_detect/detect_ws/install/server_demo/share/server_demo/cmake/server_demo__rosidl_typesupport_introspection_cppExport.cmake
[1.653s] -- Up-to-date: /home/interstellar/face_detect/detect_ws/install/server_demo/share/server_demo/cmake/server_demo__rosidl_typesupport_introspection_cppExport-noconfig.cmake
[1.653s] -- Up-to-date: /home/interstellar/face_detect/detect_ws/install/server_demo/share/server_demo/cmake/server_demo__rosidl_typesupport_cppExport.cmake
[1.653s] -- Up-to-date: /home/interstellar/face_detect/detect_ws/install/server_demo/share/server_demo/cmake/server_demo__rosidl_typesupport_cppExport-noconfig.cmake
[1.653s] -- Up-to-date: /home/interstellar/face_detect/detect_ws/install/server_demo/share/server_demo/cmake/export_server_demo__rosidl_generator_pyExport.cmake
[1.655s] -- Up-to-date: /home/interstellar/face_detect/detect_ws/install/server_demo/share/server_demo/cmake/export_server_demo__rosidl_generator_pyExport-noconfig.cmake
[1.655s] -- Up-to-date: /home/interstellar/face_detect/detect_ws/install/server_demo/share/server_demo/cmake/rosidl_cmake-extras.cmake
[1.655s] -- Up-to-date: /home/interstellar/face_detect/detect_ws/install/server_demo/share/server_demo/cmake/ament_cmake_export_dependencies-extras.cmake
[1.655s] -- Up-to-date: /home/interstellar/face_detect/detect_ws/install/server_demo/share/server_demo/cmake/ament_cmake_export_include_directories-extras.cmake
[1.655s] -- Up-to-date: /home/interstellar/face_detect/detect_ws/install/server_demo/share/server_demo/cmake/ament_cmake_export_libraries-extras.cmake
[1.655s] -- Up-to-date: /home/interstellar/face_detect/detect_ws/install/server_demo/share/server_demo/cmake/ament_cmake_export_targets-extras.cmake
[1.656s] -- Up-to-date: /home/interstellar/face_detect/detect_ws/install/server_demo/share/server_demo/cmake/rosidl_cmake_export_typesupport_targets-extras.cmake
[1.656s] -- Up-to-date: /home/interstellar/face_detect/detect_ws/install/server_demo/share/server_demo/cmake/rosidl_cmake_export_typesupport_libraries-extras.cmake
[1.656s] -- Up-to-date: /home/interstellar/face_detect/detect_ws/install/server_demo/share/server_demo/cmake/server_demoConfig.cmake
[1.656s] -- Up-to-date: /home/interstellar/face_detect/detect_ws/install/server_demo/share/server_demo/cmake/server_demoConfig-version.cmake
[1.657s] -- Up-to-date: /home/interstellar/face_detect/detect_ws/install/server_demo/share/server_demo/package.xml
[1.663s] Invoked command in '/home/interstellar/face_detect/detect_ws/build/server_demo' returned '0': CMAKE_PREFIX_PATH=${CMAKE_PREFIX_PATH}:/home/interstellar/face_detect/detect_ws/install/py_server:/opt/ros/humble /usr/bin/cmake --install /home/interstellar/face_detect/detect_ws/build/server_demo
