[0.275s] DEBUG:colcon:Command line arguments: ['/usr/bin/colcon', 'build', '--packages-select', 'niluo_topic']
[0.276s] DEBUG:colcon:Parsed command line arguments: Namespace(log_base=None, log_level=None, verb_name='build', build_base='build', install_base='install', merge_install=False, symlink_install=False, test_result_base=None, continue_on_error=False, executor='parallel', parallel_workers=4, event_handlers=None, ignore_user_meta=False, metas=['./colcon.meta'], base_paths=['.'], packages_ignore=None, packages_ignore_regex=None, paths=None, packages_up_to=None, packages_up_to_regex=None, packages_above=None, packages_above_and_dependencies=None, packages_above_depth=None, packages_select_by_dep=None, packages_skip_by_dep=None, packages_skip_up_to=None, packages_select_build_failed=False, packages_skip_build_finished=False, packages_select_test_failures=False, packages_skip_test_passed=False, packages_select=['niluo_topic'], packages_skip=None, packages_select_regex=None, packages_skip_regex=None, packages_start=None, packages_end=None, allow_overriding=[], cmake_args=None, cmake_target=None, cmake_target_skip_unavailable=False, cmake_clean_cache=False, cmake_clean_first=False, cmake_force_configure=False, ament_cmake_args=None, catkin_cmake_args=None, catkin_skip_building_tests=False, verb_parser=<colcon_defaults.argument_parser.defaults.DefaultArgumentsDecorator object at 0x775274d447f0>, verb_extension=<colcon_core.verb.build.BuildVerb object at 0x775274d44280>, main=<bound method BuildVerb.main of <colcon_core.verb.build.BuildVerb object at 0x775274d44280>>)
[1.146s] Level 1:colcon.colcon_core.package_discovery:discover_packages(colcon_meta) check parameters
[1.147s] Level 1:colcon.colcon_core.package_discovery:discover_packages(recursive) check parameters
[1.147s] Level 1:colcon.colcon_core.package_discovery:discover_packages(ignore) check parameters
[1.147s] Level 1:colcon.colcon_core.package_discovery:discover_packages(path) check parameters
[1.147s] Level 1:colcon.colcon_core.package_discovery:discover_packages(colcon_meta) discover
[1.147s] Level 1:colcon.colcon_core.package_discovery:discover_packages(recursive) discover
[1.147s] INFO:colcon.colcon_core.package_discovery:Crawling recursively for packages in '/home/interstellar/face_detect/detect_ws'
[1.147s] Level 1:colcon.colcon_core.package_identification:_identify(.) by extensions ['ignore', 'ignore_ament_install']
[1.148s] Level 1:colcon.colcon_core.package_identification:_identify(.) by extension 'ignore'
[1.148s] Level 1:colcon.colcon_core.package_identification:_identify(.) by extension 'ignore_ament_install'
[1.148s] Level 1:colcon.colcon_core.package_identification:_identify(.) by extensions ['colcon_pkg']
[1.148s] Level 1:colcon.colcon_core.package_identification:_identify(.) by extension 'colcon_pkg'
[1.148s] Level 1:colcon.colcon_core.package_identification:_identify(.) by extensions ['colcon_meta']
[1.148s] Level 1:colcon.colcon_core.package_identification:_identify(.) by extension 'colcon_meta'
[1.148s] Level 1:colcon.colcon_core.package_identification:_identify(.) by extensions ['ros']
[1.148s] Level 1:colcon.colcon_core.package_identification:_identify(.) by extension 'ros'
[1.181s] Level 1:colcon.colcon_core.package_identification:_identify(.) by extensions ['cmake', 'python']
[1.181s] Level 1:colcon.colcon_core.package_identification:_identify(.) by extension 'cmake'
[1.181s] Level 1:colcon.colcon_core.package_identification:_identify(.) by extension 'python'
[1.181s] Level 1:colcon.colcon_core.package_identification:_identify(.) by extensions ['python_setup_py']
[1.182s] Level 1:colcon.colcon_core.package_identification:_identify(.) by extension 'python_setup_py'
[1.182s] Level 1:colcon.colcon_core.package_identification:_identify(build) by extensions ['ignore', 'ignore_ament_install']
[1.182s] Level 1:colcon.colcon_core.package_identification:_identify(build) by extension 'ignore'
[1.183s] Level 1:colcon.colcon_core.package_identification:_identify(build) ignored
[1.183s] Level 1:colcon.colcon_core.package_identification:_identify(images) by extensions ['ignore', 'ignore_ament_install']
[1.183s] Level 1:colcon.colcon_core.package_identification:_identify(images) by extension 'ignore'
[1.183s] Level 1:colcon.colcon_core.package_identification:_identify(images) by extension 'ignore_ament_install'
[1.183s] Level 1:colcon.colcon_core.package_identification:_identify(images) by extensions ['colcon_pkg']
[1.183s] Level 1:colcon.colcon_core.package_identification:_identify(images) by extension 'colcon_pkg'
[1.183s] Level 1:colcon.colcon_core.package_identification:_identify(images) by extensions ['colcon_meta']
[1.183s] Level 1:colcon.colcon_core.package_identification:_identify(images) by extension 'colcon_meta'
[1.184s] Level 1:colcon.colcon_core.package_identification:_identify(images) by extensions ['ros']
[1.184s] Level 1:colcon.colcon_core.package_identification:_identify(images) by extension 'ros'
[1.184s] Level 1:colcon.colcon_core.package_identification:_identify(images) by extensions ['cmake', 'python']
[1.184s] Level 1:colcon.colcon_core.package_identification:_identify(images) by extension 'cmake'
[1.184s] Level 1:colcon.colcon_core.package_identification:_identify(images) by extension 'python'
[1.185s] Level 1:colcon.colcon_core.package_identification:_identify(images) by extensions ['python_setup_py']
[1.185s] Level 1:colcon.colcon_core.package_identification:_identify(images) by extension 'python_setup_py'
[1.185s] Level 1:colcon.colcon_core.package_identification:_identify(install) by extensions ['ignore', 'ignore_ament_install']
[1.185s] Level 1:colcon.colcon_core.package_identification:_identify(install) by extension 'ignore'
[1.185s] Level 1:colcon.colcon_core.package_identification:_identify(install) ignored
[1.186s] Level 1:colcon.colcon_core.package_identification:_identify(log) by extensions ['ignore', 'ignore_ament_install']
[1.186s] Level 1:colcon.colcon_core.package_identification:_identify(log) by extension 'ignore'
[1.186s] Level 1:colcon.colcon_core.package_identification:_identify(log) ignored
[1.186s] Level 1:colcon.colcon_core.package_identification:_identify(src) by extensions ['ignore', 'ignore_ament_install']
[1.186s] Level 1:colcon.colcon_core.package_identification:_identify(src) by extension 'ignore'
[1.187s] Level 1:colcon.colcon_core.package_identification:_identify(src) by extension 'ignore_ament_install'
[1.187s] Level 1:colcon.colcon_core.package_identification:_identify(src) by extensions ['colcon_pkg']
[1.187s] Level 1:colcon.colcon_core.package_identification:_identify(src) by extension 'colcon_pkg'
[1.187s] Level 1:colcon.colcon_core.package_identification:_identify(src) by extensions ['colcon_meta']
[1.187s] Level 1:colcon.colcon_core.package_identification:_identify(src) by extension 'colcon_meta'
[1.187s] Level 1:colcon.colcon_core.package_identification:_identify(src) by extensions ['ros']
[1.187s] Level 1:colcon.colcon_core.package_identification:_identify(src) by extension 'ros'
[1.188s] Level 1:colcon.colcon_core.package_identification:_identify(src) by extensions ['cmake', 'python']
[1.188s] Level 1:colcon.colcon_core.package_identification:_identify(src) by extension 'cmake'
[1.188s] Level 1:colcon.colcon_core.package_identification:_identify(src) by extension 'python'
[1.188s] Level 1:colcon.colcon_core.package_identification:_identify(src) by extensions ['python_setup_py']
[1.189s] Level 1:colcon.colcon_core.package_identification:_identify(src) by extension 'python_setup_py'
[1.189s] Level 1:colcon.colcon_core.package_identification:_identify(src/cpp_service) by extensions ['ignore', 'ignore_ament_install']
[1.189s] Level 1:colcon.colcon_core.package_identification:_identify(src/cpp_service) by extension 'ignore'
[1.189s] Level 1:colcon.colcon_core.package_identification:_identify(src/cpp_service) by extension 'ignore_ament_install'
[1.190s] Level 1:colcon.colcon_core.package_identification:_identify(src/cpp_service) by extensions ['colcon_pkg']
[1.190s] Level 1:colcon.colcon_core.package_identification:_identify(src/cpp_service) by extension 'colcon_pkg'
[1.190s] Level 1:colcon.colcon_core.package_identification:_identify(src/cpp_service) by extensions ['colcon_meta']
[1.190s] Level 1:colcon.colcon_core.package_identification:_identify(src/cpp_service) by extension 'colcon_meta'
[1.190s] Level 1:colcon.colcon_core.package_identification:_identify(src/cpp_service) by extensions ['ros']
[1.190s] Level 1:colcon.colcon_core.package_identification:_identify(src/cpp_service) by extension 'ros'
[1.199s] DEBUG:colcon.colcon_core.package_identification:Package 'src/cpp_service' with type 'ros.ament_cmake' and name 'cpp_service'
[1.199s] Level 1:colcon.colcon_core.package_identification:_identify(src/niluo_topic) by extensions ['ignore', 'ignore_ament_install']
[1.200s] Level 1:colcon.colcon_core.package_identification:_identify(src/niluo_topic) by extension 'ignore'
[1.200s] Level 1:colcon.colcon_core.package_identification:_identify(src/niluo_topic) by extension 'ignore_ament_install'
[1.200s] Level 1:colcon.colcon_core.package_identification:_identify(src/niluo_topic) by extensions ['colcon_pkg']
[1.200s] Level 1:colcon.colcon_core.package_identification:_identify(src/niluo_topic) by extension 'colcon_pkg'
[1.200s] Level 1:colcon.colcon_core.package_identification:_identify(src/niluo_topic) by extensions ['colcon_meta']
[1.200s] Level 1:colcon.colcon_core.package_identification:_identify(src/niluo_topic) by extension 'colcon_meta'
[1.200s] Level 1:colcon.colcon_core.package_identification:_identify(src/niluo_topic) by extensions ['ros']
[1.200s] Level 1:colcon.colcon_core.package_identification:_identify(src/niluo_topic) by extension 'ros'
[1.203s] DEBUG:colcon.colcon_core.package_identification:Package 'src/niluo_topic' with type 'ros.ament_python' and name 'niluo_topic'
[1.203s] Level 1:colcon.colcon_core.package_identification:_identify(src/py_server) by extensions ['ignore', 'ignore_ament_install']
[1.203s] Level 1:colcon.colcon_core.package_identification:_identify(src/py_server) by extension 'ignore'
[1.203s] Level 1:colcon.colcon_core.package_identification:_identify(src/py_server) by extension 'ignore_ament_install'
[1.203s] Level 1:colcon.colcon_core.package_identification:_identify(src/py_server) by extensions ['colcon_pkg']
[1.203s] Level 1:colcon.colcon_core.package_identification:_identify(src/py_server) by extension 'colcon_pkg'
[1.204s] Level 1:colcon.colcon_core.package_identification:_identify(src/py_server) by extensions ['colcon_meta']
[1.204s] Level 1:colcon.colcon_core.package_identification:_identify(src/py_server) by extension 'colcon_meta'
[1.204s] Level 1:colcon.colcon_core.package_identification:_identify(src/py_server) by extensions ['ros']
[1.204s] Level 1:colcon.colcon_core.package_identification:_identify(src/py_server) by extension 'ros'
[1.207s] DEBUG:colcon.colcon_core.package_identification:Package 'src/py_server' with type 'ros.ament_python' and name 'py_server'
[1.208s] Level 1:colcon.colcon_core.package_identification:_identify(src/server_demo) by extensions ['ignore', 'ignore_ament_install']
[1.208s] Level 1:colcon.colcon_core.package_identification:_identify(src/server_demo) by extension 'ignore'
[1.208s] Level 1:colcon.colcon_core.package_identification:_identify(src/server_demo) by extension 'ignore_ament_install'
[1.209s] Level 1:colcon.colcon_core.package_identification:_identify(src/server_demo) by extensions ['colcon_pkg']
[1.209s] Level 1:colcon.colcon_core.package_identification:_identify(src/server_demo) by extension 'colcon_pkg'
[1.209s] Level 1:colcon.colcon_core.package_identification:_identify(src/server_demo) by extensions ['colcon_meta']
[1.209s] Level 1:colcon.colcon_core.package_identification:_identify(src/server_demo) by extension 'colcon_meta'
[1.209s] Level 1:colcon.colcon_core.package_identification:_identify(src/server_demo) by extensions ['ros']
[1.210s] Level 1:colcon.colcon_core.package_identification:_identify(src/server_demo) by extension 'ros'
[1.212s] DEBUG:colcon.colcon_core.package_identification:Package 'src/server_demo' with type 'ros.ament_cmake' and name 'server_demo'
[1.213s] Level 1:colcon.colcon_core.package_identification:_identify(tools) by extensions ['ignore', 'ignore_ament_install']
[1.213s] Level 1:colcon.colcon_core.package_identification:_identify(tools) by extension 'ignore'
[1.213s] Level 1:colcon.colcon_core.package_identification:_identify(tools) by extension 'ignore_ament_install'
[1.213s] Level 1:colcon.colcon_core.package_identification:_identify(tools) by extensions ['colcon_pkg']
[1.213s] Level 1:colcon.colcon_core.package_identification:_identify(tools) by extension 'colcon_pkg'
[1.214s] Level 1:colcon.colcon_core.package_identification:_identify(tools) by extensions ['colcon_meta']
[1.214s] Level 1:colcon.colcon_core.package_identification:_identify(tools) by extension 'colcon_meta'
[1.214s] Level 1:colcon.colcon_core.package_identification:_identify(tools) by extensions ['ros']
[1.214s] Level 1:colcon.colcon_core.package_identification:_identify(tools) by extension 'ros'
[1.214s] Level 1:colcon.colcon_core.package_identification:_identify(tools) by extensions ['cmake', 'python']
[1.214s] Level 1:colcon.colcon_core.package_identification:_identify(tools) by extension 'cmake'
[1.214s] Level 1:colcon.colcon_core.package_identification:_identify(tools) by extension 'python'
[1.215s] Level 1:colcon.colcon_core.package_identification:_identify(tools) by extensions ['python_setup_py']
[1.215s] Level 1:colcon.colcon_core.package_identification:_identify(tools) by extension 'python_setup_py'
[1.215s] Level 1:colcon.colcon_core.package_identification:_identify(yolo_model) by extensions ['ignore', 'ignore_ament_install']
[1.215s] Level 1:colcon.colcon_core.package_identification:_identify(yolo_model) by extension 'ignore'
[1.216s] Level 1:colcon.colcon_core.package_identification:_identify(yolo_model) by extension 'ignore_ament_install'
[1.216s] Level 1:colcon.colcon_core.package_identification:_identify(yolo_model) by extensions ['colcon_pkg']
[1.216s] Level 1:colcon.colcon_core.package_identification:_identify(yolo_model) by extension 'colcon_pkg'
[1.216s] Level 1:colcon.colcon_core.package_identification:_identify(yolo_model) by extensions ['colcon_meta']
[1.216s] Level 1:colcon.colcon_core.package_identification:_identify(yolo_model) by extension 'colcon_meta'
[1.216s] Level 1:colcon.colcon_core.package_identification:_identify(yolo_model) by extensions ['ros']
[1.216s] Level 1:colcon.colcon_core.package_identification:_identify(yolo_model) by extension 'ros'
[1.216s] Level 1:colcon.colcon_core.package_identification:_identify(yolo_model) by extensions ['cmake', 'python']
[1.217s] Level 1:colcon.colcon_core.package_identification:_identify(yolo_model) by extension 'cmake'
[1.217s] Level 1:colcon.colcon_core.package_identification:_identify(yolo_model) by extension 'python'
[1.217s] Level 1:colcon.colcon_core.package_identification:_identify(yolo_model) by extensions ['python_setup_py']
[1.217s] Level 1:colcon.colcon_core.package_identification:_identify(yolo_model) by extension 'python_setup_py'
[1.217s] Level 1:colcon.colcon_core.package_discovery:discover_packages(recursive) using defaults
[1.217s] Level 1:colcon.colcon_core.package_discovery:discover_packages(ignore) discover
[1.217s] Level 1:colcon.colcon_core.package_discovery:discover_packages(ignore) using defaults
[1.217s] Level 1:colcon.colcon_core.package_discovery:discover_packages(path) discover
[1.217s] Level 1:colcon.colcon_core.package_discovery:discover_packages(path) using defaults
[1.291s] INFO:colcon.colcon_core.package_selection:Skipping not selected package 'server_demo' in 'src/server_demo'
[1.291s] INFO:colcon.colcon_core.package_selection:Skipping not selected package 'cpp_service' in 'src/cpp_service'
[1.291s] INFO:colcon.colcon_core.package_selection:Skipping not selected package 'py_server' in 'src/py_server'
[1.293s] Level 1:colcon.colcon_core.package_discovery:discover_packages(prefix_path) check parameters
[1.293s] Level 1:colcon.colcon_core.package_discovery:discover_packages(prefix_path) discover
[1.306s] DEBUG:colcon.colcon_installed_package_information.package_discovery:Found 270 installed packages in /opt/ros/humble
[1.312s] Level 1:colcon.colcon_core.package_discovery:discover_packages(prefix_path) using defaults
[1.430s] Level 5:colcon.colcon_core.verb:set package 'niluo_topic' build argument 'cmake_args' from command line to 'None'
[1.430s] Level 5:colcon.colcon_core.verb:set package 'niluo_topic' build argument 'cmake_target' from command line to 'None'
[1.430s] Level 5:colcon.colcon_core.verb:set package 'niluo_topic' build argument 'cmake_target_skip_unavailable' from command line to 'False'
[1.430s] Level 5:colcon.colcon_core.verb:set package 'niluo_topic' build argument 'cmake_clean_cache' from command line to 'False'
[1.430s] Level 5:colcon.colcon_core.verb:set package 'niluo_topic' build argument 'cmake_clean_first' from command line to 'False'
[1.431s] Level 5:colcon.colcon_core.verb:set package 'niluo_topic' build argument 'cmake_force_configure' from command line to 'False'
[1.431s] Level 5:colcon.colcon_core.verb:set package 'niluo_topic' build argument 'ament_cmake_args' from command line to 'None'
[1.431s] Level 5:colcon.colcon_core.verb:set package 'niluo_topic' build argument 'catkin_cmake_args' from command line to 'None'
[1.431s] Level 5:colcon.colcon_core.verb:set package 'niluo_topic' build argument 'catkin_skip_building_tests' from command line to 'False'
[1.431s] DEBUG:colcon.colcon_core.verb:Building package 'niluo_topic' with the following arguments: {'ament_cmake_args': None, 'build_base': '/home/interstellar/face_detect/detect_ws/build/niluo_topic', 'catkin_cmake_args': None, 'catkin_skip_building_tests': False, 'cmake_args': None, 'cmake_clean_cache': False, 'cmake_clean_first': False, 'cmake_force_configure': False, 'cmake_target': None, 'cmake_target_skip_unavailable': False, 'install_base': '/home/interstellar/face_detect/detect_ws/install/niluo_topic', 'merge_install': False, 'path': '/home/interstellar/face_detect/detect_ws/src/niluo_topic', 'symlink_install': False, 'test_result_base': None}
[1.431s] INFO:colcon.colcon_core.executor:Executing jobs using 'parallel' executor
[1.434s] DEBUG:colcon.colcon_parallel_executor.executor.parallel:run_until_complete
[1.435s] INFO:colcon.colcon_ros.task.ament_python.build:Building ROS package in '/home/interstellar/face_detect/detect_ws/src/niluo_topic' with build type 'ament_python'
[1.436s] Level 1:colcon.colcon_core.shell:create_environment_hook('niluo_topic', 'ament_prefix_path')
[1.456s] INFO:colcon.colcon_core.plugin_system:Skipping extension 'colcon_core.shell.bat': Not used on non-Windows systems
[1.457s] INFO:colcon.colcon_core.shell:Creating environment hook '/home/interstellar/face_detect/detect_ws/install/niluo_topic/share/niluo_topic/hook/ament_prefix_path.ps1'
[1.461s] INFO:colcon.colcon_core.shell:Creating environment descriptor '/home/interstellar/face_detect/detect_ws/install/niluo_topic/share/niluo_topic/hook/ament_prefix_path.dsv'
[1.463s] INFO:colcon.colcon_core.shell:Creating environment hook '/home/interstellar/face_detect/detect_ws/install/niluo_topic/share/niluo_topic/hook/ament_prefix_path.sh'
[1.466s] INFO:colcon.colcon_core.shell:Skip shell extension 'powershell' for command environment: Not usable outside of PowerShell
[1.467s] DEBUG:colcon.colcon_core.shell:Skip shell extension 'dsv' for command environment
[2.157s] INFO:colcon.colcon_core.task.python.build:Building Python package in '/home/interstellar/face_detect/detect_ws/src/niluo_topic'
[2.158s] INFO:colcon.colcon_core.shell:Skip shell extension 'powershell' for command environment: Not usable outside of PowerShell
[2.158s] DEBUG:colcon.colcon_core.shell:Skip shell extension 'dsv' for command environment
[3.163s] DEBUG:colcon.colcon_core.event_handler.log_command:Invoking command in '/home/interstellar/face_detect/detect_ws/src/niluo_topic': PYTHONPATH=/home/interstellar/face_detect/detect_ws/build/niluo_topic/prefix_override:/usr/lib/python3/dist-packages/colcon_core/task/python/colcon_distutils_commands:/home/interstellar/face_detect/detect_ws/install/niluo_topic/lib/python3.10/site-packages:${PYTHONPATH} /usr/bin/python3 -W ignore:setup.py install is deprecated setup.py egg_info --egg-base ../../build/niluo_topic build --build-base /home/interstellar/face_detect/detect_ws/build/niluo_topic/build install --record /home/interstellar/face_detect/detect_ws/build/niluo_topic/install.log --single-version-externally-managed install_data
[3.907s] DEBUG:colcon.colcon_core.event_handler.log_command:Invoked command in '/home/interstellar/face_detect/detect_ws/src/niluo_topic' returned '0': PYTHONPATH=/home/interstellar/face_detect/detect_ws/build/niluo_topic/prefix_override:/usr/lib/python3/dist-packages/colcon_core/task/python/colcon_distutils_commands:/home/interstellar/face_detect/detect_ws/install/niluo_topic/lib/python3.10/site-packages:${PYTHONPATH} /usr/bin/python3 -W ignore:setup.py install is deprecated setup.py egg_info --egg-base ../../build/niluo_topic build --build-base /home/interstellar/face_detect/detect_ws/build/niluo_topic/build install --record /home/interstellar/face_detect/detect_ws/build/niluo_topic/install.log --single-version-externally-managed install_data
[3.925s] Level 1:colcon.colcon_core.environment:checking '/home/interstellar/face_detect/detect_ws/install/niluo_topic' for CMake module files
[3.926s] Level 1:colcon.colcon_core.environment:checking '/home/interstellar/face_detect/detect_ws/install/niluo_topic' for CMake config files
[3.928s] Level 1:colcon.colcon_core.environment:checking '/home/interstellar/face_detect/detect_ws/install/niluo_topic/lib'
[3.928s] Level 1:colcon.colcon_core.environment:checking '/home/interstellar/face_detect/detect_ws/install/niluo_topic/bin'
[3.928s] Level 1:colcon.colcon_core.environment:checking '/home/interstellar/face_detect/detect_ws/install/niluo_topic/lib/pkgconfig/niluo_topic.pc'
[3.929s] Level 1:colcon.colcon_core.environment:checking '/home/interstellar/face_detect/detect_ws/install/niluo_topic/lib/python3.10/site-packages'
[3.929s] Level 1:colcon.colcon_core.shell:create_environment_hook('niluo_topic', 'pythonpath')
[3.930s] INFO:colcon.colcon_core.shell:Creating environment hook '/home/interstellar/face_detect/detect_ws/install/niluo_topic/share/niluo_topic/hook/pythonpath.ps1'
[3.931s] INFO:colcon.colcon_core.shell:Creating environment descriptor '/home/interstellar/face_detect/detect_ws/install/niluo_topic/share/niluo_topic/hook/pythonpath.dsv'
[3.932s] INFO:colcon.colcon_core.shell:Creating environment hook '/home/interstellar/face_detect/detect_ws/install/niluo_topic/share/niluo_topic/hook/pythonpath.sh'
[3.933s] Level 1:colcon.colcon_core.environment:checking '/home/interstellar/face_detect/detect_ws/install/niluo_topic/bin'
[3.933s] Level 1:colcon.colcon_core.environment:create_environment_scripts_only(niluo_topic)
[3.934s] INFO:colcon.colcon_core.shell:Creating package script '/home/interstellar/face_detect/detect_ws/install/niluo_topic/share/niluo_topic/package.ps1'
[3.937s] INFO:colcon.colcon_core.shell:Creating package descriptor '/home/interstellar/face_detect/detect_ws/install/niluo_topic/share/niluo_topic/package.dsv'
[3.940s] INFO:colcon.colcon_core.shell:Creating package script '/home/interstellar/face_detect/detect_ws/install/niluo_topic/share/niluo_topic/package.sh'
[3.943s] INFO:colcon.colcon_core.shell:Creating package script '/home/interstellar/face_detect/detect_ws/install/niluo_topic/share/niluo_topic/package.bash'
[3.946s] INFO:colcon.colcon_core.shell:Creating package script '/home/interstellar/face_detect/detect_ws/install/niluo_topic/share/niluo_topic/package.zsh'
[3.949s] Level 1:colcon.colcon_core.environment:create_file_with_runtime_dependencies(/home/interstellar/face_detect/detect_ws/install/niluo_topic/share/colcon-core/packages/niluo_topic)
[3.950s] DEBUG:colcon.colcon_parallel_executor.executor.parallel:closing loop
[3.950s] DEBUG:colcon.colcon_parallel_executor.executor.parallel:loop closed
[3.951s] DEBUG:colcon.colcon_parallel_executor.executor.parallel:run_until_complete finished with '0'
[3.951s] DEBUG:colcon.colcon_core.event_reactor:joining thread
[3.970s] INFO:colcon.colcon_core.plugin_system:Skipping extension 'colcon_notification.desktop_notification.terminal_notifier': Not used on non-Darwin systems
[3.970s] INFO:colcon.colcon_core.plugin_system:Skipping extension 'colcon_notification.desktop_notification.win32': Not used on non-Windows systems
[3.970s] INFO:colcon.colcon_notification.desktop_notification:Sending desktop notification using 'notify2'
[4.043s] DEBUG:colcon.colcon_core.event_reactor:joined thread
[4.044s] INFO:colcon.colcon_core.shell:Creating prefix script '/home/interstellar/face_detect/detect_ws/install/local_setup.ps1'
[4.048s] INFO:colcon.colcon_core.shell:Creating prefix util module '/home/interstellar/face_detect/detect_ws/install/_local_setup_util_ps1.py'
[4.055s] INFO:colcon.colcon_core.shell:Creating prefix chain script '/home/interstellar/face_detect/detect_ws/install/setup.ps1'
[4.059s] INFO:colcon.colcon_core.shell:Creating prefix script '/home/interstellar/face_detect/detect_ws/install/local_setup.sh'
[4.063s] INFO:colcon.colcon_core.shell:Creating prefix util module '/home/interstellar/face_detect/detect_ws/install/_local_setup_util_sh.py'
[4.064s] INFO:colcon.colcon_core.shell:Creating prefix chain script '/home/interstellar/face_detect/detect_ws/install/setup.sh'
[4.069s] INFO:colcon.colcon_core.shell:Creating prefix script '/home/interstellar/face_detect/detect_ws/install/local_setup.bash'
[4.073s] INFO:colcon.colcon_core.shell:Creating prefix chain script '/home/interstellar/face_detect/detect_ws/install/setup.bash'
[4.077s] INFO:colcon.colcon_core.shell:Creating prefix script '/home/interstellar/face_detect/detect_ws/install/local_setup.zsh'
[4.080s] INFO:colcon.colcon_core.shell:Creating prefix chain script '/home/interstellar/face_detect/detect_ws/install/setup.zsh'
