[35m[1mConsolidate compiler generated dependencies of target client_cpp[0m
[35m[1mConsolidate compiler generated dependencies of target server_cpp[0m
[ 25%] [32mBuilding CXX object CMakeFiles/server_cpp.dir/src/server_cpp.cpp.o[0m
[ 50%] [32mBuilding CXX object CMakeFiles/client_cpp.dir/src/client_cpp.cpp.o[0m
[ 75%] [32m[1mLinking CXX executable client_cpp[0m
[100%] [32m[1mLinking CXX executable server_cpp[0m
[100%] Built target server_cpp
[100%] Built target client_cpp
-- Install configuration: ""
-- Installing: /home/interstellar/face_detect/detect_ws/install/cpp_service/lib/cpp_service/client_cpp
-- Set runtime path of "/home/interstellar/face_detect/detect_ws/install/cpp_service/lib/cpp_service/client_cpp" to ""
-- Installing: /home/interstellar/face_detect/detect_ws/install/cpp_service/lib/cpp_service/server_cpp
-- Set runtime path of "/home/interstellar/face_detect/detect_ws/install/cpp_service/lib/cpp_service/server_cpp" to ""
-- Up-to-date: /home/interstellar/face_detect/detect_ws/install/cpp_service/share/ament_index/resource_index/package_run_dependencies/cpp_service
-- Up-to-date: /home/interstellar/face_detect/detect_ws/install/cpp_service/share/ament_index/resource_index/parent_prefix_path/cpp_service
-- Up-to-date: /home/interstellar/face_detect/detect_ws/install/cpp_service/share/cpp_service/environment/ament_prefix_path.sh
-- Up-to-date: /home/interstellar/face_detect/detect_ws/install/cpp_service/share/cpp_service/environment/ament_prefix_path.dsv
-- Up-to-date: /home/interstellar/face_detect/detect_ws/install/cpp_service/share/cpp_service/environment/path.sh
-- Up-to-date: /home/interstellar/face_detect/detect_ws/install/cpp_service/share/cpp_service/environment/path.dsv
-- Up-to-date: /home/interstellar/face_detect/detect_ws/install/cpp_service/share/cpp_service/local_setup.bash
-- Up-to-date: /home/interstellar/face_detect/detect_ws/install/cpp_service/share/cpp_service/local_setup.sh
-- Up-to-date: /home/interstellar/face_detect/detect_ws/install/cpp_service/share/cpp_service/local_setup.zsh
-- Up-to-date: /home/interstellar/face_detect/detect_ws/install/cpp_service/share/cpp_service/local_setup.dsv
-- Installing: /home/interstellar/face_detect/detect_ws/install/cpp_service/share/cpp_service/package.dsv
-- Up-to-date: /home/interstellar/face_detect/detect_ws/install/cpp_service/share/ament_index/resource_index/packages/cpp_service
-- Up-to-date: /home/interstellar/face_detect/detect_ws/install/cpp_service/share/cpp_service/cmake/cpp_serviceConfig.cmake
-- Up-to-date: /home/interstellar/face_detect/detect_ws/install/cpp_service/share/cpp_service/cmake/cpp_serviceConfig-version.cmake
-- Up-to-date: /home/interstellar/face_detect/detect_ws/install/cpp_service/share/cpp_service/package.xml
