[0.056s] Invoking command in '/home/interstellar/face_detect/detect_ws/build/cpp_service': AMENT_PREFIX_PATH=/home/interstellar/face_detect/detect_ws/install/server_demo:${AMENT_PREFIX_PATH} CMAKE_PREFIX_PATH=/home/interstellar/face_detect/detect_ws/install/server_demo:/opt/ros/humble LD_LIBRARY_PATH=/home/interstellar/face_detect/detect_ws/install/server_demo/lib:${LD_LIBRARY_PATH} PYTHONPATH=/home/interstellar/face_detect/detect_ws/install/server_demo/local/lib/python3.10/dist-packages:${PYTHONPATH} /usr/bin/cmake --build /home/interstellar/face_detect/detect_ws/build/cpp_service -- -j4 -l4
[0.318s] [35m[1mConsolidate compiler generated dependencies of target client_cpp[0m
[0.343s] [35m[1mConsolidate compiler generated dependencies of target server_cpp[0m
[0.503s] [ 25%] [32mBuilding CXX object CMakeFiles/server_cpp.dir/src/server_cpp.cpp.o[0m
[0.538s] [ 50%] [32mBuilding CXX object CMakeFiles/client_cpp.dir/src/client_cpp.cpp.o[0m
[15.886s] [ 75%] [32m[1mLinking CXX executable client_cpp[0m
[16.802s] [100%] [32m[1mLinking CXX executable server_cpp[0m
[18.194s] [100%] Built target server_cpp
[18.249s] [100%] Built target client_cpp
[18.283s] Invoked command in '/home/interstellar/face_detect/detect_ws/build/cpp_service' returned '0': AMENT_PREFIX_PATH=/home/interstellar/face_detect/detect_ws/install/server_demo:${AMENT_PREFIX_PATH} CMAKE_PREFIX_PATH=/home/interstellar/face_detect/detect_ws/install/server_demo:/opt/ros/humble LD_LIBRARY_PATH=/home/interstellar/face_detect/detect_ws/install/server_demo/lib:${LD_LIBRARY_PATH} PYTHONPATH=/home/interstellar/face_detect/detect_ws/install/server_demo/local/lib/python3.10/dist-packages:${PYTHONPATH} /usr/bin/cmake --build /home/interstellar/face_detect/detect_ws/build/cpp_service -- -j4 -l4
[18.438s] Invoking command in '/home/interstellar/face_detect/detect_ws/build/cpp_service': AMENT_PREFIX_PATH=/home/interstellar/face_detect/detect_ws/install/server_demo:${AMENT_PREFIX_PATH} CMAKE_PREFIX_PATH=/home/interstellar/face_detect/detect_ws/install/server_demo:/opt/ros/humble LD_LIBRARY_PATH=/home/interstellar/face_detect/detect_ws/install/server_demo/lib:${LD_LIBRARY_PATH} PYTHONPATH=/home/interstellar/face_detect/detect_ws/install/server_demo/local/lib/python3.10/dist-packages:${PYTHONPATH} /usr/bin/cmake --install /home/interstellar/face_detect/detect_ws/build/cpp_service
[18.471s] -- Install configuration: ""
[18.477s] -- Installing: /home/interstellar/face_detect/detect_ws/install/cpp_service/lib/cpp_service/client_cpp
[18.479s] -- Set runtime path of "/home/interstellar/face_detect/detect_ws/install/cpp_service/lib/cpp_service/client_cpp" to ""
[18.485s] -- Installing: /home/interstellar/face_detect/detect_ws/install/cpp_service/lib/cpp_service/server_cpp
[18.487s] -- Set runtime path of "/home/interstellar/face_detect/detect_ws/install/cpp_service/lib/cpp_service/server_cpp" to ""
[18.488s] -- Up-to-date: /home/interstellar/face_detect/detect_ws/install/cpp_service/share/ament_index/resource_index/package_run_dependencies/cpp_service
[18.488s] -- Up-to-date: /home/interstellar/face_detect/detect_ws/install/cpp_service/share/ament_index/resource_index/parent_prefix_path/cpp_service
[18.489s] -- Up-to-date: /home/interstellar/face_detect/detect_ws/install/cpp_service/share/cpp_service/environment/ament_prefix_path.sh
[18.489s] -- Up-to-date: /home/interstellar/face_detect/detect_ws/install/cpp_service/share/cpp_service/environment/ament_prefix_path.dsv
[18.489s] -- Up-to-date: /home/interstellar/face_detect/detect_ws/install/cpp_service/share/cpp_service/environment/path.sh
[18.489s] -- Up-to-date: /home/interstellar/face_detect/detect_ws/install/cpp_service/share/cpp_service/environment/path.dsv
[18.489s] -- Up-to-date: /home/interstellar/face_detect/detect_ws/install/cpp_service/share/cpp_service/local_setup.bash
[18.489s] -- Up-to-date: /home/interstellar/face_detect/detect_ws/install/cpp_service/share/cpp_service/local_setup.sh
[18.490s] -- Up-to-date: /home/interstellar/face_detect/detect_ws/install/cpp_service/share/cpp_service/local_setup.zsh
[18.492s] -- Up-to-date: /home/interstellar/face_detect/detect_ws/install/cpp_service/share/cpp_service/local_setup.dsv
[18.492s] -- Installing: /home/interstellar/face_detect/detect_ws/install/cpp_service/share/cpp_service/package.dsv
[18.493s] -- Up-to-date: /home/interstellar/face_detect/detect_ws/install/cpp_service/share/ament_index/resource_index/packages/cpp_service
[18.493s] -- Up-to-date: /home/interstellar/face_detect/detect_ws/install/cpp_service/share/cpp_service/cmake/cpp_serviceConfig.cmake
[18.493s] -- Up-to-date: /home/interstellar/face_detect/detect_ws/install/cpp_service/share/cpp_service/cmake/cpp_serviceConfig-version.cmake
[18.494s] -- Up-to-date: /home/interstellar/face_detect/detect_ws/install/cpp_service/share/cpp_service/package.xml
[18.500s] Invoked command in '/home/interstellar/face_detect/detect_ws/build/cpp_service' returned '0': AMENT_PREFIX_PATH=/home/interstellar/face_detect/detect_ws/install/server_demo:${AMENT_PREFIX_PATH} CMAKE_PREFIX_PATH=/home/interstellar/face_detect/detect_ws/install/server_demo:/opt/ros/humble LD_LIBRARY_PATH=/home/interstellar/face_detect/detect_ws/install/server_demo/lib:${LD_LIBRARY_PATH} PYTHONPATH=/home/interstellar/face_detect/detect_ws/install/server_demo/local/lib/python3.10/dist-packages:${PYTHONPATH} /usr/bin/cmake --install /home/interstellar/face_detect/detect_ws/build/cpp_service
