[0.046s] Invoking command in '/home/interstellar/face_detect/detect_ws/build/server_demo': CMAKE_PREFIX_PATH=${CMAKE_PREFIX_PATH}:/home/interstellar/face_detect/detect_ws/install/py_server:/opt/ros/humble /usr/bin/cmake --build /home/interstellar/face_detect/detect_ws/build/server_demo -- -j4 -l4
[0.410s] [  3%] Built target server_demo__cpp
[0.461s] [  3%] Built target ament_cmake_python_copy_server_demo
[0.474s] [ 12%] Built target server_demo__rosidl_generator_c
[0.572s] [ 22%] Built target server_demo__rosidl_typesupport_cpp
[0.578s] [ 32%] Built target server_demo__rosidl_typesupport_fastrtps_cpp
[0.579s] [ 41%] Built target server_demo__rosidl_typesupport_introspection_cpp
[0.687s] [ 51%] Built target server_demo__rosidl_typesupport_introspection_c
[0.692s] [ 61%] Built target server_demo__rosidl_typesupport_fastrtps_c
[0.696s] [ 70%] Built target server_demo__rosidl_typesupport_c
[0.786s] [ 70%] Built target server_demo
[0.883s] [ 74%] Built target server_demo__py
[1.005s] [ 80%] Built target server_demo__rosidl_generator_py
[1.112s] [ 87%] Built target server_demo__rosidl_typesupport_fastrtps_c__pyext
[1.113s] [ 93%] Built target server_demo__rosidl_typesupport_introspection_c__pyext
[1.113s] [100%] Built target server_demo__rosidl_typesupport_c__pyext
[1.156s] running egg_info
[1.158s] writing server_demo.egg-info/PKG-INFO
[1.159s] writing dependency_links to server_demo.egg-info/dependency_links.txt
[1.160s] writing top-level names to server_demo.egg-info/top_level.txt
[1.166s] reading manifest file 'server_demo.egg-info/SOURCES.txt'
[1.170s] writing manifest file 'server_demo.egg-info/SOURCES.txt'
[1.236s] [100%] Built target ament_cmake_python_build_server_demo_egg
[1.283s] Invoked command in '/home/interstellar/face_detect/detect_ws/build/server_demo' returned '0': CMAKE_PREFIX_PATH=${CMAKE_PREFIX_PATH}:/home/interstellar/face_detect/detect_ws/install/py_server:/opt/ros/humble /usr/bin/cmake --build /home/interstellar/face_detect/detect_ws/build/server_demo -- -j4 -l4
[1.735s] Invoking command in '/home/interstellar/face_detect/detect_ws/build/server_demo': CMAKE_PREFIX_PATH=${CMAKE_PREFIX_PATH}:/home/interstellar/face_detect/detect_ws/install/py_server:/opt/ros/humble /usr/bin/cmake --install /home/interstellar/face_detect/detect_ws/build/server_demo
[1.767s] -- Install configuration: ""
[1.772s] -- Up-to-date: /home/interstellar/face_detect/detect_ws/install/server_demo/share/ament_index/resource_index/rosidl_interfaces/server_demo
[1.772s] -- Up-to-date: /home/interstellar/face_detect/detect_ws/install/server_demo/include/server_demo/server_demo
[1.773s] -- Up-to-date: /home/interstellar/face_detect/detect_ws/install/server_demo/include/server_demo/server_demo/srv
[1.773s] -- Up-to-date: /home/interstellar/face_detect/detect_ws/install/server_demo/include/server_demo/server_demo/srv/myimage.h
[1.773s] -- Up-to-date: /home/interstellar/face_detect/detect_ws/install/server_demo/include/server_demo/server_demo/srv/detail
[1.773s] -- Up-to-date: /home/interstellar/face_detect/detect_ws/install/server_demo/include/server_demo/server_demo/srv/detail/myimage__type_support.h
[1.773s] -- Up-to-date: /home/interstellar/face_detect/detect_ws/install/server_demo/include/server_demo/server_demo/srv/detail/myimage__struct.h
[1.773s] -- Up-to-date: /home/interstellar/face_detect/detect_ws/install/server_demo/include/server_demo/server_demo/srv/detail/myimage__functions.h
[1.773s] -- Up-to-date: /home/interstellar/face_detect/detect_ws/install/server_demo/include/server_demo/server_demo/srv/detail/myimage__functions.c
[1.773s] -- Up-to-date: /home/interstellar/face_detect/detect_ws/install/server_demo/include/server_demo/server_demo/msg
[1.774s] -- Up-to-date: /home/interstellar/face_detect/detect_ws/install/server_demo/include/server_demo/server_demo/msg/rosidl_generator_c__visibility_control.h
[1.774s] -- Up-to-date: /home/interstellar/face_detect/detect_ws/install/server_demo/share/server_demo/environment/library_path.sh
[1.774s] -- Up-to-date: /home/interstellar/face_detect/detect_ws/install/server_demo/share/server_demo/environment/library_path.dsv
[1.774s] -- Up-to-date: /home/interstellar/face_detect/detect_ws/install/server_demo/lib/libserver_demo__rosidl_generator_c.so
[1.774s] -- Up-to-date: /home/interstellar/face_detect/detect_ws/install/server_demo/include/server_demo/server_demo
[1.774s] -- Up-to-date: /home/interstellar/face_detect/detect_ws/install/server_demo/include/server_demo/server_demo/srv
[1.775s] -- Up-to-date: /home/interstellar/face_detect/detect_ws/install/server_demo/include/server_demo/server_demo/srv/detail
[1.775s] -- Up-to-date: /home/interstellar/face_detect/detect_ws/install/server_demo/include/server_demo/server_demo/srv/detail/myimage__rosidl_typesupport_fastrtps_c.h
[1.775s] -- Up-to-date: /home/interstellar/face_detect/detect_ws/install/server_demo/include/server_demo/server_demo/msg
[1.775s] -- Up-to-date: /home/interstellar/face_detect/detect_ws/install/server_demo/include/server_demo/server_demo/msg/rosidl_typesupport_fastrtps_c__visibility_control.h
[1.775s] -- Up-to-date: /home/interstellar/face_detect/detect_ws/install/server_demo/lib/libserver_demo__rosidl_typesupport_fastrtps_c.so
[1.776s] -- Up-to-date: /home/interstellar/face_detect/detect_ws/install/server_demo/include/server_demo/server_demo
[1.776s] -- Up-to-date: /home/interstellar/face_detect/detect_ws/install/server_demo/include/server_demo/server_demo/srv
[1.776s] -- Up-to-date: /home/interstellar/face_detect/detect_ws/install/server_demo/include/server_demo/server_demo/srv/detail
[1.777s] -- Up-to-date: /home/interstellar/face_detect/detect_ws/install/server_demo/include/server_demo/server_demo/srv/detail/myimage__traits.hpp
[1.777s] -- Up-to-date: /home/interstellar/face_detect/detect_ws/install/server_demo/include/server_demo/server_demo/srv/detail/myimage__struct.hpp
[1.777s] -- Up-to-date: /home/interstellar/face_detect/detect_ws/install/server_demo/include/server_demo/server_demo/srv/detail/myimage__builder.hpp
[1.777s] -- Up-to-date: /home/interstellar/face_detect/detect_ws/install/server_demo/include/server_demo/server_demo/srv/myimage.hpp
[1.777s] -- Up-to-date: /home/interstellar/face_detect/detect_ws/install/server_demo/include/server_demo/server_demo
[1.777s] -- Up-to-date: /home/interstellar/face_detect/detect_ws/install/server_demo/include/server_demo/server_demo/srv
[1.777s] -- Up-to-date: /home/interstellar/face_detect/detect_ws/install/server_demo/include/server_demo/server_demo/srv/detail
[1.778s] -- Up-to-date: /home/interstellar/face_detect/detect_ws/install/server_demo/include/server_demo/server_demo/srv/detail/myimage__rosidl_typesupport_fastrtps_cpp.hpp
[1.778s] -- Up-to-date: /home/interstellar/face_detect/detect_ws/install/server_demo/include/server_demo/server_demo/srv/detail/dds_fastrtps
[1.778s] -- Up-to-date: /home/interstellar/face_detect/detect_ws/install/server_demo/include/server_demo/server_demo/msg
[1.778s] -- Up-to-date: /home/interstellar/face_detect/detect_ws/install/server_demo/include/server_demo/server_demo/msg/rosidl_typesupport_fastrtps_cpp__visibility_control.h
[1.783s] -- Up-to-date: /home/interstellar/face_detect/detect_ws/install/server_demo/lib/libserver_demo__rosidl_typesupport_fastrtps_cpp.so
[1.784s] -- Up-to-date: /home/interstellar/face_detect/detect_ws/install/server_demo/include/server_demo/server_demo
[1.784s] -- Up-to-date: /home/interstellar/face_detect/detect_ws/install/server_demo/include/server_demo/server_demo/srv
[1.784s] -- Up-to-date: /home/interstellar/face_detect/detect_ws/install/server_demo/include/server_demo/server_demo/srv/detail
[1.784s] -- Up-to-date: /home/interstellar/face_detect/detect_ws/install/server_demo/include/server_demo/server_demo/srv/detail/myimage__type_support.c
[1.784s] -- Up-to-date: /home/interstellar/face_detect/detect_ws/install/server_demo/include/server_demo/server_demo/srv/detail/myimage__rosidl_typesupport_introspection_c.h
[1.785s] -- Up-to-date: /home/interstellar/face_detect/detect_ws/install/server_demo/include/server_demo/server_demo/msg
[1.785s] -- Up-to-date: /home/interstellar/face_detect/detect_ws/install/server_demo/include/server_demo/server_demo/msg/rosidl_typesupport_introspection_c__visibility_control.h
[1.789s] -- Up-to-date: /home/interstellar/face_detect/detect_ws/install/server_demo/lib/libserver_demo__rosidl_typesupport_introspection_c.so
[1.790s] -- Up-to-date: /home/interstellar/face_detect/detect_ws/install/server_demo/lib/libserver_demo__rosidl_typesupport_c.so
[1.790s] -- Up-to-date: /home/interstellar/face_detect/detect_ws/install/server_demo/include/server_demo/server_demo
[1.791s] -- Up-to-date: /home/interstellar/face_detect/detect_ws/install/server_demo/include/server_demo/server_demo/srv
[1.791s] -- Up-to-date: /home/interstellar/face_detect/detect_ws/install/server_demo/include/server_demo/server_demo/srv/detail
[1.791s] -- Up-to-date: /home/interstellar/face_detect/detect_ws/install/server_demo/include/server_demo/server_demo/srv/detail/myimage__type_support.cpp
[1.791s] -- Up-to-date: /home/interstellar/face_detect/detect_ws/install/server_demo/include/server_demo/server_demo/srv/detail/myimage__rosidl_typesupport_introspection_cpp.hpp
[1.795s] -- Up-to-date: /home/interstellar/face_detect/detect_ws/install/server_demo/lib/libserver_demo__rosidl_typesupport_introspection_cpp.so
[1.799s] -- Up-to-date: /home/interstellar/face_detect/detect_ws/install/server_demo/lib/libserver_demo__rosidl_typesupport_cpp.so
[1.799s] -- Up-to-date: /home/interstellar/face_detect/detect_ws/install/server_demo/share/server_demo/environment/pythonpath.sh
[1.800s] -- Up-to-date: /home/interstellar/face_detect/detect_ws/install/server_demo/share/server_demo/environment/pythonpath.dsv
[1.800s] -- Up-to-date: /home/interstellar/face_detect/detect_ws/install/server_demo/local/lib/python3.10/dist-packages/server_demo-0.0.0-py3.10.egg-info
[1.800s] -- Installing: /home/interstellar/face_detect/detect_ws/install/server_demo/local/lib/python3.10/dist-packages/server_demo-0.0.0-py3.10.egg-info/dependency_links.txt
[1.801s] -- Installing: /home/interstellar/face_detect/detect_ws/install/server_demo/local/lib/python3.10/dist-packages/server_demo-0.0.0-py3.10.egg-info/top_level.txt
[1.801s] -- Installing: /home/interstellar/face_detect/detect_ws/install/server_demo/local/lib/python3.10/dist-packages/server_demo-0.0.0-py3.10.egg-info/SOURCES.txt
[1.801s] -- Installing: /home/interstellar/face_detect/detect_ws/install/server_demo/local/lib/python3.10/dist-packages/server_demo-0.0.0-py3.10.egg-info/PKG-INFO
[1.802s] -- Up-to-date: /home/interstellar/face_detect/detect_ws/install/server_demo/local/lib/python3.10/dist-packages/server_demo
[1.802s] -- Up-to-date: /home/interstellar/face_detect/detect_ws/install/server_demo/local/lib/python3.10/dist-packages/server_demo/__init__.py
[1.802s] -- Up-to-date: /home/interstellar/face_detect/detect_ws/install/server_demo/local/lib/python3.10/dist-packages/server_demo/_server_demo_s.ep.rosidl_typesupport_introspection_c.c
[1.802s] -- Up-to-date: /home/interstellar/face_detect/detect_ws/install/server_demo/local/lib/python3.10/dist-packages/server_demo/server_demo_s__rosidl_typesupport_fastrtps_c.cpython-310-x86_64-linux-gnu.so
[1.802s] -- Up-to-date: /home/interstellar/face_detect/detect_ws/install/server_demo/local/lib/python3.10/dist-packages/server_demo/server_demo_s__rosidl_typesupport_c.cpython-310-x86_64-linux-gnu.so
[1.802s] -- Up-to-date: /home/interstellar/face_detect/detect_ws/install/server_demo/local/lib/python3.10/dist-packages/server_demo/srv
[1.803s] -- Up-to-date: /home/interstellar/face_detect/detect_ws/install/server_demo/local/lib/python3.10/dist-packages/server_demo/srv/__init__.py
[1.803s] -- Up-to-date: /home/interstellar/face_detect/detect_ws/install/server_demo/local/lib/python3.10/dist-packages/server_demo/srv/_myimage.py
[1.803s] -- Up-to-date: /home/interstellar/face_detect/detect_ws/install/server_demo/local/lib/python3.10/dist-packages/server_demo/srv/_myimage_s.c
[1.803s] -- Up-to-date: /home/interstellar/face_detect/detect_ws/install/server_demo/local/lib/python3.10/dist-packages/server_demo/libserver_demo__rosidl_generator_py.so
[1.803s] -- Up-to-date: /home/interstellar/face_detect/detect_ws/install/server_demo/local/lib/python3.10/dist-packages/server_demo/_server_demo_s.ep.rosidl_typesupport_fastrtps_c.c
[1.803s] -- Up-to-date: /home/interstellar/face_detect/detect_ws/install/server_demo/local/lib/python3.10/dist-packages/server_demo/_server_demo_s.ep.rosidl_typesupport_c.c
[1.803s] -- Up-to-date: /home/interstellar/face_detect/detect_ws/install/server_demo/local/lib/python3.10/dist-packages/server_demo/server_demo_s__rosidl_typesupport_introspection_c.cpython-310-x86_64-linux-gnu.so
[1.897s] Listing '/home/interstellar/face_detect/detect_ws/install/server_demo/local/lib/python3.10/dist-packages/server_demo'...
[1.898s] Listing '/home/interstellar/face_detect/detect_ws/install/server_demo/local/lib/python3.10/dist-packages/server_demo/srv'...
[1.908s] -- Up-to-date: /home/interstellar/face_detect/detect_ws/install/server_demo/local/lib/python3.10/dist-packages/server_demo/server_demo_s__rosidl_typesupport_fastrtps_c.cpython-310-x86_64-linux-gnu.so
[1.913s] -- Up-to-date: /home/interstellar/face_detect/detect_ws/install/server_demo/local/lib/python3.10/dist-packages/server_demo/server_demo_s__rosidl_typesupport_introspection_c.cpython-310-x86_64-linux-gnu.so
[1.915s] -- Up-to-date: /home/interstellar/face_detect/detect_ws/install/server_demo/local/lib/python3.10/dist-packages/server_demo/server_demo_s__rosidl_typesupport_c.cpython-310-x86_64-linux-gnu.so
[1.915s] -- Up-to-date: /home/interstellar/face_detect/detect_ws/install/server_demo/lib/libserver_demo__rosidl_generator_py.so
[1.916s] -- Up-to-date: /home/interstellar/face_detect/detect_ws/install/server_demo/share/server_demo/srv/Myimage.idl
[1.916s] -- Up-to-date: /home/interstellar/face_detect/detect_ws/install/server_demo/share/server_demo/srv/Myimage.srv
[1.916s] -- Up-to-date: /home/interstellar/face_detect/detect_ws/install/server_demo/share/server_demo/srv/Myimage_Request.msg
[1.916s] -- Up-to-date: /home/interstellar/face_detect/detect_ws/install/server_demo/share/server_demo/srv/Myimage_Response.msg
[1.918s] -- Up-to-date: /home/interstellar/face_detect/detect_ws/install/server_demo/share/ament_index/resource_index/package_run_dependencies/server_demo
[1.918s] -- Up-to-date: /home/interstellar/face_detect/detect_ws/install/server_demo/share/ament_index/resource_index/parent_prefix_path/server_demo
[1.919s] -- Up-to-date: /home/interstellar/face_detect/detect_ws/install/server_demo/share/server_demo/environment/ament_prefix_path.sh
[1.920s] -- Up-to-date: /home/interstellar/face_detect/detect_ws/install/server_demo/share/server_demo/environment/ament_prefix_path.dsv
[1.921s] -- Up-to-date: /home/interstellar/face_detect/detect_ws/install/server_demo/share/server_demo/environment/path.sh
[1.921s] -- Up-to-date: /home/interstellar/face_detect/detect_ws/install/server_demo/share/server_demo/environment/path.dsv
[1.921s] -- Up-to-date: /home/interstellar/face_detect/detect_ws/install/server_demo/share/server_demo/local_setup.bash
[1.921s] -- Up-to-date: /home/interstellar/face_detect/detect_ws/install/server_demo/share/server_demo/local_setup.sh
[1.921s] -- Up-to-date: /home/interstellar/face_detect/detect_ws/install/server_demo/share/server_demo/local_setup.zsh
[1.921s] -- Up-to-date: /home/interstellar/face_detect/detect_ws/install/server_demo/share/server_demo/local_setup.dsv
[1.922s] -- Installing: /home/interstellar/face_detect/detect_ws/install/server_demo/share/server_demo/package.dsv
[1.922s] -- Up-to-date: /home/interstellar/face_detect/detect_ws/install/server_demo/share/ament_index/resource_index/packages/server_demo
[1.923s] -- Up-to-date: /home/interstellar/face_detect/detect_ws/install/server_demo/share/server_demo/cmake/export_server_demo__rosidl_generator_cExport.cmake
[1.923s] -- Up-to-date: /home/interstellar/face_detect/detect_ws/install/server_demo/share/server_demo/cmake/export_server_demo__rosidl_generator_cExport-noconfig.cmake
[1.924s] -- Up-to-date: /home/interstellar/face_detect/detect_ws/install/server_demo/share/server_demo/cmake/export_server_demo__rosidl_typesupport_fastrtps_cExport.cmake
[1.924s] -- Up-to-date: /home/interstellar/face_detect/detect_ws/install/server_demo/share/server_demo/cmake/export_server_demo__rosidl_typesupport_fastrtps_cExport-noconfig.cmake
[1.927s] -- Up-to-date: /home/interstellar/face_detect/detect_ws/install/server_demo/share/server_demo/cmake/export_server_demo__rosidl_generator_cppExport.cmake
[1.929s] -- Up-to-date: /home/interstellar/face_detect/detect_ws/install/server_demo/share/server_demo/cmake/export_server_demo__rosidl_typesupport_fastrtps_cppExport.cmake
[1.929s] -- Up-to-date: /home/interstellar/face_detect/detect_ws/install/server_demo/share/server_demo/cmake/export_server_demo__rosidl_typesupport_fastrtps_cppExport-noconfig.cmake
[1.931s] -- Up-to-date: /home/interstellar/face_detect/detect_ws/install/server_demo/share/server_demo/cmake/server_demo__rosidl_typesupport_introspection_cExport.cmake
[1.933s] -- Up-to-date: /home/interstellar/face_detect/detect_ws/install/server_demo/share/server_demo/cmake/server_demo__rosidl_typesupport_introspection_cExport-noconfig.cmake
[1.935s] -- Up-to-date: /home/interstellar/face_detect/detect_ws/install/server_demo/share/server_demo/cmake/server_demo__rosidl_typesupport_cExport.cmake
[1.935s] -- Up-to-date: /home/interstellar/face_detect/detect_ws/install/server_demo/share/server_demo/cmake/server_demo__rosidl_typesupport_cExport-noconfig.cmake
[1.937s] -- Up-to-date: /home/interstellar/face_detect/detect_ws/install/server_demo/share/server_demo/cmake/server_demo__rosidl_typesupport_introspection_cppExport.cmake
[1.937s] -- Up-to-date: /home/interstellar/face_detect/detect_ws/install/server_demo/share/server_demo/cmake/server_demo__rosidl_typesupport_introspection_cppExport-noconfig.cmake
[1.941s] -- Up-to-date: /home/interstellar/face_detect/detect_ws/install/server_demo/share/server_demo/cmake/server_demo__rosidl_typesupport_cppExport.cmake
[1.942s] -- Up-to-date: /home/interstellar/face_detect/detect_ws/install/server_demo/share/server_demo/cmake/server_demo__rosidl_typesupport_cppExport-noconfig.cmake
[1.943s] -- Up-to-date: /home/interstellar/face_detect/detect_ws/install/server_demo/share/server_demo/cmake/export_server_demo__rosidl_generator_pyExport.cmake
[1.944s] -- Up-to-date: /home/interstellar/face_detect/detect_ws/install/server_demo/share/server_demo/cmake/export_server_demo__rosidl_generator_pyExport-noconfig.cmake
[1.944s] -- Up-to-date: /home/interstellar/face_detect/detect_ws/install/server_demo/share/server_demo/cmake/rosidl_cmake-extras.cmake
[1.944s] -- Up-to-date: /home/interstellar/face_detect/detect_ws/install/server_demo/share/server_demo/cmake/ament_cmake_export_dependencies-extras.cmake
[1.944s] -- Up-to-date: /home/interstellar/face_detect/detect_ws/install/server_demo/share/server_demo/cmake/ament_cmake_export_include_directories-extras.cmake
[1.946s] -- Up-to-date: /home/interstellar/face_detect/detect_ws/install/server_demo/share/server_demo/cmake/ament_cmake_export_libraries-extras.cmake
[1.946s] -- Up-to-date: /home/interstellar/face_detect/detect_ws/install/server_demo/share/server_demo/cmake/ament_cmake_export_targets-extras.cmake
[1.946s] -- Up-to-date: /home/interstellar/face_detect/detect_ws/install/server_demo/share/server_demo/cmake/rosidl_cmake_export_typesupport_targets-extras.cmake
[1.946s] -- Up-to-date: /home/interstellar/face_detect/detect_ws/install/server_demo/share/server_demo/cmake/rosidl_cmake_export_typesupport_libraries-extras.cmake
[1.946s] -- Up-to-date: /home/interstellar/face_detect/detect_ws/install/server_demo/share/server_demo/cmake/server_demoConfig.cmake
[1.947s] -- Up-to-date: /home/interstellar/face_detect/detect_ws/install/server_demo/share/server_demo/cmake/server_demoConfig-version.cmake
[1.947s] -- Up-to-date: /home/interstellar/face_detect/detect_ws/install/server_demo/share/server_demo/package.xml
[1.953s] Invoked command in '/home/interstellar/face_detect/detect_ws/build/server_demo' returned '0': CMAKE_PREFIX_PATH=${CMAKE_PREFIX_PATH}:/home/interstellar/face_detect/detect_ws/install/py_server:/opt/ros/humble /usr/bin/cmake --install /home/interstellar/face_detect/detect_ws/build/server_demo
