[ 12%] Built target server_demo__rosidl_generator_c
[ 12%] Built target server_demo__cpp
[ 12%] Built target ament_cmake_python_copy_server_demo
[ 29%] Built target server_demo__rosidl_typesupport_fastrtps_c
[ 32%] Built target server_demo__rosidl_typesupport_introspection_c
[ 41%] Built target server_demo__rosidl_typesupport_c
[ 51%] Built target server_demo__rosidl_typesupport_introspection_cpp
[ 61%] Built target server_demo__rosidl_typesupport_cpp
[ 70%] Built target server_demo__rosidl_typesupport_fastrtps_cpp
[ 70%] Built target server_demo
[ 74%] Built target server_demo__py
[ 80%] Built target server_demo__rosidl_generator_py
[ 87%] Built target server_demo__rosidl_typesupport_c__pyext
[ 93%] Built target server_demo__rosidl_typesupport_fastrtps_c__pyext
[100%] Built target server_demo__rosidl_typesupport_introspection_c__pyext
running egg_info
writing server_demo.egg-info/PKG-INFO
writing dependency_links to server_demo.egg-info/dependency_links.txt
writing top-level names to server_demo.egg-info/top_level.txt
reading manifest file 'server_demo.egg-info/SOURCES.txt'
writing manifest file 'server_demo.egg-info/SOURCES.txt'
[100%] Built target ament_cmake_python_build_server_demo_egg
-- Install configuration: ""
-- Up-to-date: /home/interstellar/face_detect/detect_ws/install/server_demo/share/ament_index/resource_index/rosidl_interfaces/server_demo
-- Up-to-date: /home/interstellar/face_detect/detect_ws/install/server_demo/include/server_demo/server_demo
-- Up-to-date: /home/interstellar/face_detect/detect_ws/install/server_demo/include/server_demo/server_demo/srv
-- Up-to-date: /home/interstellar/face_detect/detect_ws/install/server_demo/include/server_demo/server_demo/srv/myimage.h
-- Up-to-date: /home/interstellar/face_detect/detect_ws/install/server_demo/include/server_demo/server_demo/srv/detail
-- Up-to-date: /home/interstellar/face_detect/detect_ws/install/server_demo/include/server_demo/server_demo/srv/detail/myimage__type_support.h
-- Up-to-date: /home/interstellar/face_detect/detect_ws/install/server_demo/include/server_demo/server_demo/srv/detail/myimage__struct.h
-- Up-to-date: /home/interstellar/face_detect/detect_ws/install/server_demo/include/server_demo/server_demo/srv/detail/myimage__functions.h
-- Up-to-date: /home/interstellar/face_detect/detect_ws/install/server_demo/include/server_demo/server_demo/srv/detail/myimage__functions.c
-- Up-to-date: /home/interstellar/face_detect/detect_ws/install/server_demo/include/server_demo/server_demo/msg
-- Up-to-date: /home/interstellar/face_detect/detect_ws/install/server_demo/include/server_demo/server_demo/msg/rosidl_generator_c__visibility_control.h
-- Up-to-date: /home/interstellar/face_detect/detect_ws/install/server_demo/share/server_demo/environment/library_path.sh
-- Up-to-date: /home/interstellar/face_detect/detect_ws/install/server_demo/share/server_demo/environment/library_path.dsv
-- Up-to-date: /home/interstellar/face_detect/detect_ws/install/server_demo/lib/libserver_demo__rosidl_generator_c.so
-- Up-to-date: /home/interstellar/face_detect/detect_ws/install/server_demo/include/server_demo/server_demo
-- Up-to-date: /home/interstellar/face_detect/detect_ws/install/server_demo/include/server_demo/server_demo/srv
-- Up-to-date: /home/interstellar/face_detect/detect_ws/install/server_demo/include/server_demo/server_demo/srv/detail
-- Up-to-date: /home/interstellar/face_detect/detect_ws/install/server_demo/include/server_demo/server_demo/srv/detail/myimage__rosidl_typesupport_fastrtps_c.h
-- Up-to-date: /home/interstellar/face_detect/detect_ws/install/server_demo/include/server_demo/server_demo/msg
-- Up-to-date: /home/interstellar/face_detect/detect_ws/install/server_demo/include/server_demo/server_demo/msg/rosidl_typesupport_fastrtps_c__visibility_control.h
-- Up-to-date: /home/interstellar/face_detect/detect_ws/install/server_demo/lib/libserver_demo__rosidl_typesupport_fastrtps_c.so
-- Up-to-date: /home/interstellar/face_detect/detect_ws/install/server_demo/include/server_demo/server_demo
-- Up-to-date: /home/interstellar/face_detect/detect_ws/install/server_demo/include/server_demo/server_demo/srv
-- Up-to-date: /home/interstellar/face_detect/detect_ws/install/server_demo/include/server_demo/server_demo/srv/detail
-- Up-to-date: /home/interstellar/face_detect/detect_ws/install/server_demo/include/server_demo/server_demo/srv/detail/myimage__traits.hpp
-- Up-to-date: /home/interstellar/face_detect/detect_ws/install/server_demo/include/server_demo/server_demo/srv/detail/myimage__struct.hpp
-- Up-to-date: /home/interstellar/face_detect/detect_ws/install/server_demo/include/server_demo/server_demo/srv/detail/myimage__builder.hpp
-- Up-to-date: /home/interstellar/face_detect/detect_ws/install/server_demo/include/server_demo/server_demo/srv/myimage.hpp
-- Up-to-date: /home/interstellar/face_detect/detect_ws/install/server_demo/include/server_demo/server_demo
-- Up-to-date: /home/interstellar/face_detect/detect_ws/install/server_demo/include/server_demo/server_demo/srv
-- Up-to-date: /home/interstellar/face_detect/detect_ws/install/server_demo/include/server_demo/server_demo/srv/detail
-- Up-to-date: /home/interstellar/face_detect/detect_ws/install/server_demo/include/server_demo/server_demo/srv/detail/myimage__rosidl_typesupport_fastrtps_cpp.hpp
-- Up-to-date: /home/interstellar/face_detect/detect_ws/install/server_demo/include/server_demo/server_demo/srv/detail/dds_fastrtps
-- Up-to-date: /home/interstellar/face_detect/detect_ws/install/server_demo/include/server_demo/server_demo/msg
-- Up-to-date: /home/interstellar/face_detect/detect_ws/install/server_demo/include/server_demo/server_demo/msg/rosidl_typesupport_fastrtps_cpp__visibility_control.h
-- Up-to-date: /home/interstellar/face_detect/detect_ws/install/server_demo/lib/libserver_demo__rosidl_typesupport_fastrtps_cpp.so
-- Up-to-date: /home/interstellar/face_detect/detect_ws/install/server_demo/include/server_demo/server_demo
-- Up-to-date: /home/interstellar/face_detect/detect_ws/install/server_demo/include/server_demo/server_demo/srv
-- Up-to-date: /home/interstellar/face_detect/detect_ws/install/server_demo/include/server_demo/server_demo/srv/detail
-- Up-to-date: /home/interstellar/face_detect/detect_ws/install/server_demo/include/server_demo/server_demo/srv/detail/myimage__type_support.c
-- Up-to-date: /home/interstellar/face_detect/detect_ws/install/server_demo/include/server_demo/server_demo/srv/detail/myimage__rosidl_typesupport_introspection_c.h
-- Up-to-date: /home/interstellar/face_detect/detect_ws/install/server_demo/include/server_demo/server_demo/msg
-- Up-to-date: /home/interstellar/face_detect/detect_ws/install/server_demo/include/server_demo/server_demo/msg/rosidl_typesupport_introspection_c__visibility_control.h
-- Up-to-date: /home/interstellar/face_detect/detect_ws/install/server_demo/lib/libserver_demo__rosidl_typesupport_introspection_c.so
-- Up-to-date: /home/interstellar/face_detect/detect_ws/install/server_demo/lib/libserver_demo__rosidl_typesupport_c.so
-- Up-to-date: /home/interstellar/face_detect/detect_ws/install/server_demo/include/server_demo/server_demo
-- Up-to-date: /home/interstellar/face_detect/detect_ws/install/server_demo/include/server_demo/server_demo/srv
-- Up-to-date: /home/interstellar/face_detect/detect_ws/install/server_demo/include/server_demo/server_demo/srv/detail
-- Up-to-date: /home/interstellar/face_detect/detect_ws/install/server_demo/include/server_demo/server_demo/srv/detail/myimage__type_support.cpp
-- Up-to-date: /home/interstellar/face_detect/detect_ws/install/server_demo/include/server_demo/server_demo/srv/detail/myimage__rosidl_typesupport_introspection_cpp.hpp
-- Up-to-date: /home/interstellar/face_detect/detect_ws/install/server_demo/lib/libserver_demo__rosidl_typesupport_introspection_cpp.so
-- Up-to-date: /home/interstellar/face_detect/detect_ws/install/server_demo/lib/libserver_demo__rosidl_typesupport_cpp.so
-- Up-to-date: /home/interstellar/face_detect/detect_ws/install/server_demo/share/server_demo/environment/pythonpath.sh
-- Up-to-date: /home/interstellar/face_detect/detect_ws/install/server_demo/share/server_demo/environment/pythonpath.dsv
-- Up-to-date: /home/interstellar/face_detect/detect_ws/install/server_demo/local/lib/python3.10/dist-packages/server_demo-0.0.0-py3.10.egg-info
-- Installing: /home/interstellar/face_detect/detect_ws/install/server_demo/local/lib/python3.10/dist-packages/server_demo-0.0.0-py3.10.egg-info/dependency_links.txt
-- Installing: /home/interstellar/face_detect/detect_ws/install/server_demo/local/lib/python3.10/dist-packages/server_demo-0.0.0-py3.10.egg-info/top_level.txt
-- Installing: /home/interstellar/face_detect/detect_ws/install/server_demo/local/lib/python3.10/dist-packages/server_demo-0.0.0-py3.10.egg-info/SOURCES.txt
-- Installing: /home/interstellar/face_detect/detect_ws/install/server_demo/local/lib/python3.10/dist-packages/server_demo-0.0.0-py3.10.egg-info/PKG-INFO
-- Up-to-date: /home/interstellar/face_detect/detect_ws/install/server_demo/local/lib/python3.10/dist-packages/server_demo
-- Up-to-date: /home/interstellar/face_detect/detect_ws/install/server_demo/local/lib/python3.10/dist-packages/server_demo/__init__.py
-- Up-to-date: /home/interstellar/face_detect/detect_ws/install/server_demo/local/lib/python3.10/dist-packages/server_demo/_server_demo_s.ep.rosidl_typesupport_introspection_c.c
-- Up-to-date: /home/interstellar/face_detect/detect_ws/install/server_demo/local/lib/python3.10/dist-packages/server_demo/server_demo_s__rosidl_typesupport_fastrtps_c.cpython-310-x86_64-linux-gnu.so
-- Up-to-date: /home/interstellar/face_detect/detect_ws/install/server_demo/local/lib/python3.10/dist-packages/server_demo/server_demo_s__rosidl_typesupport_c.cpython-310-x86_64-linux-gnu.so
-- Up-to-date: /home/interstellar/face_detect/detect_ws/install/server_demo/local/lib/python3.10/dist-packages/server_demo/srv
-- Up-to-date: /home/interstellar/face_detect/detect_ws/install/server_demo/local/lib/python3.10/dist-packages/server_demo/srv/__init__.py
-- Up-to-date: /home/interstellar/face_detect/detect_ws/install/server_demo/local/lib/python3.10/dist-packages/server_demo/srv/_myimage.py
-- Up-to-date: /home/interstellar/face_detect/detect_ws/install/server_demo/local/lib/python3.10/dist-packages/server_demo/srv/_myimage_s.c
-- Up-to-date: /home/interstellar/face_detect/detect_ws/install/server_demo/local/lib/python3.10/dist-packages/server_demo/libserver_demo__rosidl_generator_py.so
-- Up-to-date: /home/interstellar/face_detect/detect_ws/install/server_demo/local/lib/python3.10/dist-packages/server_demo/_server_demo_s.ep.rosidl_typesupport_fastrtps_c.c
-- Up-to-date: /home/interstellar/face_detect/detect_ws/install/server_demo/local/lib/python3.10/dist-packages/server_demo/_server_demo_s.ep.rosidl_typesupport_c.c
-- Up-to-date: /home/interstellar/face_detect/detect_ws/install/server_demo/local/lib/python3.10/dist-packages/server_demo/server_demo_s__rosidl_typesupport_introspection_c.cpython-310-x86_64-linux-gnu.so
Listing '/home/interstellar/face_detect/detect_ws/install/server_demo/local/lib/python3.10/dist-packages/server_demo'...
Listing '/home/interstellar/face_detect/detect_ws/install/server_demo/local/lib/python3.10/dist-packages/server_demo/srv'...
-- Up-to-date: /home/interstellar/face_detect/detect_ws/install/server_demo/local/lib/python3.10/dist-packages/server_demo/server_demo_s__rosidl_typesupport_fastrtps_c.cpython-310-x86_64-linux-gnu.so
-- Up-to-date: /home/interstellar/face_detect/detect_ws/install/server_demo/local/lib/python3.10/dist-packages/server_demo/server_demo_s__rosidl_typesupport_introspection_c.cpython-310-x86_64-linux-gnu.so
-- Up-to-date: /home/interstellar/face_detect/detect_ws/install/server_demo/local/lib/python3.10/dist-packages/server_demo/server_demo_s__rosidl_typesupport_c.cpython-310-x86_64-linux-gnu.so
-- Up-to-date: /home/interstellar/face_detect/detect_ws/install/server_demo/lib/libserver_demo__rosidl_generator_py.so
-- Up-to-date: /home/interstellar/face_detect/detect_ws/install/server_demo/share/server_demo/srv/Myimage.idl
-- Up-to-date: /home/interstellar/face_detect/detect_ws/install/server_demo/share/server_demo/srv/Myimage.srv
-- Up-to-date: /home/interstellar/face_detect/detect_ws/install/server_demo/share/server_demo/srv/Myimage_Request.msg
-- Up-to-date: /home/interstellar/face_detect/detect_ws/install/server_demo/share/server_demo/srv/Myimage_Response.msg
-- Up-to-date: /home/interstellar/face_detect/detect_ws/install/server_demo/share/ament_index/resource_index/package_run_dependencies/server_demo
-- Up-to-date: /home/interstellar/face_detect/detect_ws/install/server_demo/share/ament_index/resource_index/parent_prefix_path/server_demo
-- Up-to-date: /home/interstellar/face_detect/detect_ws/install/server_demo/share/server_demo/environment/ament_prefix_path.sh
-- Up-to-date: /home/interstellar/face_detect/detect_ws/install/server_demo/share/server_demo/environment/ament_prefix_path.dsv
-- Up-to-date: /home/interstellar/face_detect/detect_ws/install/server_demo/share/server_demo/environment/path.sh
-- Up-to-date: /home/interstellar/face_detect/detect_ws/install/server_demo/share/server_demo/environment/path.dsv
-- Up-to-date: /home/interstellar/face_detect/detect_ws/install/server_demo/share/server_demo/local_setup.bash
-- Up-to-date: /home/interstellar/face_detect/detect_ws/install/server_demo/share/server_demo/local_setup.sh
-- Up-to-date: /home/interstellar/face_detect/detect_ws/install/server_demo/share/server_demo/local_setup.zsh
-- Up-to-date: /home/interstellar/face_detect/detect_ws/install/server_demo/share/server_demo/local_setup.dsv
-- Installing: /home/interstellar/face_detect/detect_ws/install/server_demo/share/server_demo/package.dsv
-- Up-to-date: /home/interstellar/face_detect/detect_ws/install/server_demo/share/ament_index/resource_index/packages/server_demo
-- Up-to-date: /home/interstellar/face_detect/detect_ws/install/server_demo/share/server_demo/cmake/export_server_demo__rosidl_generator_cExport.cmake
-- Up-to-date: /home/interstellar/face_detect/detect_ws/install/server_demo/share/server_demo/cmake/export_server_demo__rosidl_generator_cExport-noconfig.cmake
-- Up-to-date: /home/interstellar/face_detect/detect_ws/install/server_demo/share/server_demo/cmake/export_server_demo__rosidl_typesupport_fastrtps_cExport.cmake
-- Up-to-date: /home/interstellar/face_detect/detect_ws/install/server_demo/share/server_demo/cmake/export_server_demo__rosidl_typesupport_fastrtps_cExport-noconfig.cmake
-- Up-to-date: /home/interstellar/face_detect/detect_ws/install/server_demo/share/server_demo/cmake/export_server_demo__rosidl_generator_cppExport.cmake
-- Up-to-date: /home/interstellar/face_detect/detect_ws/install/server_demo/share/server_demo/cmake/export_server_demo__rosidl_typesupport_fastrtps_cppExport.cmake
-- Up-to-date: /home/interstellar/face_detect/detect_ws/install/server_demo/share/server_demo/cmake/export_server_demo__rosidl_typesupport_fastrtps_cppExport-noconfig.cmake
-- Up-to-date: /home/interstellar/face_detect/detect_ws/install/server_demo/share/server_demo/cmake/server_demo__rosidl_typesupport_introspection_cExport.cmake
-- Up-to-date: /home/interstellar/face_detect/detect_ws/install/server_demo/share/server_demo/cmake/server_demo__rosidl_typesupport_introspection_cExport-noconfig.cmake
-- Up-to-date: /home/interstellar/face_detect/detect_ws/install/server_demo/share/server_demo/cmake/server_demo__rosidl_typesupport_cExport.cmake
-- Up-to-date: /home/interstellar/face_detect/detect_ws/install/server_demo/share/server_demo/cmake/server_demo__rosidl_typesupport_cExport-noconfig.cmake
-- Up-to-date: /home/interstellar/face_detect/detect_ws/install/server_demo/share/server_demo/cmake/server_demo__rosidl_typesupport_introspection_cppExport.cmake
-- Up-to-date: /home/interstellar/face_detect/detect_ws/install/server_demo/share/server_demo/cmake/server_demo__rosidl_typesupport_introspection_cppExport-noconfig.cmake
-- Up-to-date: /home/interstellar/face_detect/detect_ws/install/server_demo/share/server_demo/cmake/server_demo__rosidl_typesupport_cppExport.cmake
-- Up-to-date: /home/interstellar/face_detect/detect_ws/install/server_demo/share/server_demo/cmake/server_demo__rosidl_typesupport_cppExport-noconfig.cmake
-- Up-to-date: /home/interstellar/face_detect/detect_ws/install/server_demo/share/server_demo/cmake/export_server_demo__rosidl_generator_pyExport.cmake
-- Up-to-date: /home/interstellar/face_detect/detect_ws/install/server_demo/share/server_demo/cmake/export_server_demo__rosidl_generator_pyExport-noconfig.cmake
-- Up-to-date: /home/interstellar/face_detect/detect_ws/install/server_demo/share/server_demo/cmake/rosidl_cmake-extras.cmake
-- Up-to-date: /home/interstellar/face_detect/detect_ws/install/server_demo/share/server_demo/cmake/ament_cmake_export_dependencies-extras.cmake
-- Up-to-date: /home/interstellar/face_detect/detect_ws/install/server_demo/share/server_demo/cmake/ament_cmake_export_include_directories-extras.cmake
-- Up-to-date: /home/interstellar/face_detect/detect_ws/install/server_demo/share/server_demo/cmake/ament_cmake_export_libraries-extras.cmake
-- Up-to-date: /home/interstellar/face_detect/detect_ws/install/server_demo/share/server_demo/cmake/ament_cmake_export_targets-extras.cmake
-- Up-to-date: /home/interstellar/face_detect/detect_ws/install/server_demo/share/server_demo/cmake/rosidl_cmake_export_typesupport_targets-extras.cmake
-- Up-to-date: /home/interstellar/face_detect/detect_ws/install/server_demo/share/server_demo/cmake/rosidl_cmake_export_typesupport_libraries-extras.cmake
-- Up-to-date: /home/interstellar/face_detect/detect_ws/install/server_demo/share/server_demo/cmake/server_demoConfig.cmake
-- Up-to-date: /home/interstellar/face_detect/detect_ws/install/server_demo/share/server_demo/cmake/server_demoConfig-version.cmake
-- Up-to-date: /home/interstellar/face_detect/detect_ws/install/server_demo/share/server_demo/package.xml
