[0.870s] Invoking command in '/home/interstellar/face_detect/detect_ws/src/py_server': CMAKE_PREFIX_PATH=/home/interstellar/face_detect/detect_ws/install/server_demo:/home/interstellar/face_detect/detect_ws/install/cpp_service PYTHONPATH=/home/interstellar/face_detect/detect_ws/build/py_server/prefix_override:/usr/lib/python3/dist-packages/colcon_core/task/python/colcon_distutils_commands:/home/interstellar/face_detect/detect_ws/install/py_server/lib/python3.10/site-packages:${PYTHONPATH} /usr/bin/python3 -W ignore:setup.py install is deprecated setup.py egg_info --egg-base ../../build/py_server build --build-base /home/interstellar/face_detect/detect_ws/build/py_server/build install --record /home/interstellar/face_detect/detect_ws/build/py_server/install.log --single-version-externally-managed install_data
[1.137s] running egg_info
[1.138s] writing ../../build/py_server/py_server.egg-info/PKG-INFO
[1.139s] writing dependency_links to ../../build/py_server/py_server.egg-info/dependency_links.txt
[1.139s] writing entry points to ../../build/py_server/py_server.egg-info/entry_points.txt
[1.139s] writing requirements to ../../build/py_server/py_server.egg-info/requires.txt
[1.139s] writing top-level names to ../../build/py_server/py_server.egg-info/top_level.txt
[1.142s] reading manifest file '../../build/py_server/py_server.egg-info/SOURCES.txt'
[1.143s] writing manifest file '../../build/py_server/py_server.egg-info/SOURCES.txt'
[1.143s] running build
[1.143s] running build_py
[1.143s] running install
[1.144s] running install_lib
[1.145s] running install_data
[1.145s] running install_egg_info
[1.148s] removing '/home/interstellar/face_detect/detect_ws/install/py_server/lib/python3.10/site-packages/py_server-0.0.0-py3.10.egg-info' (and everything under it)
[1.148s] Copying ../../build/py_server/py_server.egg-info to /home/interstellar/face_detect/detect_ws/install/py_server/lib/python3.10/site-packages/py_server-0.0.0-py3.10.egg-info
[1.150s] running install_scripts
[1.177s] Installing client_py script to /home/interstellar/face_detect/detect_ws/install/py_server/lib/py_server
[1.177s] Installing server_py script to /home/interstellar/face_detect/detect_ws/install/py_server/lib/py_server
[1.177s] writing list of installed files to '/home/interstellar/face_detect/detect_ws/build/py_server/install.log'
[1.199s] Invoked command in '/home/interstellar/face_detect/detect_ws/src/py_server' returned '0': CMAKE_PREFIX_PATH=/home/interstellar/face_detect/detect_ws/install/server_demo:/home/interstellar/face_detect/detect_ws/install/cpp_service PYTHONPATH=/home/interstellar/face_detect/detect_ws/build/py_server/prefix_override:/usr/lib/python3/dist-packages/colcon_core/task/python/colcon_distutils_commands:/home/interstellar/face_detect/detect_ws/install/py_server/lib/python3.10/site-packages:${PYTHONPATH} /usr/bin/python3 -W ignore:setup.py install is deprecated setup.py egg_info --egg-base ../../build/py_server build --build-base /home/interstellar/face_detect/detect_ws/build/py_server/build install --record /home/interstellar/face_detect/detect_ws/build/py_server/install.log --single-version-externally-managed install_data
