[1.607s] Invoking command in '/home/interstellar/face_detect/detect_ws/src/py_server': CMAKE_PREFIX_PATH=/home/interstellar/face_detect/detect_ws/install/server_demo:/home/interstellar/face_detect/detect_ws/install/cpp_service PYTHONPATH=/home/interstellar/face_detect/detect_ws/build/py_server/prefix_override:/usr/lib/python3/dist-packages/colcon_core/task/python/colcon_distutils_commands:/home/interstellar/face_detect/detect_ws/install/py_server/lib/python3.10/site-packages:${PYTHONPATH} /usr/bin/python3 -W ignore:setup.py install is deprecated setup.py egg_info --egg-base ../../build/py_server build --build-base /home/interstellar/face_detect/detect_ws/build/py_server/build install --record /home/interstellar/face_detect/detect_ws/build/py_server/install.log --single-version-externally-managed install_data
[2.238s] running egg_info
[2.241s] writing ../../build/py_server/py_server.egg-info/PKG-INFO
[2.242s] writing dependency_links to ../../build/py_server/py_server.egg-info/dependency_links.txt
[2.242s] writing entry points to ../../build/py_server/py_server.egg-info/entry_points.txt
[2.242s] writing requirements to ../../build/py_server/py_server.egg-info/requires.txt
[2.242s] writing top-level names to ../../build/py_server/py_server.egg-info/top_level.txt
[2.247s] reading manifest file '../../build/py_server/py_server.egg-info/SOURCES.txt'
[2.247s] writing manifest file '../../build/py_server/py_server.egg-info/SOURCES.txt'
[2.248s] running build
[2.248s] running build_py
[2.251s] running install
[2.251s] running install_lib
[2.254s] running install_data
[2.254s] running install_egg_info
[2.259s] removing '/home/interstellar/face_detect/detect_ws/install/py_server/lib/python3.10/site-packages/py_server-0.0.0-py3.10.egg-info' (and everything under it)
[2.261s] Copying ../../build/py_server/py_server.egg-info to /home/interstellar/face_detect/detect_ws/install/py_server/lib/python3.10/site-packages/py_server-0.0.0-py3.10.egg-info
[2.264s] running install_scripts
[2.318s] Installing client_py script to /home/interstellar/face_detect/detect_ws/install/py_server/lib/py_server
[2.319s] Installing server_py script to /home/interstellar/face_detect/detect_ws/install/py_server/lib/py_server
[2.320s] writing list of installed files to '/home/interstellar/face_detect/detect_ws/build/py_server/install.log'
[2.368s] Invoked command in '/home/interstellar/face_detect/detect_ws/src/py_server' returned '0': CMAKE_PREFIX_PATH=/home/interstellar/face_detect/detect_ws/install/server_demo:/home/interstellar/face_detect/detect_ws/install/cpp_service PYTHONPATH=/home/interstellar/face_detect/detect_ws/build/py_server/prefix_override:/usr/lib/python3/dist-packages/colcon_core/task/python/colcon_distutils_commands:/home/interstellar/face_detect/detect_ws/install/py_server/lib/python3.10/site-packages:${PYTHONPATH} /usr/bin/python3 -W ignore:setup.py install is deprecated setup.py egg_info --egg-base ../../build/py_server build --build-base /home/interstellar/face_detect/detect_ws/build/py_server/build install --record /home/interstellar/face_detect/detect_ws/build/py_server/install.log --single-version-externally-managed install_data
