[0.046s] Invoking command in '/home/interstellar/face_detect/detect_ws/build/server_demo': CMAKE_PREFIX_PATH=${CMAKE_PREFIX_PATH}:/home/interstellar/face_detect/detect_ws/install/py_server:/opt/ros/humble /usr/bin/cmake --build /home/interstellar/face_detect/detect_ws/build/server_demo -- -j4 -l4
[0.319s] [  9%] Built target server_demo__rosidl_generator_c
[0.352s] [ 12%] Built target server_demo__cpp
[0.357s] [ 12%] Built target ament_cmake_python_copy_server_demo
[0.451s] [ 22%] Built target server_demo__rosidl_typesupport_fastrtps_c
[0.452s] [ 32%] Built target server_demo__rosidl_typesupport_introspection_c
[0.461s] [ 41%] Built target server_demo__rosidl_typesupport_c
[0.483s] [ 51%] Built target server_demo__rosidl_typesupport_introspection_cpp
[0.538s] [ 61%] Built target server_demo__rosidl_typesupport_fastrtps_cpp
[0.538s] [ 70%] Built target server_demo__rosidl_typesupport_cpp
[0.612s] [ 70%] Built target server_demo
[0.689s] [ 74%] Built target server_demo__py
[0.811s] [ 80%] Built target server_demo__rosidl_generator_py
[1.000s] [ 87%] Built target server_demo__rosidl_typesupport_introspection_c__pyext
[1.000s] [ 93%] Built target server_demo__rosidl_typesupport_c__pyext
[1.032s] [100%] Built target server_demo__rosidl_typesupport_fastrtps_c__pyext
[1.224s] running egg_info
[1.227s] writing server_demo.egg-info/PKG-INFO
[1.227s] writing dependency_links to server_demo.egg-info/dependency_links.txt
[1.227s] writing top-level names to server_demo.egg-info/top_level.txt
[1.235s] reading manifest file 'server_demo.egg-info/SOURCES.txt'
[1.236s] writing manifest file 'server_demo.egg-info/SOURCES.txt'
[1.306s] [100%] Built target ament_cmake_python_build_server_demo_egg
[1.345s] Invoked command in '/home/interstellar/face_detect/detect_ws/build/server_demo' returned '0': CMAKE_PREFIX_PATH=${CMAKE_PREFIX_PATH}:/home/interstellar/face_detect/detect_ws/install/py_server:/opt/ros/humble /usr/bin/cmake --build /home/interstellar/face_detect/detect_ws/build/server_demo -- -j4 -l4
[1.765s] Invoking command in '/home/interstellar/face_detect/detect_ws/build/server_demo': CMAKE_PREFIX_PATH=${CMAKE_PREFIX_PATH}:/home/interstellar/face_detect/detect_ws/install/py_server:/opt/ros/humble /usr/bin/cmake --install /home/interstellar/face_detect/detect_ws/build/server_demo
[1.790s] -- Install configuration: ""
[1.791s] -- Up-to-date: /home/interstellar/face_detect/detect_ws/install/server_demo/share/ament_index/resource_index/rosidl_interfaces/server_demo
[1.792s] -- Up-to-date: /home/interstellar/face_detect/detect_ws/install/server_demo/include/server_demo/server_demo
[1.792s] -- Up-to-date: /home/interstellar/face_detect/detect_ws/install/server_demo/include/server_demo/server_demo/srv
[1.792s] -- Up-to-date: /home/interstellar/face_detect/detect_ws/install/server_demo/include/server_demo/server_demo/srv/myimage.h
[1.792s] -- Up-to-date: /home/interstellar/face_detect/detect_ws/install/server_demo/include/server_demo/server_demo/srv/detail
[1.793s] -- Up-to-date: /home/interstellar/face_detect/detect_ws/install/server_demo/include/server_demo/server_demo/srv/detail/myimage__type_support.h
[1.793s] -- Up-to-date: /home/interstellar/face_detect/detect_ws/install/server_demo/include/server_demo/server_demo/srv/detail/myimage__struct.h
[1.793s] -- Up-to-date: /home/interstellar/face_detect/detect_ws/install/server_demo/include/server_demo/server_demo/srv/detail/myimage__functions.h
[1.794s] -- Up-to-date: /home/interstellar/face_detect/detect_ws/install/server_demo/include/server_demo/server_demo/srv/detail/myimage__functions.c
[1.794s] -- Up-to-date: /home/interstellar/face_detect/detect_ws/install/server_demo/include/server_demo/server_demo/msg
[1.796s] -- Up-to-date: /home/interstellar/face_detect/detect_ws/install/server_demo/include/server_demo/server_demo/msg/rosidl_generator_c__visibility_control.h
[1.796s] -- Up-to-date: /home/interstellar/face_detect/detect_ws/install/server_demo/share/server_demo/environment/library_path.sh
[1.797s] -- Up-to-date: /home/interstellar/face_detect/detect_ws/install/server_demo/share/server_demo/environment/library_path.dsv
[1.797s] -- Up-to-date: /home/interstellar/face_detect/detect_ws/install/server_demo/lib/libserver_demo__rosidl_generator_c.so
[1.797s] -- Up-to-date: /home/interstellar/face_detect/detect_ws/install/server_demo/include/server_demo/server_demo
[1.798s] -- Up-to-date: /home/interstellar/face_detect/detect_ws/install/server_demo/include/server_demo/server_demo/srv
[1.798s] -- Up-to-date: /home/interstellar/face_detect/detect_ws/install/server_demo/include/server_demo/server_demo/srv/detail
[1.798s] -- Up-to-date: /home/interstellar/face_detect/detect_ws/install/server_demo/include/server_demo/server_demo/srv/detail/myimage__rosidl_typesupport_fastrtps_c.h
[1.799s] -- Up-to-date: /home/interstellar/face_detect/detect_ws/install/server_demo/include/server_demo/server_demo/msg
[1.799s] -- Up-to-date: /home/interstellar/face_detect/detect_ws/install/server_demo/include/server_demo/server_demo/msg/rosidl_typesupport_fastrtps_c__visibility_control.h
[1.799s] -- Up-to-date: /home/interstellar/face_detect/detect_ws/install/server_demo/lib/libserver_demo__rosidl_typesupport_fastrtps_c.so
[1.799s] -- Up-to-date: /home/interstellar/face_detect/detect_ws/install/server_demo/include/server_demo/server_demo
[1.799s] -- Up-to-date: /home/interstellar/face_detect/detect_ws/install/server_demo/include/server_demo/server_demo/srv
[1.799s] -- Up-to-date: /home/interstellar/face_detect/detect_ws/install/server_demo/include/server_demo/server_demo/srv/detail
[1.800s] -- Up-to-date: /home/interstellar/face_detect/detect_ws/install/server_demo/include/server_demo/server_demo/srv/detail/myimage__traits.hpp
[1.800s] -- Up-to-date: /home/interstellar/face_detect/detect_ws/install/server_demo/include/server_demo/server_demo/srv/detail/myimage__struct.hpp
[1.800s] -- Up-to-date: /home/interstellar/face_detect/detect_ws/install/server_demo/include/server_demo/server_demo/srv/detail/myimage__builder.hpp
[1.800s] -- Up-to-date: /home/interstellar/face_detect/detect_ws/install/server_demo/include/server_demo/server_demo/srv/myimage.hpp
[1.801s] -- Up-to-date: /home/interstellar/face_detect/detect_ws/install/server_demo/include/server_demo/server_demo
[1.801s] -- Up-to-date: /home/interstellar/face_detect/detect_ws/install/server_demo/include/server_demo/server_demo/srv
[1.801s] -- Up-to-date: /home/interstellar/face_detect/detect_ws/install/server_demo/include/server_demo/server_demo/srv/detail
[1.801s] -- Up-to-date: /home/interstellar/face_detect/detect_ws/install/server_demo/include/server_demo/server_demo/srv/detail/myimage__rosidl_typesupport_fastrtps_cpp.hpp
[1.802s] -- Up-to-date: /home/interstellar/face_detect/detect_ws/install/server_demo/include/server_demo/server_demo/srv/detail/dds_fastrtps
[1.803s] -- Up-to-date: /home/interstellar/face_detect/detect_ws/install/server_demo/include/server_demo/server_demo/msg
[1.803s] -- Up-to-date: /home/interstellar/face_detect/detect_ws/install/server_demo/include/server_demo/server_demo/msg/rosidl_typesupport_fastrtps_cpp__visibility_control.h
[1.803s] -- Up-to-date: /home/interstellar/face_detect/detect_ws/install/server_demo/lib/libserver_demo__rosidl_typesupport_fastrtps_cpp.so
[1.804s] -- Up-to-date: /home/interstellar/face_detect/detect_ws/install/server_demo/include/server_demo/server_demo
[1.804s] -- Up-to-date: /home/interstellar/face_detect/detect_ws/install/server_demo/include/server_demo/server_demo/srv
[1.804s] -- Up-to-date: /home/interstellar/face_detect/detect_ws/install/server_demo/include/server_demo/server_demo/srv/detail
[1.804s] -- Up-to-date: /home/interstellar/face_detect/detect_ws/install/server_demo/include/server_demo/server_demo/srv/detail/myimage__type_support.c
[1.804s] -- Up-to-date: /home/interstellar/face_detect/detect_ws/install/server_demo/include/server_demo/server_demo/srv/detail/myimage__rosidl_typesupport_introspection_c.h
[1.804s] -- Up-to-date: /home/interstellar/face_detect/detect_ws/install/server_demo/include/server_demo/server_demo/msg
[1.804s] -- Up-to-date: /home/interstellar/face_detect/detect_ws/install/server_demo/include/server_demo/server_demo/msg/rosidl_typesupport_introspection_c__visibility_control.h
[1.805s] -- Up-to-date: /home/interstellar/face_detect/detect_ws/install/server_demo/lib/libserver_demo__rosidl_typesupport_introspection_c.so
[1.805s] -- Up-to-date: /home/interstellar/face_detect/detect_ws/install/server_demo/lib/libserver_demo__rosidl_typesupport_c.so
[1.805s] -- Up-to-date: /home/interstellar/face_detect/detect_ws/install/server_demo/include/server_demo/server_demo
[1.805s] -- Up-to-date: /home/interstellar/face_detect/detect_ws/install/server_demo/include/server_demo/server_demo/srv
[1.805s] -- Up-to-date: /home/interstellar/face_detect/detect_ws/install/server_demo/include/server_demo/server_demo/srv/detail
[1.805s] -- Up-to-date: /home/interstellar/face_detect/detect_ws/install/server_demo/include/server_demo/server_demo/srv/detail/myimage__type_support.cpp
[1.805s] -- Up-to-date: /home/interstellar/face_detect/detect_ws/install/server_demo/include/server_demo/server_demo/srv/detail/myimage__rosidl_typesupport_introspection_cpp.hpp
[1.806s] -- Up-to-date: /home/interstellar/face_detect/detect_ws/install/server_demo/lib/libserver_demo__rosidl_typesupport_introspection_cpp.so
[1.806s] -- Up-to-date: /home/interstellar/face_detect/detect_ws/install/server_demo/lib/libserver_demo__rosidl_typesupport_cpp.so
[1.806s] -- Up-to-date: /home/interstellar/face_detect/detect_ws/install/server_demo/share/server_demo/environment/pythonpath.sh
[1.806s] -- Up-to-date: /home/interstellar/face_detect/detect_ws/install/server_demo/share/server_demo/environment/pythonpath.dsv
[1.807s] -- Up-to-date: /home/interstellar/face_detect/detect_ws/install/server_demo/local/lib/python3.10/dist-packages/server_demo-0.0.0-py3.10.egg-info
[1.807s] -- Installing: /home/interstellar/face_detect/detect_ws/install/server_demo/local/lib/python3.10/dist-packages/server_demo-0.0.0-py3.10.egg-info/dependency_links.txt
[1.807s] -- Installing: /home/interstellar/face_detect/detect_ws/install/server_demo/local/lib/python3.10/dist-packages/server_demo-0.0.0-py3.10.egg-info/top_level.txt
[1.808s] -- Installing: /home/interstellar/face_detect/detect_ws/install/server_demo/local/lib/python3.10/dist-packages/server_demo-0.0.0-py3.10.egg-info/SOURCES.txt
[1.808s] -- Installing: /home/interstellar/face_detect/detect_ws/install/server_demo/local/lib/python3.10/dist-packages/server_demo-0.0.0-py3.10.egg-info/PKG-INFO
[1.808s] -- Up-to-date: /home/interstellar/face_detect/detect_ws/install/server_demo/local/lib/python3.10/dist-packages/server_demo
[1.808s] -- Up-to-date: /home/interstellar/face_detect/detect_ws/install/server_demo/local/lib/python3.10/dist-packages/server_demo/__init__.py
[1.809s] -- Up-to-date: /home/interstellar/face_detect/detect_ws/install/server_demo/local/lib/python3.10/dist-packages/server_demo/_server_demo_s.ep.rosidl_typesupport_introspection_c.c
[1.809s] -- Up-to-date: /home/interstellar/face_detect/detect_ws/install/server_demo/local/lib/python3.10/dist-packages/server_demo/server_demo_s__rosidl_typesupport_fastrtps_c.cpython-310-x86_64-linux-gnu.so
[1.809s] -- Up-to-date: /home/interstellar/face_detect/detect_ws/install/server_demo/local/lib/python3.10/dist-packages/server_demo/server_demo_s__rosidl_typesupport_c.cpython-310-x86_64-linux-gnu.so
[1.809s] -- Up-to-date: /home/interstellar/face_detect/detect_ws/install/server_demo/local/lib/python3.10/dist-packages/server_demo/srv
[1.809s] -- Up-to-date: /home/interstellar/face_detect/detect_ws/install/server_demo/local/lib/python3.10/dist-packages/server_demo/srv/__init__.py
[1.809s] -- Up-to-date: /home/interstellar/face_detect/detect_ws/install/server_demo/local/lib/python3.10/dist-packages/server_demo/srv/_myimage.py
[1.809s] -- Up-to-date: /home/interstellar/face_detect/detect_ws/install/server_demo/local/lib/python3.10/dist-packages/server_demo/srv/_myimage_s.c
[1.810s] -- Up-to-date: /home/interstellar/face_detect/detect_ws/install/server_demo/local/lib/python3.10/dist-packages/server_demo/libserver_demo__rosidl_generator_py.so
[1.810s] -- Up-to-date: /home/interstellar/face_detect/detect_ws/install/server_demo/local/lib/python3.10/dist-packages/server_demo/_server_demo_s.ep.rosidl_typesupport_fastrtps_c.c
[1.810s] -- Up-to-date: /home/interstellar/face_detect/detect_ws/install/server_demo/local/lib/python3.10/dist-packages/server_demo/_server_demo_s.ep.rosidl_typesupport_c.c
[1.811s] -- Up-to-date: /home/interstellar/face_detect/detect_ws/install/server_demo/local/lib/python3.10/dist-packages/server_demo/server_demo_s__rosidl_typesupport_introspection_c.cpython-310-x86_64-linux-gnu.so
[1.906s] Listing '/home/interstellar/face_detect/detect_ws/install/server_demo/local/lib/python3.10/dist-packages/server_demo'...
[1.906s] Listing '/home/interstellar/face_detect/detect_ws/install/server_demo/local/lib/python3.10/dist-packages/server_demo/srv'...
[1.916s] -- Up-to-date: /home/interstellar/face_detect/detect_ws/install/server_demo/local/lib/python3.10/dist-packages/server_demo/server_demo_s__rosidl_typesupport_fastrtps_c.cpython-310-x86_64-linux-gnu.so
[1.916s] -- Up-to-date: /home/interstellar/face_detect/detect_ws/install/server_demo/local/lib/python3.10/dist-packages/server_demo/server_demo_s__rosidl_typesupport_introspection_c.cpython-310-x86_64-linux-gnu.so
[1.917s] -- Up-to-date: /home/interstellar/face_detect/detect_ws/install/server_demo/local/lib/python3.10/dist-packages/server_demo/server_demo_s__rosidl_typesupport_c.cpython-310-x86_64-linux-gnu.so
[1.917s] -- Up-to-date: /home/interstellar/face_detect/detect_ws/install/server_demo/lib/libserver_demo__rosidl_generator_py.so
[1.918s] -- Up-to-date: /home/interstellar/face_detect/detect_ws/install/server_demo/share/server_demo/srv/Myimage.idl
[1.918s] -- Up-to-date: /home/interstellar/face_detect/detect_ws/install/server_demo/share/server_demo/srv/Myimage.srv
[1.918s] -- Up-to-date: /home/interstellar/face_detect/detect_ws/install/server_demo/share/server_demo/srv/Myimage_Request.msg
[1.919s] -- Up-to-date: /home/interstellar/face_detect/detect_ws/install/server_demo/share/server_demo/srv/Myimage_Response.msg
[1.919s] -- Up-to-date: /home/interstellar/face_detect/detect_ws/install/server_demo/share/ament_index/resource_index/package_run_dependencies/server_demo
[1.920s] -- Up-to-date: /home/interstellar/face_detect/detect_ws/install/server_demo/share/ament_index/resource_index/parent_prefix_path/server_demo
[1.920s] -- Up-to-date: /home/interstellar/face_detect/detect_ws/install/server_demo/share/server_demo/environment/ament_prefix_path.sh
[1.921s] -- Up-to-date: /home/interstellar/face_detect/detect_ws/install/server_demo/share/server_demo/environment/ament_prefix_path.dsv
[1.921s] -- Up-to-date: /home/interstellar/face_detect/detect_ws/install/server_demo/share/server_demo/environment/path.sh
[1.921s] -- Up-to-date: /home/interstellar/face_detect/detect_ws/install/server_demo/share/server_demo/environment/path.dsv
[1.921s] -- Up-to-date: /home/interstellar/face_detect/detect_ws/install/server_demo/share/server_demo/local_setup.bash
[1.921s] -- Up-to-date: /home/interstellar/face_detect/detect_ws/install/server_demo/share/server_demo/local_setup.sh
[1.921s] -- Up-to-date: /home/interstellar/face_detect/detect_ws/install/server_demo/share/server_demo/local_setup.zsh
[1.922s] -- Up-to-date: /home/interstellar/face_detect/detect_ws/install/server_demo/share/server_demo/local_setup.dsv
[1.922s] -- Installing: /home/interstellar/face_detect/detect_ws/install/server_demo/share/server_demo/package.dsv
[1.922s] -- Up-to-date: /home/interstellar/face_detect/detect_ws/install/server_demo/share/ament_index/resource_index/packages/server_demo
[1.923s] -- Up-to-date: /home/interstellar/face_detect/detect_ws/install/server_demo/share/server_demo/cmake/export_server_demo__rosidl_generator_cExport.cmake
[1.924s] -- Up-to-date: /home/interstellar/face_detect/detect_ws/install/server_demo/share/server_demo/cmake/export_server_demo__rosidl_generator_cExport-noconfig.cmake
[1.924s] -- Up-to-date: /home/interstellar/face_detect/detect_ws/install/server_demo/share/server_demo/cmake/export_server_demo__rosidl_typesupport_fastrtps_cExport.cmake
[1.924s] -- Up-to-date: /home/interstellar/face_detect/detect_ws/install/server_demo/share/server_demo/cmake/export_server_demo__rosidl_typesupport_fastrtps_cExport-noconfig.cmake
[1.925s] -- Up-to-date: /home/interstellar/face_detect/detect_ws/install/server_demo/share/server_demo/cmake/export_server_demo__rosidl_generator_cppExport.cmake
[1.925s] -- Up-to-date: /home/interstellar/face_detect/detect_ws/install/server_demo/share/server_demo/cmake/export_server_demo__rosidl_typesupport_fastrtps_cppExport.cmake
[1.925s] -- Up-to-date: /home/interstellar/face_detect/detect_ws/install/server_demo/share/server_demo/cmake/export_server_demo__rosidl_typesupport_fastrtps_cppExport-noconfig.cmake
[1.925s] -- Up-to-date: /home/interstellar/face_detect/detect_ws/install/server_demo/share/server_demo/cmake/server_demo__rosidl_typesupport_introspection_cExport.cmake
[1.925s] -- Up-to-date: /home/interstellar/face_detect/detect_ws/install/server_demo/share/server_demo/cmake/server_demo__rosidl_typesupport_introspection_cExport-noconfig.cmake
[1.925s] -- Up-to-date: /home/interstellar/face_detect/detect_ws/install/server_demo/share/server_demo/cmake/server_demo__rosidl_typesupport_cExport.cmake
[1.926s] -- Up-to-date: /home/interstellar/face_detect/detect_ws/install/server_demo/share/server_demo/cmake/server_demo__rosidl_typesupport_cExport-noconfig.cmake
[1.926s] -- Up-to-date: /home/interstellar/face_detect/detect_ws/install/server_demo/share/server_demo/cmake/server_demo__rosidl_typesupport_introspection_cppExport.cmake
[1.926s] -- Up-to-date: /home/interstellar/face_detect/detect_ws/install/server_demo/share/server_demo/cmake/server_demo__rosidl_typesupport_introspection_cppExport-noconfig.cmake
[1.926s] -- Up-to-date: /home/interstellar/face_detect/detect_ws/install/server_demo/share/server_demo/cmake/server_demo__rosidl_typesupport_cppExport.cmake
[1.926s] -- Up-to-date: /home/interstellar/face_detect/detect_ws/install/server_demo/share/server_demo/cmake/server_demo__rosidl_typesupport_cppExport-noconfig.cmake
[1.926s] -- Up-to-date: /home/interstellar/face_detect/detect_ws/install/server_demo/share/server_demo/cmake/export_server_demo__rosidl_generator_pyExport.cmake
[1.926s] -- Up-to-date: /home/interstellar/face_detect/detect_ws/install/server_demo/share/server_demo/cmake/export_server_demo__rosidl_generator_pyExport-noconfig.cmake
[1.927s] -- Up-to-date: /home/interstellar/face_detect/detect_ws/install/server_demo/share/server_demo/cmake/rosidl_cmake-extras.cmake
[1.927s] -- Up-to-date: /home/interstellar/face_detect/detect_ws/install/server_demo/share/server_demo/cmake/ament_cmake_export_dependencies-extras.cmake
[1.927s] -- Up-to-date: /home/interstellar/face_detect/detect_ws/install/server_demo/share/server_demo/cmake/ament_cmake_export_include_directories-extras.cmake
[1.927s] -- Up-to-date: /home/interstellar/face_detect/detect_ws/install/server_demo/share/server_demo/cmake/ament_cmake_export_libraries-extras.cmake
[1.927s] -- Up-to-date: /home/interstellar/face_detect/detect_ws/install/server_demo/share/server_demo/cmake/ament_cmake_export_targets-extras.cmake
[1.927s] -- Up-to-date: /home/interstellar/face_detect/detect_ws/install/server_demo/share/server_demo/cmake/rosidl_cmake_export_typesupport_targets-extras.cmake
[1.928s] -- Up-to-date: /home/interstellar/face_detect/detect_ws/install/server_demo/share/server_demo/cmake/rosidl_cmake_export_typesupport_libraries-extras.cmake
[1.928s] -- Up-to-date: /home/interstellar/face_detect/detect_ws/install/server_demo/share/server_demo/cmake/server_demoConfig.cmake
[1.928s] -- Up-to-date: /home/interstellar/face_detect/detect_ws/install/server_demo/share/server_demo/cmake/server_demoConfig-version.cmake
[1.928s] -- Up-to-date: /home/interstellar/face_detect/detect_ws/install/server_demo/share/server_demo/package.xml
[1.932s] Invoked command in '/home/interstellar/face_detect/detect_ws/build/server_demo' returned '0': CMAKE_PREFIX_PATH=${CMAKE_PREFIX_PATH}:/home/interstellar/face_detect/detect_ws/install/py_server:/opt/ros/humble /usr/bin/cmake --install /home/interstellar/face_detect/detect_ws/build/server_demo
