-- The C compiler identification is GNU 11.4.0
-- The CXX compiler identification is GNU 11.4.0
-- Detecting C compiler ABI info
-- Detecting C compiler ABI info - done
-- Check for working C compiler: /usr/bin/cc - skipped
-- Detecting C compile features
-- Detecting C compile features - done
-- Detecting CXX compiler ABI info
-- Detecting CXX compiler ABI info - done
-- Check for working CXX compiler: /usr/bin/c++ - skipped
-- Detecting CXX compile features
-- Detecting CXX compile features - done
-- Found ament_cmake: 1.3.10 (/opt/ros/humble/share/ament_cmake/cmake)
-- Found Python3: /usr/bin/python3 (found version "3.10.12") found components: Interpreter 
-- Found rclcpp: 16.0.10 (/opt/ros/humble/share/rclcpp/cmake)
-- Found rosidl_generator_c: 3.1.5 (/opt/ros/humble/share/rosidl_generator_c/cmake)
-- Found rosidl_adapter: 3.1.5 (/opt/ros/humble/share/rosidl_adapter/cmake)
-- Found rosidl_generator_cpp: 3.1.5 (/opt/ros/humble/share/rosidl_generator_cpp/cmake)
-- Using all available rosidl_typesupport_c: rosidl_typesupport_fastrtps_c;rosidl_typesupport_introspection_c
-- Using all available rosidl_typesupport_cpp: rosidl_typesupport_fastrtps_cpp;rosidl_typesupport_introspection_cpp
-- Found rmw_implementation_cmake: 6.1.2 (/opt/ros/humble/share/rmw_implementation_cmake/cmake)
-- Found rmw_fastrtps_cpp: 6.2.7 (/opt/ros/humble/share/rmw_fastrtps_cpp/cmake)
-- Found OpenSSL: /usr/lib/x86_64-linux-gnu/libcrypto.so (found version "3.0.2")  
-- Found FastRTPS: /opt/ros/humble/include  
-- Using RMW implementation 'rmw_fastrtps_cpp' as default
-- Looking for pthread.h
-- Looking for pthread.h - found
-- Performing Test CMAKE_HAVE_LIBC_PTHREAD
-- Performing Test CMAKE_HAVE_LIBC_PTHREAD - Success
-- Found Threads: TRUE  
-- Found server_demo: 0.0.0 (/home/interstellar/face_detect/detect_ws/install/server_demo/share/server_demo/cmake)
-- Found cv_bridge: 3.2.1 (/opt/ros/humble/share/cv_bridge/cmake)
-- Found OpenCV: /usr (found version "4.5.4") 
-- Found ament_lint_auto: 0.12.11 (/opt/ros/humble/share/ament_lint_auto/cmake)
-- Added test 'cppcheck' to perform static code analysis on C / C++ code
-- Configured cppcheck include dirs: $<BUILD_INTERFACE:/home/interstellar/face_detect/detect_ws/src/cpp_service/include>
-- Configured cppcheck exclude dirs and/or files: 
-- Added test 'lint_cmake' to check CMake code style
-- Added test 'uncrustify' to check C / C++ code style
-- Configured uncrustify additional arguments: 
-- Added test 'xmllint' to check XML markup files
-- Configuring done
-- Generating done
-- Build files have been written to: /home/interstellar/face_detect/detect_ws/build/cpp_service
[ 25%] [32mBuilding CXX object CMakeFiles/server_cpp.dir/src/server_cpp.cpp.o[0m
[ 50%] [32m[1mLinking CXX executable server_cpp[0m
[ 50%] Built target server_cpp
[ 75%] [32mBuilding CXX object CMakeFiles/client_cpp.dir/src/client_cpp.cpp.o[0m
[100%] [32m[1mLinking CXX executable client_cpp[0m
[100%] Built target client_cpp
-- Install configuration: ""
-- Installing: /home/interstellar/face_detect/detect_ws/install/cpp_service/lib/cpp_service/client_cpp
-- Set runtime path of "/home/interstellar/face_detect/detect_ws/install/cpp_service/lib/cpp_service/client_cpp" to ""
-- Installing: /home/interstellar/face_detect/detect_ws/install/cpp_service/lib/cpp_service/server_cpp
-- Set runtime path of "/home/interstellar/face_detect/detect_ws/install/cpp_service/lib/cpp_service/server_cpp" to ""
-- Installing: /home/interstellar/face_detect/detect_ws/install/cpp_service/share/ament_index/resource_index/package_run_dependencies/cpp_service
-- Installing: /home/interstellar/face_detect/detect_ws/install/cpp_service/share/ament_index/resource_index/parent_prefix_path/cpp_service
-- Installing: /home/interstellar/face_detect/detect_ws/install/cpp_service/share/cpp_service/environment/ament_prefix_path.sh
-- Installing: /home/interstellar/face_detect/detect_ws/install/cpp_service/share/cpp_service/environment/ament_prefix_path.dsv
-- Installing: /home/interstellar/face_detect/detect_ws/install/cpp_service/share/cpp_service/environment/path.sh
-- Installing: /home/interstellar/face_detect/detect_ws/install/cpp_service/share/cpp_service/environment/path.dsv
-- Installing: /home/interstellar/face_detect/detect_ws/install/cpp_service/share/cpp_service/local_setup.bash
-- Installing: /home/interstellar/face_detect/detect_ws/install/cpp_service/share/cpp_service/local_setup.sh
-- Installing: /home/interstellar/face_detect/detect_ws/install/cpp_service/share/cpp_service/local_setup.zsh
-- Installing: /home/interstellar/face_detect/detect_ws/install/cpp_service/share/cpp_service/local_setup.dsv
-- Installing: /home/interstellar/face_detect/detect_ws/install/cpp_service/share/cpp_service/package.dsv
-- Installing: /home/interstellar/face_detect/detect_ws/install/cpp_service/share/ament_index/resource_index/packages/cpp_service
-- Installing: /home/interstellar/face_detect/detect_ws/install/cpp_service/share/cpp_service/cmake/cpp_serviceConfig.cmake
-- Installing: /home/interstellar/face_detect/detect_ws/install/cpp_service/share/cpp_service/cmake/cpp_serviceConfig-version.cmake
-- Installing: /home/interstellar/face_detect/detect_ws/install/cpp_service/share/cpp_service/package.xml
