[0.150s] Invoking command in '/home/interstellar/face_detect/detect_ws/build/cpp_service': AMENT_PREFIX_PATH=/home/interstellar/face_detect/detect_ws/install/server_demo:${AMENT_PREFIX_PATH} CMAKE_PREFIX_PATH=/home/interstellar/face_detect/detect_ws/install/server_demo:/opt/ros/humble LD_LIBRARY_PATH=/home/interstellar/face_detect/detect_ws/install/server_demo/lib:${LD_LIBRARY_PATH} PYTHONPATH=/home/interstellar/face_detect/detect_ws/install/server_demo/local/lib/python3.10/dist-packages:${PYTHONPATH} /usr/bin/cmake /home/interstellar/face_detect/detect_ws/src/cpp_service -DCMAKE_INSTALL_PREFIX=/home/interstellar/face_detect/detect_ws/install/cpp_service
[0.927s] -- The C compiler identification is GNU 11.4.0
[1.732s] -- The CXX compiler identification is GNU 11.4.0
[1.819s] -- Detecting C compiler ABI info
[2.888s] -- Detecting C compiler ABI info - done
[2.920s] -- Check for working C compiler: /usr/bin/cc - skipped
[2.923s] -- Detecting C compile features
[2.927s] -- Detecting C compile features - done
[2.958s] -- Detecting CXX compiler ABI info
[4.191s] -- Detecting CXX compiler ABI info - done
[4.222s] -- Check for working CXX compiler: /usr/bin/c++ - skipped
[4.225s] -- Detecting CXX compile features
[4.227s] -- Detecting CXX compile features - done
[4.255s] -- Found ament_cmake: 1.3.10 (/opt/ros/humble/share/ament_cmake/cmake)
[5.561s] -- Found Python3: /usr/bin/python3 (found version "3.10.12") found components: Interpreter 
[6.332s] -- Found rclcpp: 16.0.10 (/opt/ros/humble/share/rclcpp/cmake)
[6.685s] -- Found rosidl_generator_c: 3.1.5 (/opt/ros/humble/share/rosidl_generator_c/cmake)
[6.729s] -- Found rosidl_adapter: 3.1.5 (/opt/ros/humble/share/rosidl_adapter/cmake)
[6.807s] -- Found rosidl_generator_cpp: 3.1.5 (/opt/ros/humble/share/rosidl_generator_cpp/cmake)
[6.915s] -- Using all available rosidl_typesupport_c: rosidl_typesupport_fastrtps_c;rosidl_typesupport_introspection_c
[7.059s] -- Using all available rosidl_typesupport_cpp: rosidl_typesupport_fastrtps_cpp;rosidl_typesupport_introspection_cpp
[7.399s] -- Found rmw_implementation_cmake: 6.1.2 (/opt/ros/humble/share/rmw_implementation_cmake/cmake)
[7.426s] -- Found rmw_fastrtps_cpp: 6.2.7 (/opt/ros/humble/share/rmw_fastrtps_cpp/cmake)
[8.395s] -- Found OpenSSL: /usr/lib/x86_64-linux-gnu/libcrypto.so (found version "3.0.2")  
[8.590s] -- Found FastRTPS: /opt/ros/humble/include  
[8.936s] -- Using RMW implementation 'rmw_fastrtps_cpp' as default
[9.036s] -- Looking for pthread.h
[10.177s] -- Looking for pthread.h - found
[10.196s] -- Performing Test CMAKE_HAVE_LIBC_PTHREAD
[11.391s] -- Performing Test CMAKE_HAVE_LIBC_PTHREAD - Success
[11.408s] -- Found Threads: TRUE  
[11.745s] -- Found server_demo: 0.0.0 (/home/interstellar/face_detect/detect_ws/install/server_demo/share/server_demo/cmake)
[12.059s] -- Found cv_bridge: 3.2.1 (/opt/ros/humble/share/cv_bridge/cmake)
[12.183s] -- Found OpenCV: /usr (found version "4.5.4") 
[12.205s] -- Found ament_lint_auto: 0.12.11 (/opt/ros/humble/share/ament_lint_auto/cmake)
[12.940s] -- Added test 'cppcheck' to perform static code analysis on C / C++ code
[12.941s] -- Configured cppcheck include dirs: $<BUILD_INTERFACE:/home/interstellar/face_detect/detect_ws/src/cpp_service/include>
[12.945s] -- Configured cppcheck exclude dirs and/or files: 
[12.951s] -- Added test 'lint_cmake' to check CMake code style
[12.969s] -- Added test 'uncrustify' to check C / C++ code style
[12.973s] -- Configured uncrustify additional arguments: 
[12.974s] -- Added test 'xmllint' to check XML markup files
[12.988s] -- Configuring done
[13.333s] -- Generating done
[13.348s] -- Build files have been written to: /home/interstellar/face_detect/detect_ws/build/cpp_service
[13.453s] Invoked command in '/home/interstellar/face_detect/detect_ws/build/cpp_service' returned '0': AMENT_PREFIX_PATH=/home/interstellar/face_detect/detect_ws/install/server_demo:${AMENT_PREFIX_PATH} CMAKE_PREFIX_PATH=/home/interstellar/face_detect/detect_ws/install/server_demo:/opt/ros/humble LD_LIBRARY_PATH=/home/interstellar/face_detect/detect_ws/install/server_demo/lib:${LD_LIBRARY_PATH} PYTHONPATH=/home/interstellar/face_detect/detect_ws/install/server_demo/local/lib/python3.10/dist-packages:${PYTHONPATH} /usr/bin/cmake /home/interstellar/face_detect/detect_ws/src/cpp_service -DCMAKE_INSTALL_PREFIX=/home/interstellar/face_detect/detect_ws/install/cpp_service
[13.466s] Invoking command in '/home/interstellar/face_detect/detect_ws/build/cpp_service': AMENT_PREFIX_PATH=/home/interstellar/face_detect/detect_ws/install/server_demo:${AMENT_PREFIX_PATH} CMAKE_PREFIX_PATH=/home/interstellar/face_detect/detect_ws/install/server_demo:/opt/ros/humble LD_LIBRARY_PATH=/home/interstellar/face_detect/detect_ws/install/server_demo/lib:${LD_LIBRARY_PATH} PYTHONPATH=/home/interstellar/face_detect/detect_ws/install/server_demo/local/lib/python3.10/dist-packages:${PYTHONPATH} /usr/bin/cmake --build /home/interstellar/face_detect/detect_ws/build/cpp_service -- -j4 -l4
[14.364s] [ 25%] [32mBuilding CXX object CMakeFiles/server_cpp.dir/src/server_cpp.cpp.o[0m
[58.725s] [ 50%] [32m[1mLinking CXX executable server_cpp[0m
[64.045s] [ 50%] Built target server_cpp
[64.368s] [ 75%] [32mBuilding CXX object CMakeFiles/client_cpp.dir/src/client_cpp.cpp.o[0m
[95.988s] [100%] [32m[1mLinking CXX executable client_cpp[0m
[100.167s] [100%] Built target client_cpp
[100.320s] Invoked command in '/home/interstellar/face_detect/detect_ws/build/cpp_service' returned '0': AMENT_PREFIX_PATH=/home/interstellar/face_detect/detect_ws/install/server_demo:${AMENT_PREFIX_PATH} CMAKE_PREFIX_PATH=/home/interstellar/face_detect/detect_ws/install/server_demo:/opt/ros/humble LD_LIBRARY_PATH=/home/interstellar/face_detect/detect_ws/install/server_demo/lib:${LD_LIBRARY_PATH} PYTHONPATH=/home/interstellar/face_detect/detect_ws/install/server_demo/local/lib/python3.10/dist-packages:${PYTHONPATH} /usr/bin/cmake --build /home/interstellar/face_detect/detect_ws/build/cpp_service -- -j4 -l4
[101.067s] Invoking command in '/home/interstellar/face_detect/detect_ws/build/cpp_service': AMENT_PREFIX_PATH=/home/interstellar/face_detect/detect_ws/install/server_demo:${AMENT_PREFIX_PATH} CMAKE_PREFIX_PATH=/home/interstellar/face_detect/detect_ws/install/server_demo:/opt/ros/humble LD_LIBRARY_PATH=/home/interstellar/face_detect/detect_ws/install/server_demo/lib:${LD_LIBRARY_PATH} PYTHONPATH=/home/interstellar/face_detect/detect_ws/install/server_demo/local/lib/python3.10/dist-packages:${PYTHONPATH} /usr/bin/cmake --install /home/interstellar/face_detect/detect_ws/build/cpp_service
[101.182s] -- Install configuration: ""
[101.186s] -- Installing: /home/interstellar/face_detect/detect_ws/install/cpp_service/lib/cpp_service/client_cpp
[101.217s] -- Set runtime path of "/home/interstellar/face_detect/detect_ws/install/cpp_service/lib/cpp_service/client_cpp" to ""
[101.223s] -- Installing: /home/interstellar/face_detect/detect_ws/install/cpp_service/lib/cpp_service/server_cpp
[101.253s] -- Set runtime path of "/home/interstellar/face_detect/detect_ws/install/cpp_service/lib/cpp_service/server_cpp" to ""
[101.256s] -- Installing: /home/interstellar/face_detect/detect_ws/install/cpp_service/share/ament_index/resource_index/package_run_dependencies/cpp_service
[101.260s] -- Installing: /home/interstellar/face_detect/detect_ws/install/cpp_service/share/ament_index/resource_index/parent_prefix_path/cpp_service
[101.261s] -- Installing: /home/interstellar/face_detect/detect_ws/install/cpp_service/share/cpp_service/environment/ament_prefix_path.sh
[101.263s] -- Installing: /home/interstellar/face_detect/detect_ws/install/cpp_service/share/cpp_service/environment/ament_prefix_path.dsv
[101.265s] -- Installing: /home/interstellar/face_detect/detect_ws/install/cpp_service/share/cpp_service/environment/path.sh
[101.267s] -- Installing: /home/interstellar/face_detect/detect_ws/install/cpp_service/share/cpp_service/environment/path.dsv
[101.271s] -- Installing: /home/interstellar/face_detect/detect_ws/install/cpp_service/share/cpp_service/local_setup.bash
[101.273s] -- Installing: /home/interstellar/face_detect/detect_ws/install/cpp_service/share/cpp_service/local_setup.sh
[101.277s] -- Installing: /home/interstellar/face_detect/detect_ws/install/cpp_service/share/cpp_service/local_setup.zsh
[101.279s] -- Installing: /home/interstellar/face_detect/detect_ws/install/cpp_service/share/cpp_service/local_setup.dsv
[101.280s] -- Installing: /home/interstellar/face_detect/detect_ws/install/cpp_service/share/cpp_service/package.dsv
[101.283s] -- Installing: /home/interstellar/face_detect/detect_ws/install/cpp_service/share/ament_index/resource_index/packages/cpp_service
[101.287s] -- Installing: /home/interstellar/face_detect/detect_ws/install/cpp_service/share/cpp_service/cmake/cpp_serviceConfig.cmake
[101.288s] -- Installing: /home/interstellar/face_detect/detect_ws/install/cpp_service/share/cpp_service/cmake/cpp_serviceConfig-version.cmake
[101.290s] -- Installing: /home/interstellar/face_detect/detect_ws/install/cpp_service/share/cpp_service/package.xml
[101.309s] Invoked command in '/home/interstellar/face_detect/detect_ws/build/cpp_service' returned '0': AMENT_PREFIX_PATH=/home/interstellar/face_detect/detect_ws/install/server_demo:${AMENT_PREFIX_PATH} CMAKE_PREFIX_PATH=/home/interstellar/face_detect/detect_ws/install/server_demo:/opt/ros/humble LD_LIBRARY_PATH=/home/interstellar/face_detect/detect_ws/install/server_demo/lib:${LD_LIBRARY_PATH} PYTHONPATH=/home/interstellar/face_detect/detect_ws/install/server_demo/local/lib/python3.10/dist-packages:${PYTHONPATH} /usr/bin/cmake --install /home/interstellar/face_detect/detect_ws/build/cpp_service
